Log file open, 06/14/20 15:43:49
LogWindows: Failed to load 'aqProf.dll' (GetLastError=126)
LogWindows: File 'aqProf.dll' does not exist
LogWindows: Failed to load 'VSPerf140.dll' (GetLastError=126)
LogWindows: File 'VSPerf140.dll' does not exist
LogWindows: Failed to load 'VtuneApi.dll' (GetLastError=126)
LogWindows: File 'VtuneApi.dll' does not exist
LogWindows: Failed to load 'VtuneApi32e.dll' (GetLastError=126)
LogWindows: File 'VtuneApi32e.dll' does not exist
LogInit: Display: Running engine for game: MMakuszewska_BallRun
LogPlatformFile: Not using cached read wrapper
LogTaskGraph: Started task graph with 5 named threads and 23 total threads with 3 sets of task threads.
LogStats: Stats thread started at 0.409236
LogD3D11RHI: Loaded GFSDK_Aftermath_Lib.x64.dll
LogICUInternationalization: Display: ICU TimeZone Detection - Raw Offset: +1:00, Platform Override: ''
LogPluginManager: Mounting plugin Paper2D
LogPluginManager: Mounting plugin AISupport
LogPluginManager: Mounting plugin LightPropagationVolume
LogPluginManager: Mounting plugin CLionSourceCodeAccess
LogPluginManager: Mounting plugin CodeLiteSourceCodeAccess
LogPluginManager: Mounting plugin GitSourceControl
LogPluginManager: Mounting plugin KDevelopSourceCodeAccess
LogPluginManager: Mounting plugin NullSourceCodeAccess
LogPluginManager: Mounting plugin PerforceSourceControl
LogPluginManager: Mounting plugin SubversionSourceControl
LogPluginManager: Mounting plugin UObjectPlugin
LogPluginManager: Mounting plugin VisualStudioCodeSourceCodeAccess
LogPluginManager: Mounting plugin VisualStudioSourceCodeAccess
LogPluginManager: Mounting plugin XCodeSourceCodeAccess
LogPluginManager: Mounting plugin AssetManagerEditor
LogPluginManager: Mounting plugin CryptoKeys
LogPluginManager: Mounting plugin DataValidation
LogPluginManager: Mounting plugin FacialAnimation
LogPluginManager: Mounting plugin GameplayTagsEditor
LogPluginManager: Mounting plugin MacGraphicsSwitching
LogPluginManager: Mounting plugin MeshEditor
LogPluginManager: Mounting plugin MobileLauncherProfileWizard
LogPluginManager: Mounting plugin PluginBrowser
LogPluginManager: Mounting plugin SpeedTreeImporter
LogPluginManager: Mounting plugin DatasmithContent
LogPluginManager: Mounting plugin AlembicImporter
LogPluginManager: Mounting plugin AppleImageUtils
LogPluginManager: Mounting plugin AppleVision
LogPluginManager: Mounting plugin BackChannel
LogPluginManager: Mounting plugin CharacterAI
LogPluginManager: Mounting plugin GeometryCache
LogPluginManager: Mounting plugin HTML5Networking
LogPluginManager: Mounting plugin ProxyLODPlugin
LogPluginManager: Mounting plugin MagicLeap
LogPluginManager: Mounting plugin MagicLeapEmulator
LogPluginManager: Mounting plugin MagicLeapMedia
LogPluginManager: Mounting plugin AndroidMedia
LogPluginManager: Mounting plugin AvfMedia
LogPluginManager: Mounting plugin ImgMedia
LogPluginManager: Mounting plugin LinearTimecode
LogPluginManager: Mounting plugin MediaCompositing
LogPluginManager: Mounting plugin MediaPlayerEditor
LogPluginManager: Mounting plugin WmfMedia
LogPluginManager: Mounting plugin TcpMessaging
LogPluginManager: Mounting plugin UdpMessaging
LogPluginManager: Mounting plugin ActorSequence
LogPluginManager: Mounting plugin LevelSequenceEditor
LogPluginManager: Mounting plugin MatineeToLevelSequence
LogPluginManager: Mounting plugin NetcodeUnitTest
LogPluginManager: Mounting plugin NUTUnrealEngine4
LogPluginManager: Mounting plugin OnlineSubsystemGooglePlay
LogPluginManager: Mounting plugin OnlineSubsystemIOS
LogPluginManager: Mounting plugin OnlineSubsystem
LogPluginManager: Mounting plugin OnlineSubsystemNull
LogPluginManager: Mounting plugin OnlineSubsystemUtils
LogPluginManager: Mounting plugin LauncherChunkInstaller
LogPluginManager: Mounting plugin AndroidDeviceProfileSelector
LogPluginManager: Mounting plugin AndroidMoviePlayer
LogPluginManager: Mounting plugin AndroidPermission
LogPluginManager: Mounting plugin AppleMoviePlayer
LogPluginManager: Mounting plugin ArchVisCharacter
LogPluginManager: Mounting plugin AudioCapture
LogPluginManager: Mounting plugin CableComponent
LogPluginManager: Mounting plugin CustomMeshComponent
LogPluginManager: Mounting plugin EditableMesh
LogPluginManager: Mounting plugin ExampleDeviceProfileSelector
LogPluginManager: Mounting plugin GoogleCloudMessaging
LogPluginManager: Mounting plugin ImmediatePhysics
LogPluginManager: Mounting plugin IOSDeviceProfileSelector
LogPluginManager: Mounting plugin LinuxDeviceProfileSelector
LogPluginManager: Mounting plugin LocationServicesBPLibrary
LogPluginManager: Mounting plugin MobilePatchingUtils
LogPluginManager: Mounting plugin OculusVR
LogPluginManager: Plugin shader directory ../../../Engine/Plugins/Runtime/Oculus/OculusVR/Shaders found
LogPluginManager: Mapping shader source directory ../../../Engine/Plugins/Runtime/Oculus/OculusVR/Shaders to virtual directory /Plugin/OculusVR
LogPluginManager: Mounting plugin PhysXVehicles
LogPluginManager: Mounting plugin ProceduralMeshComponent
LogPluginManager: Mounting plugin RuntimePhysXCooking
LogPluginManager: Mounting plugin SteamVR
LogPluginManager: Mounting plugin WindowsMoviePlayer
LogStreaming: Display: Took  0.156s to configure plugins.
LogInit: Using libcurl 7.55.1-DEV
LogInit:  - built for x86_64-pc-win32
LogInit:  - supports SSL with OpenSSL/1.0.2h
LogInit:  - supports HTTP deflate (compression) using libz 1.2.8
LogInit:  - other features:
LogInit:      CURL_VERSION_SSL
LogInit:      CURL_VERSION_LIBZ
LogInit:      CURL_VERSION_IPV6
LogInit:      CURL_VERSION_ASYNCHDNS
LogInit:      CURL_VERSION_LARGEFILE
LogInit:      CURL_VERSION_IDN
LogInit:  CurlRequestOptions (configurable via config and command line):
LogInit:  - bVerifyPeer = false  - Libcurl will NOT verify peer certificate
LogInit:  - bUseHttpProxy = false  - Libcurl will NOT use HTTP proxy
LogInit:  - bDontReuseConnections = false  - Libcurl will reuse connections
LogInit:  - CertBundlePath = nullptr  - Libcurl will use whatever was configured at build time.
LogInit:  - MaxHostConnections = 16  - Libcurl will limit the number of connections to a host
LogInit:  - LocalHostAddr = Default
LogInit:  - BufferSize = 65536
LogInit: WinSock: version 1.1 (2.2), MaxSocks=32767, MaxUdp=65467
LogInit: Build: ++UE4+Release-4.20-CL-4369336
LogInit: Engine Version: 4.20.3-4369336+++UE4+Release-4.20
LogInit: Compatible Engine Version: 4.20.0-4212847+++UE4+Release-4.20
LogInit: Net CL: 4212847
LogInit: OS: Windows 10 (), CPU: Intel(R) Core(TM) i7-7700HQ CPU @ 2.80GHz, GPU: NVIDIA GeForce GTX 1060
LogInit: Compiled (64-bit): Sep 17 2018 12:26:19
LogInit: Compiled with Visual C++: 19.13.26129.00
LogInit: Build Configuration: Development
LogInit: Branch Name: ++UE4+Release-4.20
LogInit: Command Line:  
LogInit: Base Directory: F:/Software/Uneal Engine 4/UE_4.20/Engine/Binaries/Win64/
LogInit: Installed Engine Build: 1
LogDevObjectVersion: Number of dev versions registered: 20
LogDevObjectVersion:   Dev-Blueprints (B0D832E4-1F89-4F0D-ACCF-7EB736FD4AA2): 10
LogDevObjectVersion:   Dev-Build (E1C64328-A22C-4D53-A36C-8E866417BD8C): 0
LogDevObjectVersion:   Dev-Core (375EC13C-06E4-48FB-B500-84F0262A717E): 2
LogDevObjectVersion:   Dev-Editor (E4B068ED-F494-42E9-A231-DA0B2E46BB41): 24
LogDevObjectVersion:   Dev-Framework (CFFC743F-43B0-4480-9391-14DF171D2073): 34
LogDevObjectVersion:   Dev-Mobile (B02B49B5-BB20-44E9-A304-32B752E40360): 2
LogDevObjectVersion:   Dev-Networking (A4E4105C-59A1-49B5-A7C5-40C4547EDFEE): 0
LogDevObjectVersion:   Dev-Online (39C831C9-5AE6-47DC-9A44-9C173E1C8E7C): 0
LogDevObjectVersion:   Dev-Physics (78F01B33-EBEA-4F98-B9B4-84EACCB95AA2): 0
LogDevObjectVersion:   Dev-Platform (6631380F-2D4D-43E0-8009-CF276956A95A): 0
LogDevObjectVersion:   Dev-Rendering (12F88B9F-8875-4AFC-A67C-D90C383ABD29): 26
LogDevObjectVersion:   Dev-Sequencer (7B5AE74C-D270-4C10-A958-57980B212A5A): 9
LogDevObjectVersion:   Dev-VR (D7296918-1DD6-4BDD-9DE2-64A83CC13884): 2
LogDevObjectVersion:   Dev-LoadTimes (C2A15278-BFE7-4AFE-6C17-90FF531DF755): 1
LogDevObjectVersion:   Private-Geometry (6EACA3D4-40EC-4CC1-B786-8BED09428FC5): 3
LogDevObjectVersion:   Dev-AnimPhys (29E575DD-E0A3-4627-9D10-D276232CDCEA): 17
LogDevObjectVersion:   Dev-ReflectionCapture (6B266CEC-1EC7-4B8F-A30B-E4D90942FC07): 1
LogDevObjectVersion:   Dev-Automation (0DF73D61-A23F-47EA-B727-89E90C41499A): 1
LogDevObjectVersion:   FortniteMain (601D1886-AC64-4F84-AA16-D3DE0DEAC7D6): 12
LogDevObjectVersion:   Dev-Enterprise (9DFFBCD6-494F-0158-E221-12823C92A888): 1
LogStreaming: Display: Took  0.001s to delete old logs.
LogInit: Presizing for max 8388607 objects, including 0 objects not considered by GC, pre-allocating 0 bytes for permanent pool.
LogInit: Object subsystem initialized
[2020.06.14-13.43.49:688][  0]LogInit: Selected Device Profile: [Windows]
[2020.06.14-13.43.49:688][  0]LogInit: Applying CVar settings loaded from the selected device profile: [Windows]
[2020.06.14-13.43.49:707][  0]LogHAL: Display: Platform has ~ 16 GB [17133694976 / 17179869184 / 16], which maps to Larger [LargestMinGB=32, LargerMinGB=12, DefaultMinGB=8, SmallerMinGB=6, SmallestMinGB=0)
[2020.06.14-13.43.49:707][  0]LogInit: Setting Device Profile CVar: [[r.Vulkan.UseRealUBs:1]]
[2020.06.14-13.43.49:708][  0]LogInit: Going up to parent DeviceProfile []
[2020.06.14-13.43.49:708][  0]LogInit: Computer: SHEPARD
[2020.06.14-13.43.49:708][  0]LogInit: User: imfen
[2020.06.14-13.43.49:708][  0]LogInit: CPU Page size=4096, Cores=4
[2020.06.14-13.43.49:708][  0]LogInit: High frequency timer resolution =10.000000 MHz
[2020.06.14-13.43.49:709][  0]LogMemory: Memory total: Physical=16.0GB (16GB approx)
[2020.06.14-13.43.49:709][  0]LogMemory: Platform Memory Stats for Windows
[2020.06.14-13.43.49:709][  0]LogMemory: Process Physical Memory: 103.57 MB used, 103.57 MB peak
[2020.06.14-13.43.49:709][  0]LogMemory: Process Virtual Memory: 91.16 MB used, 91.16 MB peak
[2020.06.14-13.43.49:709][  0]LogMemory: Physical Memory: 5302.92 MB used,  11037.04 MB free, 16339.96 MB total
[2020.06.14-13.43.49:709][  0]LogMemory: Virtual Memory: 4629.03 MB used,  11037.04 MB free, 134217728.00 MB total
[2020.06.14-13.43.49:739][  0]LogInit: Using OS detected language (pl-PL).
[2020.06.14-13.43.49:739][  0]LogInit: Using OS detected locale (pl-PL).
[2020.06.14-13.43.49:739][  0]LogTextLocalizationManager: No specific localization for 'pl-PL' exists, so the 'pl' localization will be used.
[2020.06.14-13.43.49:741][  0]LogStreaming: Display: Took  0.002s to InitEngineTextLocalization.
[2020.06.14-13.43.49:742][  0]LogInit: Setting process to per monitor DPI aware
[2020.06.14-13.43.49:785][  0]LogSlate: New Slate User Created.  User Index 0, Is Virtual User: 0
[2020.06.14-13.43.49:785][  0]LogSlate: Slate User Registered.  User Index 0, Is Virtual User: 0
[2020.06.14-13.43.50:005][  0]LogHMD: Failed to initialize OpenVR with code 110
[2020.06.14-13.43.50:005][  0]LogD3D11RHI: D3D11 adapters:
[2020.06.14-13.43.50:093][  0]LogD3D11RHI:    0. 'NVIDIA GeForce GTX 1060' (Feature Level 11_0)
[2020.06.14-13.43.50:093][  0]LogD3D11RHI:       6052/0/8169 MB DedicatedVideo/DedicatedSystem/SharedSystem, Outputs:1, VendorId:0x10de
[2020.06.14-13.43.50:096][  0]LogD3D11RHI:    1. 'Microsoft Basic Render Driver' (Feature Level 11_0)
[2020.06.14-13.43.50:096][  0]LogD3D11RHI:       0/0/8169 MB DedicatedVideo/DedicatedSystem/SharedSystem, Outputs:0, VendorId:0x1414
[2020.06.14-13.43.50:096][  0]LogD3D11RHI: Chosen D3D11 Adapter: 0
[2020.06.14-13.43.50:103][  0]LogD3D11RHI: Creating new Direct3DDevice
[2020.06.14-13.43.50:103][  0]LogD3D11RHI:     GPU DeviceId: 0x1c20 (for the marketing name, search the web for "GPU Device Id")
[2020.06.14-13.43.50:103][  0]LogWindows: EnumDisplayDevices:
[2020.06.14-13.43.50:103][  0]LogWindows:    0. 'NVIDIA GeForce GTX 1060' (P:1 D:1)
[2020.06.14-13.43.50:103][  0]LogWindows:    1. 'NVIDIA GeForce GTX 1060' (P:0 D:0)
[2020.06.14-13.43.50:103][  0]LogWindows:    2. 'NVIDIA GeForce GTX 1060' (P:0 D:0)
[2020.06.14-13.43.50:104][  0]LogWindows:    3. 'NVIDIA GeForce GTX 1060' (P:0 D:0)
[2020.06.14-13.43.50:104][  0]LogWindows: DebugString: FoundDriverCount:4 
[2020.06.14-13.43.50:104][  0]LogD3D11RHI:     Adapter Name: NVIDIA GeForce GTX 1060
[2020.06.14-13.43.50:104][  0]LogD3D11RHI:   Driver Version: 442.94 (internal:26.21.14.4294, unified:442.94)
[2020.06.14-13.43.50:104][  0]LogD3D11RHI:      Driver Date: 4-8-2020
[2020.06.14-13.43.50:104][  0]LogRHI: Texture pool is 4236 MB (70% of 6052 MB)
[2020.06.14-13.43.50:158][  0]LogD3D11RHI: Async texture creation enabled
[2020.06.14-13.43.50:170][  0]LogD3D11RHI: GPU Timing Frequency: 1000.000000 (Debug: 2 1)
[2020.06.14-13.43.50:172][  0]LogShaderCompilers: Guid format shader working directory is -24 characters bigger than the processId version (C:/Users/imfen/Documents/GitHub/BallRunnerUnreal/MMakuszewska_BallRun/Intermediate/Shaders/WorkingDirectory/12436/).
[2020.06.14-13.43.50:172][  0]LogShaderCompilers: Cleaned the shader compiler working directory 'C:/Users/imfen/AppData/Local/Temp/UnrealShaderWorkingDir/34C1E5CD41961ECBDF5ECF92366D520E/'.
[2020.06.14-13.43.50:519][  0]LogTemp: Display: Loaded TP AllDesktopTargetPlatform
[2020.06.14-13.43.50:532][  0]LogTemp: Display: Loaded TP MacClientTargetPlatform
[2020.06.14-13.43.50:546][  0]LogTemp: Display: Loaded TP MacNoEditorTargetPlatform
[2020.06.14-13.43.50:560][  0]LogTemp: Display: Loaded TP MacServerTargetPlatform
[2020.06.14-13.43.50:573][  0]LogTemp: Display: Loaded TP MacTargetPlatform
[2020.06.14-13.43.50:587][  0]LogTemp: Display: Loaded TP WindowsClientTargetPlatform
[2020.06.14-13.43.50:601][  0]LogTemp: Display: Loaded TP WindowsNoEditorTargetPlatform
[2020.06.14-13.43.50:613][  0]LogTemp: Display: Loaded TP WindowsServerTargetPlatform
[2020.06.14-13.43.50:620][  0]LogTemp: Display: Loaded TP WindowsTargetPlatform
[2020.06.14-13.43.50:706][  0]LogTemp: Display: Loaded TP AndroidTargetPlatform
[2020.06.14-13.43.50:706][  0]LogTemp: Display: Loaded TP AndroidTargetPlatform
[2020.06.14-13.43.50:706][  0]LogTemp: Display: Loaded TP AndroidTargetPlatform
[2020.06.14-13.43.50:706][  0]LogTemp: Display: Loaded TP AndroidTargetPlatform
[2020.06.14-13.43.50:706][  0]LogTemp: Display: Loaded TP AndroidTargetPlatform
[2020.06.14-13.43.50:706][  0]LogTemp: Display: Loaded TP AndroidTargetPlatform
[2020.06.14-13.43.50:706][  0]LogTemp: Display: Loaded TP AndroidTargetPlatform
[2020.06.14-13.43.50:706][  0]LogTemp: Display: Loaded TP AndroidTargetPlatform
[2020.06.14-13.43.50:706][  0]LogTemp: Display: Loaded TP AndroidTargetPlatform
[2020.06.14-13.43.50:706][  0]LogTemp: Display: Loaded TP AndroidTargetPlatform
[2020.06.14-13.43.50:706][  0]LogTemp: Display: Loaded TP AndroidTargetPlatform
[2020.06.14-13.43.50:706][  0]LogTemp: Display: Loaded TP AndroidTargetPlatform
[2020.06.14-13.43.50:706][  0]LogTemp: Display: Loaded TP AndroidTargetPlatform
[2020.06.14-13.43.50:706][  0]LogTemp: Display: Loaded TP AndroidTargetPlatform
[2020.06.14-13.43.50:706][  0]LogTemp: Display: Loaded TP AndroidTargetPlatform
[2020.06.14-13.43.50:706][  0]LogTemp: Display: Loaded TP AndroidTargetPlatform
[2020.06.14-13.43.50:706][  0]LogTemp: Display: Loaded TP AndroidTargetPlatform
[2020.06.14-13.43.50:706][  0]LogTemp: Display: Loaded TP AndroidTargetPlatform
[2020.06.14-13.43.50:708][  0]LogTemp: Display: Loaded TP HTML5TargetPlatform
[2020.06.14-13.43.50:769][  0]LogTemp: Display: Loaded TP IOSTargetPlatform
[2020.06.14-13.43.50:769][  0]LogTemp: Display: Loaded TP IOSTargetPlatform
[2020.06.14-13.43.50:809][  0]LogTemp: Display: Loaded TP TVOSTargetPlatform
[2020.06.14-13.43.50:809][  0]LogTemp: Display: Loaded TP TVOSTargetPlatform
[2020.06.14-13.43.50:824][  0]LogTemp: Display: Loaded TP LinuxClientTargetPlatform
[2020.06.14-13.43.50:837][  0]LogTemp: Display: Loaded TP LinuxNoEditorTargetPlatform
[2020.06.14-13.43.50:849][  0]LogTemp: Display: Loaded TP LinuxServerTargetPlatform
[2020.06.14-13.43.50:875][  0]LogTemp: Display: Loaded TP LinuxTargetPlatform
[2020.06.14-13.43.50:895][  0]LogTemp: Display: Loaded TP LuminTargetPlatform
[2020.06.14-13.43.50:895][  0]LogTargetPlatformManager: Display: Building Assets For Windows
[2020.06.14-13.43.50:954][  0]LogXGEController: Cleaning working directory: C:/Users/imfen/AppData/Local/Temp/UnrealXGEWorkingDir/
[2020.06.14-13.43.50:954][  0]LogXGEController: Cannot use XGE Controller as Incredibuild is not installed on this machine.
[2020.06.14-13.43.50:955][  0]LogShaderCompilers: Cannot use XGE Shader Compiler as Incredibuild is not installed on this machine.
[2020.06.14-13.43.50:955][  0]LogShaderCompilers: Display: Using Local Shader Compiler.
[2020.06.14-13.43.51:758][  0]LogDerivedDataCache: Display: Max Cache Size: 512 MB
[2020.06.14-13.43.51:812][  0]LogDerivedDataCache: Loaded boot cache 0.05s 71MB C:/Users/imfen/AppData/Local/UnrealEngine/4.20/DerivedDataCache/Boot.ddc.
[2020.06.14-13.43.51:813][  0]LogDerivedDataCache: Display: Loaded Boot cache: C:/Users/imfen/AppData/Local/UnrealEngine/4.20/DerivedDataCache/Boot.ddc
[2020.06.14-13.43.51:813][  0]LogDerivedDataCache: FDerivedDataBackendGraph:  Pak pak cache file C:/Users/imfen/Documents/GitHub/BallRunnerUnreal/MMakuszewska_BallRun/DerivedDataCache/DDC.ddp not found, will not use a pak cache.
[2020.06.14-13.43.51:813][  0]LogDerivedDataCache: Unable to find inner node Pak for hierarchical cache Hierarchy.
[2020.06.14-13.43.51:813][  0]LogDerivedDataCache: FDerivedDataBackendGraph:  CompressedPak pak cache file C:/Users/imfen/Documents/GitHub/BallRunnerUnreal/MMakuszewska_BallRun/DerivedDataCache/Compressed.ddp not found, will not use a pak cache.
[2020.06.14-13.43.51:813][  0]LogDerivedDataCache: Unable to find inner node CompressedPak for hierarchical cache Hierarchy.
[2020.06.14-13.43.51:829][  0]LogDerivedDataCache: Display: Pak cache opened for reading ../../../Engine/DerivedDataCache/Compressed.ddp.
[2020.06.14-13.43.51:842][  0]LogDerivedDataCache: Using Local data cache path C:/Users/imfen/AppData/Local/UnrealEngine/Common/DerivedDataCache: Writable
[2020.06.14-13.43.51:842][  0]LogDerivedDataCache: Shared data cache path not found in *engine.ini, will not use an Shared cache.
[2020.06.14-13.43.51:842][  0]LogDerivedDataCache: Unable to find inner node Shared for hierarchical cache Hierarchy.
[2020.06.14-13.43.51:864][  0]LogMaterial: Verifying Global Shaders for PCD3D_SM5
[2020.06.14-13.43.51:866][  0]LogSlate: Using FreeType 2.6.0
[2020.06.14-13.43.51:870][  0]LogSlate: SlateFontServices - WITH_FREETYPE: 1, WITH_HARFBUZZ: 1
[2020.06.14-13.43.51:947][  0]LogAssetRegistry: FAssetRegistry took 0.0274 seconds to start up
[2020.06.14-13.43.52:282][  0]LogInit: Selected Device Profile: [Windows]
[2020.06.14-13.43.52:444][  0]LogSimplygon: Simplygon DLL not present - disabling.
[2020.06.14-13.43.52:459][  0]LogMeshReduction: Using SimplygonSwarm for distributed automatic mesh merging
[2020.06.14-13.43.52:459][  0]LogMeshReduction: Using ProxyLODMeshReduction for automatic mesh merging
[2020.06.14-13.43.52:459][  0]LogMeshReduction: Using QuadricMeshReduction for automatic static mesh reduction
[2020.06.14-13.43.52:459][  0]LogMeshReduction: No automatic skeletal mesh reduction module available
[2020.06.14-13.43.52:474][  0]LogNetVersion: MMakuszewska_BallRun 1.0.0, NetCL: 4212847, EngineNetVer: 5, GameNetVer: 0 (Checksum: 2273041059)
[2020.06.14-13.43.52:997][  0]LogPackageLocalizationCache: Processed 11 localized package path(s) for 2 prioritized culture(s) in 0.099578 seconds
[2020.06.14-13.43.53:003][  0]LogUObjectArray: 38425 objects as part of root set at end of initial load.
[2020.06.14-13.43.53:003][  0]LogUObjectAllocator: 6690864 out of 0 bytes used by permanent object pool.
[2020.06.14-13.43.53:003][  0]LogUObjectArray: CloseDisregardForGC: 0/0 objects in disregard for GC pool
[2020.06.14-13.43.53:964][  0]LogTcpMessaging: Initializing TcpMessaging bridge
[2020.06.14-13.43.53:977][  0]LogUdpMessaging: Initializing bridge on interface 0.0.0.0:0 to multicast group 230.0.0.1:6666.
[2020.06.14-13.43.54:159][  0]SourceControl: Source control is disabled
[2020.06.14-13.43.54:159][  0]SourceControl: Source control is disabled
[2020.06.14-13.43.54:161][  0]SourceControl: Source control is disabled
[2020.06.14-13.43.54:161][  0]SourceControl: Source control is disabled
[2020.06.14-13.43.54:357][  0]LogAndroidPermission: UAndroidPermissionCallbackProxy::GetInstance
[2020.06.14-13.43.54:429][  0]LogOcInput: OculusInput pre-init called
[2020.06.14-13.43.54:491][  0]LogEngine: Initializing Engine...
[2020.06.14-13.43.54:492][  0]LogHMD: Failed to initialize OpenVR with code 110
[2020.06.14-13.43.54:493][  0]LogStats: UGameplayTagsManager::ConstructGameplayTagTree: ImportINI prefixes -  0.000 s
[2020.06.14-13.43.54:493][  0]LogStats: UGameplayTagsManager::ConstructGameplayTagTree: Construct from data asset -  0.000 s
[2020.06.14-13.43.54:493][  0]LogStats: UGameplayTagsManager::ConstructGameplayTagTree: ImportINI -  0.000 s
[2020.06.14-13.43.54:493][  0]LogStats: UGameplayTagsManager::ConstructGameplayTagTree: GameplayTagTreeChangedEvent.Broadcast -  0.000 s
[2020.06.14-13.43.54:733][  0]LogInit: Initializing FReadOnlyCVARCache
[2020.06.14-13.43.54:757][  0]LogAIModule: Creating AISystem for world Untitled
[2020.06.14-13.43.54:764][  0]LogInit: XAudio2 using 'Głośniki (Realtek High Definition Audio)' : 2 channels at 48 kHz using 32 bits per sample (channel mask 0x3)
[2020.06.14-13.43.54:872][  0]LogInit: FAudioDevice initialized.
[2020.06.14-13.43.54:872][  0]LogNetVersion: Set ProjectVersion to 1.0.0.0. Version Checksum will be recalculated on next use.
[2020.06.14-13.43.54:991][  0]LogDerivedDataCache: Saved boot cache 0.12s 71MB C:/Users/imfen/AppData/Local/UnrealEngine/4.20/DerivedDataCache/Boot.ddc.
[2020.06.14-13.43.54:996][  0]LogInit: Texture streaming: Enabled
[2020.06.14-13.43.55:016][  0]LogEngineSessionManager: EngineSessionManager initialized
[2020.06.14-13.43.55:028][  0]LogInit: Transaction tracking system initialized
[2020.06.14-13.43.55:046][  0]BlueprintLog: New page: Editor Load
[2020.06.14-13.43.55:139][  0]LocalizationService: Localization service is disabled
[2020.06.14-13.43.55:387][  0]LogCook: Display: Max memory allowance for cook 16384mb min free memory 0mb
[2020.06.14-13.43.55:387][  0]LogCook: Display: Mobile HDR setting 1
[2020.06.14-13.43.55:387][  0]LogGameplayTags: Display: UGameplayTagsManager::DoneAddingNativeTags. DelegateIsBound: 0
[2020.06.14-13.43.55:387][  0]LogStats: UGameplayTagsManager::ConstructGameplayTagTree: ImportINI prefixes -  0.000 s
[2020.06.14-13.43.55:387][  0]LogStats: UGameplayTagsManager::ConstructGameplayTagTree: Construct from data asset -  0.000 s
[2020.06.14-13.43.55:387][  0]LogStats: UGameplayTagsManager::ConstructGameplayTagTree: ImportINI -  0.000 s
[2020.06.14-13.43.55:387][  0]LogStats: UGameplayTagsManager::ConstructGameplayTagTree: GameplayTagTreeChangedEvent.Broadcast -  0.000 s
[2020.06.14-13.43.55:513][  0]LogFileCache: Scanning file cache for directory 'C:/Users/imfen/Documents/GitHub/BallRunnerUnreal/MMakuszewska_BallRun/Content/' took 0.02s
[2020.06.14-13.43.55:513][  0]SourceControl: Source control is disabled
[2020.06.14-13.43.55:513][  0]Cmd: MAP LOAD FILE="C:/Users/imfen/Documents/GitHub/BallRunnerUnreal/MMakuszewska_BallRun/Content/Levels/MainLevel.umap" TEMPLATE=0 SHOWPROGRESS=1 FEATURELEVEL=3
[2020.06.14-13.43.55:513][  0]LightingResults: New page: Lighting Build
[2020.06.14-13.43.55:516][  0]MapCheck: New page: Map Check
[2020.06.14-13.43.55:516][  0]LightingResults: New page: Lighting Build
[2020.06.14-13.43.55:820][  0]LogAIModule: Creating AISystem for world MainLevel
[2020.06.14-13.43.55:864][  0]LogEditorServer: Finished looking for orphan Actors (0.000 secs)
[2020.06.14-13.43.55:885][  0]Cmd: MAP CHECKDEP NOCLEARLOG
[2020.06.14-13.43.55:946][  0]MapCheck: Map check complete: 0 Error(s), 0 Warning(s), took 60,601ms to complete.
[2020.06.14-13.43.55:946][  0]LogFileHelpers: Loading map 'MainLevel' took 0.433
[2020.06.14-13.43.56:065][  0]LogSlate: Updating window title bar state: overlay mode, drag disabled, window buttons hidden, title bar hidden
[2020.06.14-13.43.56:073][  0]LogSlate: Updating window title bar state: overlay mode, drag disabled, window buttons hidden, title bar hidden
[2020.06.14-13.43.56:081][  0]LogSlate: Updating window title bar state: overlay mode, drag disabled, window buttons hidden, title bar hidden
[2020.06.14-13.43.56:089][  0]LogSlate: Updating window title bar state: overlay mode, drag disabled, window buttons hidden, title bar hidden
[2020.06.14-13.43.56:094][  0]LogCollectionManager: Loaded 0 collections in 0.000840 seconds
[2020.06.14-13.43.56:134][  0]LogFileCache: Scanning file cache for directory 'C:/Users/imfen/Documents/GitHub/BallRunnerUnreal/MMakuszewska_BallRun/Saved/Collections/' took 0.01s
[2020.06.14-13.43.56:134][  0]LogFileCache: Scanning file cache for directory 'C:/Users/imfen/Documents/GitHub/BallRunnerUnreal/MMakuszewska_BallRun/Content/Developers/imfen/Collections/' took 0.01s
[2020.06.14-13.43.56:134][  0]LogFileCache: Scanning file cache for directory 'C:/Users/imfen/Documents/GitHub/BallRunnerUnreal/MMakuszewska_BallRun/Content/Collections/' took 0.01s
[2020.06.14-13.43.56:134][  0]LogCollectionManager: Rebuilt the GUID cache for 0 collections in 0.000000 seconds
[2020.06.14-13.43.56:144][  0]LogContentBrowser: Native class hierarchy populated in 0.0095 seconds. Added 2572 classes and 603 folders.
[2020.06.14-13.43.56:149][  0]LogContentBrowser: Native class hierarchy updated for 'WidgetCarousel' in 0.0002 seconds. Added 0 classes and 0 folders.
[2020.06.14-13.43.56:193][  0]LogContentBrowser: Native class hierarchy updated for 'AddContentDialog' in 0.0003 seconds. Added 0 classes and 0 folders.
[2020.06.14-13.43.56:197][  0]LogContentBrowser: Native class hierarchy updated for 'SceneOutliner' in 0.0002 seconds. Added 1 classes and 2 folders.
[2020.06.14-13.43.56:286][  0]LogSlate: Took 0.000280 seconds to synchronously load lazily loaded font '../../../Engine/Content/Slate/Fonts/Roboto-Regular.ttf' (155K)
[2020.06.14-13.43.56:288][  0]LogSlate: Took 0.000210 seconds to synchronously load lazily loaded font '../../../Engine/Content/Slate/Fonts/Roboto-Bold.ttf' (160K)
[2020.06.14-13.43.56:292][  0]LogSlate: Took 0.000168 seconds to synchronously load lazily loaded font '../../../Engine/Content/Editor/Slate/Fonts/FontAwesome.ttf' (139K)
[2020.06.14-13.43.56:368][  0]LogRenderer: Reallocating scene render targets to support 772x436 Format 10 NumSamples 1 (Frame:1).
[2020.06.14-13.43.56:419][  0]LogSlate: Took 0.000209 seconds to synchronously load lazily loaded font '../../../Engine/Content/Slate/Fonts/Roboto-Light.ttf' (167K)
[2020.06.14-13.43.56:495][  0]LogContentBrowser: Native class hierarchy updated for 'HierarchicalLODOutliner' in 0.0003 seconds. Added 0 classes and 0 folders.
[2020.06.14-13.43.56:495][  0]LogLoad: (Engine Initialization) Total time: 8.66 seconds
[2020.06.14-13.43.56:495][  0]LogLoad: (Engine Initialization) Total Blueprint compile time: 0.00 seconds
[2020.06.14-13.43.56:542][  0]LogContentStreaming: Texture pool size now 1000 MB
[2020.06.14-13.43.56:601][  1]LogAssetRegistry: Asset discovery search completed in 4.6762 seconds
[2020.06.14-13.43.56:603][  1]LogCollectionManager: Rebuilt the object cache for 0 collections in 0.000000 seconds (found 0 objects)
[2020.06.14-13.43.56:603][  1]LogCollectionManager: Fixed up redirectors for 0 collections in 0.000105 seconds (updated 0 objects)
[2020.06.14-13.44.06:723][494]LogSlate: FSceneViewport::OnFocusLost() reason 0
[2020.06.14-13.44.35:041][171]LogEditorViewport: Clicking on Actor (CTRL LMB): BP_Reset_C (BP_Reset8)
[2020.06.14-13.44.35:711][210]LogEditorViewport: Clicking on Actor (CTRL LMB): BP_Reset_C (BP_Reset7)
[2020.06.14-13.44.36:596][262]LogEditorViewport: Clicking on Actor (CTRL LMB): BP_Reset_C (BP_Reset6)
[2020.06.14-13.44.37:179][296]LogEditorViewport: Clicking on Actor (CTRL LMB): BP_Reset_C (BP_Reset5)
[2020.06.14-13.44.37:882][337]LogEditorViewport: Clicking on Actor (CTRL LMB): BP_Reset_C (BP_Reset4)
[2020.06.14-13.44.50:753][100]LogSlate: FSceneViewport::OnFocusLost() reason 0
[2020.06.14-13.44.50:802][103]LogTemp: Repeating last play command: Selected Viewport
[2020.06.14-13.44.50:813][103]LogPlayLevel: PlayLevel: No blueprints needed recompiling
[2020.06.14-13.44.51:394][103]PIE: New page: PIE session: MainLevel (14 cze 2020, 17:44:50)
[2020.06.14-13.44.51:394][103]LogPlayLevel: Creating play world package: /Game/Levels/UEDPIE_0_MainLevel
[2020.06.14-13.44.51:420][103]LogPlayLevel: PIE: StaticDuplicateObject took: (0.025871s)
[2020.06.14-13.44.51:422][103]LogAIModule: Creating AISystem for world MainLevel
[2020.06.14-13.44.51:422][103]LogPlayLevel: PIE: World Init took: (0.002077s)
[2020.06.14-13.44.51:423][103]LogPlayLevel: PIE: Created PIE world by copying editor world from /Game/Levels/MainLevel.MainLevel to /Game/Levels/UEDPIE_0_MainLevel.MainLevel (0.028394s)
[2020.06.14-13.44.51:468][103]LogInit: XAudio2 using 'Głośniki (Realtek High Definition Audio)' : 2 channels at 48 kHz using 32 bits per sample (channel mask 0x3)
[2020.06.14-13.44.51:570][103]LogInit: FAudioDevice initialized.
[2020.06.14-13.44.51:618][103]LogLoad: Game class is 'BP_GameMode_C'
[2020.06.14-13.44.51:628][103]LogWorld: Bringing World /Game/Levels/UEDPIE_0_MainLevel.MainLevel up for play (max tick rate 60) at 2020.06.14-15.44.51
[2020.06.14-13.44.51:629][103]LogWorld: Bringing up level for play took: 0.007936
[2020.06.14-13.44.51:699][103]LogContentBrowser: Native class hierarchy updated for 'MovieSceneCapture' in 0.0004 seconds. Added 10 classes and 0 folders.
[2020.06.14-13.44.51:700][103]PIE: Play in editor start time for /Game/Levels/UEDPIE_0_MainLevel 0,912
[2020.06.14-13.45.00:620][636]LogNet: Browse: /Game/Levels/MainLevel
[2020.06.14-13.45.00:620][636]LogLoad: LoadMap: /Game/Levels/MainLevel
[2020.06.14-13.45.00:649][636]LogPlayLevel: Creating play world package: /Game/Levels/UEDPIE_0_MainLevel
[2020.06.14-13.45.00:658][636]LogPlayLevel: PIE: StaticDuplicateObject took: (0.009451s)
[2020.06.14-13.45.00:659][636]LogAIModule: Creating AISystem for world MainLevel
[2020.06.14-13.45.00:659][636]LogPlayLevel: PIE: World Init took: (0.000872s)
[2020.06.14-13.45.00:659][636]LogPlayLevel: PIE: Created PIE world by copying editor world from /Game/Levels/MainLevel.MainLevel to /Game/Levels/UEDPIE_0_MainLevel.MainLevel (0.010494s)
[2020.06.14-13.45.00:659][636]LogLoad: Game class is 'BP_GameMode_C'
[2020.06.14-13.45.00:662][636]LogWorld: Bringing World /Game/Levels/UEDPIE_0_MainLevel.MainLevel up for play (max tick rate 60) at 2020.06.14-15.45.00
[2020.06.14-13.45.00:663][636]LogWorld: Bringing up level for play took: 0.002078
[2020.06.14-13.45.00:664][636]LogLoad: Took 0.042950 seconds to LoadMap(/Game/Levels/UEDPIE_0_MainLevel)
[2020.06.14-13.45.02:062][720]LogSlate: Updating window title bar state: overlay mode, drag disabled, window buttons hidden, title bar hidden
[2020.06.14-13.45.02:093][720]LogPlayLevel: Display: Shutting down PIE online subsystems
[2020.06.14-13.45.02:119][720]LogSlate: Updating window title bar state: overlay mode, drag disabled, window buttons hidden, title bar hidden
[2020.06.14-13.45.02:171][723]LogPlayLevel: Display: Destroying online subsystem :Context_4
[2020.06.14-13.45.04:105][839]LogEditorViewport: Clicking on Actor (LMB): PlayerStart (PlayerStart)
[2020.06.14-13.45.07:159][ 17]LogNavigationPoint: PostEditMove Clear paths rebuilt
[2020.06.14-13.45.10:551][194]LogNavigationPoint: PostEditMove Clear paths rebuilt
[2020.06.14-13.45.11:761][266]LogNavigationPoint: PostEditMove Clear paths rebuilt
[2020.06.14-13.45.12:854][331]LogNavigationPoint: PostEditMove Clear paths rebuilt
[2020.06.14-13.45.13:846][390]LogNavigationPoint: PostEditMove Clear paths rebuilt
[2020.06.14-13.45.16:854][569]LogNavigationPoint: PostEditMove Clear paths rebuilt
[2020.06.14-13.45.17:999][637]LogNavigationPoint: PostEditMove Clear paths rebuilt
[2020.06.14-13.45.20:638][794]LogNavigationPoint: PostEditMove Clear paths rebuilt
[2020.06.14-13.45.23:273][951]LogNavigationPoint: PostEditMove Clear paths rebuilt
[2020.06.14-13.45.24:268][ 10]LogNavigationPoint: PostEditMove Clear paths rebuilt
[2020.06.14-13.45.24:764][ 39]LogSlate: FSceneViewport::OnFocusLost() reason 0
[2020.06.14-13.45.24:832][ 43]LogTemp: Repeating last play command: Selected Viewport
[2020.06.14-13.45.24:843][ 43]LogPlayLevel: PlayLevel: No blueprints needed recompiling
[2020.06.14-13.45.24:844][ 43]PIE: New page: PIE session: MainLevel (14 cze 2020, 17:45:24)
[2020.06.14-13.45.24:844][ 43]LogPlayLevel: Creating play world package: /Game/Levels/UEDPIE_0_MainLevel
[2020.06.14-13.45.24:852][ 43]LogPlayLevel: PIE: StaticDuplicateObject took: (0.008772s)
[2020.06.14-13.45.24:853][ 43]LogAIModule: Creating AISystem for world MainLevel
[2020.06.14-13.45.24:853][ 43]LogPlayLevel: PIE: World Init took: (0.000563s)
[2020.06.14-13.45.24:853][ 43]LogPlayLevel: PIE: Created PIE world by copying editor world from /Game/Levels/MainLevel.MainLevel to /Game/Levels/UEDPIE_0_MainLevel.MainLevel (0.009447s)
[2020.06.14-13.45.24:877][ 43]LogInit: XAudio2 using 'Głośniki (Realtek High Definition Audio)' : 2 channels at 48 kHz using 32 bits per sample (channel mask 0x3)
[2020.06.14-13.45.24:977][ 43]LogInit: FAudioDevice initialized.
[2020.06.14-13.45.25:009][ 43]LogLoad: Game class is 'BP_GameMode_C'
[2020.06.14-13.45.25:011][ 43]LogWorld: Bringing World /Game/Levels/UEDPIE_0_MainLevel.MainLevel up for play (max tick rate 60) at 2020.06.14-15.45.25
[2020.06.14-13.45.25:012][ 43]LogWorld: Bringing up level for play took: 0.001885
[2020.06.14-13.45.25:024][ 43]PIE: Play in editor start time for /Game/Levels/UEDPIE_0_MainLevel 0,236
[2020.06.14-13.45.29:432][306]LogNet: Browse: /Game/Levels/MainLevel
[2020.06.14-13.45.29:433][306]LogLoad: LoadMap: /Game/Levels/MainLevel
[2020.06.14-13.45.29:452][306]LogPlayLevel: Creating play world package: /Game/Levels/UEDPIE_0_MainLevel
[2020.06.14-13.45.29:461][306]LogPlayLevel: PIE: StaticDuplicateObject took: (0.009610s)
[2020.06.14-13.45.29:462][306]LogAIModule: Creating AISystem for world MainLevel
[2020.06.14-13.45.29:462][306]LogPlayLevel: PIE: World Init took: (0.000588s)
[2020.06.14-13.45.29:462][306]LogPlayLevel: PIE: Created PIE world by copying editor world from /Game/Levels/MainLevel.MainLevel to /Game/Levels/UEDPIE_0_MainLevel.MainLevel (0.010349s)
[2020.06.14-13.45.29:462][306]LogLoad: Game class is 'BP_GameMode_C'
[2020.06.14-13.45.29:465][306]LogWorld: Bringing World /Game/Levels/UEDPIE_0_MainLevel.MainLevel up for play (max tick rate 60) at 2020.06.14-15.45.29
[2020.06.14-13.45.29:466][306]LogWorld: Bringing up level for play took: 0.002352
[2020.06.14-13.45.29:467][306]LogLoad: Took 0.035276 seconds to LoadMap(/Game/Levels/UEDPIE_0_MainLevel)
[2020.06.14-13.45.30:681][379]LogSlate: Updating window title bar state: overlay mode, drag disabled, window buttons hidden, title bar hidden
[2020.06.14-13.45.30:712][379]LogPlayLevel: Display: Shutting down PIE online subsystems
[2020.06.14-13.45.30:735][379]LogSlate: Updating window title bar state: overlay mode, drag disabled, window buttons hidden, title bar hidden
[2020.06.14-13.45.30:784][382]LogPlayLevel: Display: Destroying online subsystem :Context_5
[2020.06.14-13.45.33:106][521]LogEditorViewport: Clicking on Actor (LMB): PlayerStart (PlayerStart)
[2020.06.14-13.45.35:676][674]LogNavigationPoint: PostEditMove Clear paths rebuilt
[2020.06.14-13.45.36:305][711]LogSlate: FSceneViewport::OnFocusLost() reason 0
[2020.06.14-13.45.36:371][715]LogTemp: Repeating last play command: Selected Viewport
[2020.06.14-13.45.36:382][715]LogPlayLevel: PlayLevel: No blueprints needed recompiling
[2020.06.14-13.45.36:382][715]PIE: New page: PIE session: MainLevel (14 cze 2020, 17:45:36)
[2020.06.14-13.45.36:382][715]LogPlayLevel: Creating play world package: /Game/Levels/UEDPIE_0_MainLevel
[2020.06.14-13.45.36:392][715]LogPlayLevel: PIE: StaticDuplicateObject took: (0.009492s)
[2020.06.14-13.45.36:392][715]LogAIModule: Creating AISystem for world MainLevel
[2020.06.14-13.45.36:392][715]LogPlayLevel: PIE: World Init took: (0.000576s)
[2020.06.14-13.45.36:392][715]LogPlayLevel: PIE: Created PIE world by copying editor world from /Game/Levels/MainLevel.MainLevel to /Game/Levels/UEDPIE_0_MainLevel.MainLevel (0.010187s)
[2020.06.14-13.45.36:415][715]LogInit: XAudio2 using 'Głośniki (Realtek High Definition Audio)' : 2 channels at 48 kHz using 32 bits per sample (channel mask 0x3)
[2020.06.14-13.45.36:517][715]LogInit: FAudioDevice initialized.
[2020.06.14-13.45.36:569][715]LogLoad: Game class is 'BP_GameMode_C'
[2020.06.14-13.45.36:571][715]LogWorld: Bringing World /Game/Levels/UEDPIE_0_MainLevel.MainLevel up for play (max tick rate 60) at 2020.06.14-15.45.36
[2020.06.14-13.45.36:572][715]LogWorld: Bringing up level for play took: 0.001900
[2020.06.14-13.45.36:585][715]PIE: Play in editor start time for /Game/Levels/UEDPIE_0_MainLevel -0,203
[2020.06.14-13.45.37:741][783]LogSlate: Updating window title bar state: overlay mode, drag disabled, window buttons hidden, title bar hidden
[2020.06.14-13.45.37:778][783]LogPlayLevel: Display: Shutting down PIE online subsystems
[2020.06.14-13.45.37:816][783]LogSlate: Updating window title bar state: overlay mode, drag disabled, window buttons hidden, title bar hidden
[2020.06.14-13.45.37:849][785]LogPlayLevel: Display: Destroying online subsystem :Context_6
[2020.06.14-13.45.38:566][828]LogEditorViewport: Clicking on Actor (LMB): PlayerStart (PlayerStart)
[2020.06.14-13.45.39:820][902]LogNavigationPoint: PostEditMove Clear paths rebuilt
[2020.06.14-13.45.40:331][932]LogSlate: FSceneViewport::OnFocusLost() reason 0
[2020.06.14-13.45.40:398][936]LogTemp: Repeating last play command: Selected Viewport
[2020.06.14-13.45.40:408][936]LogPlayLevel: PlayLevel: No blueprints needed recompiling
[2020.06.14-13.45.40:408][936]PIE: New page: PIE session: MainLevel (14 cze 2020, 17:45:40)
[2020.06.14-13.45.40:408][936]LogPlayLevel: Creating play world package: /Game/Levels/UEDPIE_0_MainLevel
[2020.06.14-13.45.40:417][936]LogPlayLevel: PIE: StaticDuplicateObject took: (0.009174s)
[2020.06.14-13.45.40:418][936]LogAIModule: Creating AISystem for world MainLevel
[2020.06.14-13.45.40:418][936]LogPlayLevel: PIE: World Init took: (0.000687s)
[2020.06.14-13.45.40:418][936]LogPlayLevel: PIE: Created PIE world by copying editor world from /Game/Levels/MainLevel.MainLevel to /Game/Levels/UEDPIE_0_MainLevel.MainLevel (0.009999s)
[2020.06.14-13.45.40:442][936]LogInit: XAudio2 using 'Głośniki (Realtek High Definition Audio)' : 2 channels at 48 kHz using 32 bits per sample (channel mask 0x3)
[2020.06.14-13.45.40:544][936]LogInit: FAudioDevice initialized.
[2020.06.14-13.45.40:576][936]LogLoad: Game class is 'BP_GameMode_C'
[2020.06.14-13.45.40:579][936]LogWorld: Bringing World /Game/Levels/UEDPIE_0_MainLevel.MainLevel up for play (max tick rate 60) at 2020.06.14-15.45.40
[2020.06.14-13.45.40:579][936]LogWorld: Bringing up level for play took: 0.002598
[2020.06.14-13.45.40:593][936]PIE: Play in editor start time for /Game/Levels/UEDPIE_0_MainLevel -0,196
[2020.06.14-13.45.41:613][995]LogSlate: Updating window title bar state: overlay mode, drag disabled, window buttons hidden, title bar hidden
[2020.06.14-13.45.41:652][995]LogPlayLevel: Display: Shutting down PIE online subsystems
[2020.06.14-13.45.41:687][995]LogSlate: Updating window title bar state: overlay mode, drag disabled, window buttons hidden, title bar hidden
[2020.06.14-13.45.41:719][997]LogPlayLevel: Display: Destroying online subsystem :Context_7
[2020.06.14-13.45.43:354][ 94]LogSlate: Took 0.000335 seconds to synchronously load lazily loaded font '../../../Engine/Content/Slate/Fonts/Roboto-Light.ttf' (167K)
[2020.06.14-13.45.43:364][ 94]LogSlate: FSceneViewport::OnFocusLost() reason 2
[2020.06.14-13.45.43:499][ 94]LogSavePackage: Moving 'C:/Users/imfen/Documents/GitHub/BallRunnerUnreal/MMakuszewska_BallRun/Saved/MainLevelB58C1CFC4D1F87B33F7C188CBC901829.tmp' to 'C:/Users/imfen/Documents/GitHub/BallRunnerUnreal/MMakuszewska_BallRun/Content/Levels/MainLevel.umap'
[2020.06.14-13.45.43:523][ 94]Cmd: OBJ SAVEPACKAGE PACKAGE="/Game/Levels/MainLevel_BuiltData" FILE="C:/Users/imfen/Documents/GitHub/BallRunnerUnreal/MMakuszewska_BallRun/Content/Levels/MainLevel_BuiltData.uasset" SILENT=true
[2020.06.14-13.45.43:595][ 94]LogSavePackage: Moving 'C:/Users/imfen/Documents/GitHub/BallRunnerUnreal/MMakuszewska_BallRun/Saved/MainLevel_BuiltData370EDF03469AF7585D6032913FAB7B61.tmp' to 'C:/Users/imfen/Documents/GitHub/BallRunnerUnreal/MMakuszewska_BallRun/Content/Levels/MainLevel_BuiltData.uasset'
[2020.06.14-13.47.05:213][550]LogSlate: FSceneViewport::OnFocusLost() reason 0
[2020.06.14-13.47.05:375][559]LogAssetEditorManager: Opening Asset editor for Blueprint /Game/Blueprints/BP_Reset.BP_Reset
[2020.06.14-13.47.07:612][559]LogContentBrowser: Native class hierarchy updated for 'BlueprintGraph' in 0.0013 seconds. Added 116 classes and 0 folders.
[2020.06.14-13.47.08:450][559]LogSlate: Took 0.000194 seconds to synchronously load lazily loaded font '../../../Engine/Content/Slate/Fonts/Roboto-BoldCondensed.ttf' (158K)
[2020.06.14-13.47.10:361][671]LogSlate: Window 'BP_Reset' being destroyed
[2020.06.14-13.47.10:366][671]LogSlate: Window 'BP_Reset' being destroyed
[2020.06.14-13.47.13:380][848]LogAssetEditorManager: Opening Asset editor for Blueprint /Game/Blueprints/BP_Reset.BP_Reset
[2020.06.14-13.47.55:202][742]LogSlate: Took 0.000246 seconds to synchronously load lazily loaded font '../../../Engine/Content/Slate/Fonts/Roboto-Italic.ttf' (157K)
[2020.06.14-13.49.47:708][437]BlueprintLog: New page: Compile BP_Reset
[2020.06.14-13.49.48:389][465]Cmd: OBJ SAVEPACKAGE PACKAGE="/Game/Blueprints/BP_Reset" FILE="C:/Users/imfen/Documents/GitHub/BallRunnerUnreal/MMakuszewska_BallRun/Content/Blueprints/BP_Reset.uasset" SILENT=true
[2020.06.14-13.49.48:420][465]LogSavePackage: Moving 'C:/Users/imfen/Documents/GitHub/BallRunnerUnreal/MMakuszewska_BallRun/Saved/BP_ResetF32D2A7840CF5DF4E1364FAB6CB7914C.tmp' to 'C:/Users/imfen/Documents/GitHub/BallRunnerUnreal/MMakuszewska_BallRun/Content/Blueprints/BP_Reset.uasset'
[2020.06.14-13.49.50:503][549]LogTemp: Repeating last play command: Selected Viewport
[2020.06.14-13.49.50:519][549]LogPlayLevel: PlayLevel: No blueprints needed recompiling
[2020.06.14-13.49.50:519][549]PIE: New page: PIE session: MainLevel (14 cze 2020, 17:49:50)
[2020.06.14-13.49.50:519][549]LogPlayLevel: Creating play world package: /Game/Levels/UEDPIE_0_MainLevel
[2020.06.14-13.49.50:529][549]LogPlayLevel: PIE: StaticDuplicateObject took: (0.010152s)
[2020.06.14-13.49.50:530][549]LogAIModule: Creating AISystem for world MainLevel
[2020.06.14-13.49.50:530][549]LogPlayLevel: PIE: World Init took: (0.000742s)
[2020.06.14-13.49.50:530][549]LogPlayLevel: PIE: Created PIE world by copying editor world from /Game/Levels/MainLevel.MainLevel to /Game/Levels/UEDPIE_0_MainLevel.MainLevel (0.011045s)
[2020.06.14-13.49.50:560][549]LogInit: XAudio2 using 'Głośniki (Realtek High Definition Audio)' : 2 channels at 48 kHz using 32 bits per sample (channel mask 0x3)
[2020.06.14-13.49.50:662][549]LogInit: FAudioDevice initialized.
[2020.06.14-13.49.50:697][549]LogLoad: Game class is 'BP_GameMode_C'
[2020.06.14-13.49.50:700][549]LogWorld: Bringing World /Game/Levels/UEDPIE_0_MainLevel.MainLevel up for play (max tick rate 60) at 2020.06.14-15.49.50
[2020.06.14-13.49.50:700][549]LogWorld: Bringing up level for play took: 0.002029
[2020.06.14-13.49.50:715][549]PIE: Play in editor start time for /Game/Levels/UEDPIE_0_MainLevel -0,074
[2020.06.14-13.49.54:226][756]LogNet: Browse: /Game/Levels/MainLevel
[2020.06.14-13.49.54:226][756]LogLoad: LoadMap: /Game/Levels/MainLevel
[2020.06.14-13.49.54:256][756]LogPlayLevel: Creating play world package: /Game/Levels/UEDPIE_0_MainLevel
[2020.06.14-13.49.54:265][756]LogPlayLevel: PIE: StaticDuplicateObject took: (0.009277s)
[2020.06.14-13.49.54:266][756]LogAIModule: Creating AISystem for world MainLevel
[2020.06.14-13.49.54:266][756]LogPlayLevel: PIE: World Init took: (0.000654s)
[2020.06.14-13.49.54:266][756]LogPlayLevel: PIE: Created PIE world by copying editor world from /Game/Levels/MainLevel.MainLevel to /Game/Levels/UEDPIE_0_MainLevel.MainLevel (0.010083s)
[2020.06.14-13.49.54:266][756]LogLoad: Game class is 'BP_GameMode_C'
[2020.06.14-13.49.54:269][756]LogWorld: Bringing World /Game/Levels/UEDPIE_0_MainLevel.MainLevel up for play (max tick rate 60) at 2020.06.14-15.49.54
[2020.06.14-13.49.54:270][756]LogWorld: Bringing up level for play took: 0.002836
[2020.06.14-13.49.54:271][756]LogLoad: Took 0.044922 seconds to LoadMap(/Game/Levels/UEDPIE_0_MainLevel)
[2020.06.14-13.49.55:292][817]LogSlate: Updating window title bar state: overlay mode, drag disabled, window buttons hidden, title bar hidden
[2020.06.14-13.49.55:325][817]LogPlayLevel: Display: Shutting down PIE online subsystems
[2020.06.14-13.49.55:351][817]LogSlate: Updating window title bar state: overlay mode, drag disabled, window buttons hidden, title bar hidden
[2020.06.14-13.49.55:388][819]LogPlayLevel: Display: Destroying online subsystem :Context_10
[2020.06.14-13.49.58:155][931]LogSlate: FSceneViewport::OnFocusLost() reason 0
[2020.06.14-13.55.49:695][911]LogSavePackage: Moving 'C:/Users/imfen/Documents/GitHub/BallRunnerUnreal/MMakuszewska_BallRun/Saved/MainLevel_Auto164532CB04E7DFCBDE23972AE2BC7AF68.tmp' to 'C:/Users/imfen/Documents/GitHub/BallRunnerUnreal/MMakuszewska_BallRun/Saved/Autosaves/Game/Levels/MainLevel_Auto1.umap'
[2020.06.14-13.55.49:698][911]LogFileHelpers: Editor autosave (incl. sublevels) for '/Game/Levels/MainLevel' took 0.151
[2020.06.14-13.55.49:698][911]LogFileHelpers: Editor autosave (incl. sublevels) for all levels took 0.151
[2020.06.14-13.55.49:701][911]OBJ SavePackage: Generating thumbnails for [0] asset(s) in package [/Game/Blueprints/BP_Reset] ([1] browsable assets)...
[2020.06.14-13.55.49:701][911]OBJ SavePackage: Finished generating thumbnails for package [/Game/Blueprints/BP_Reset]
[2020.06.14-13.55.49:734][911]LogSavePackage: Moving 'C:/Users/imfen/Documents/GitHub/BallRunnerUnreal/MMakuszewska_BallRun/Saved/BP_Reset_Auto102C373204B5609CC2AC52789A0C6AC22.tmp' to 'C:/Users/imfen/Documents/GitHub/BallRunnerUnreal/MMakuszewska_BallRun/Saved/Autosaves/Game/Blueprints/BP_Reset_Auto1.uasset'
[2020.06.14-13.55.49:735][911]LogFileHelpers: Auto-saving content packages took 0.035
[2020.06.14-13.58.29:942][503]BlueprintLog: New page: Compile BP_Reset
[2020.06.14-13.58.30:494][524]Cmd: OBJ SAVEPACKAGE PACKAGE="/Game/Blueprints/BP_Reset" FILE="C:/Users/imfen/Documents/GitHub/BallRunnerUnreal/MMakuszewska_BallRun/Content/Blueprints/BP_Reset.uasset" SILENT=true
[2020.06.14-13.58.30:526][524]LogSavePackage: Moving 'C:/Users/imfen/Documents/GitHub/BallRunnerUnreal/MMakuszewska_BallRun/Saved/BP_ResetC3D246EC48F673D721EFB5A8CA1333A4.tmp' to 'C:/Users/imfen/Documents/GitHub/BallRunnerUnreal/MMakuszewska_BallRun/Content/Blueprints/BP_Reset.uasset'
[2020.06.14-13.58.38:562][601]LogSlate: FSceneViewport::OnFocusLost() reason 2
[2020.06.14-13.58.41:066][704]LogTemp: Repeating last play command: Selected Viewport
[2020.06.14-13.58.41:081][704]LogPlayLevel: PlayLevel: No blueprints needed recompiling
[2020.06.14-13.58.41:081][704]PIE: New page: PIE session: MainLevel (14 cze 2020, 17:58:41)
[2020.06.14-13.58.41:081][704]LogPlayLevel: Creating play world package: /Game/Levels/UEDPIE_0_MainLevel
[2020.06.14-13.58.41:091][704]LogPlayLevel: PIE: StaticDuplicateObject took: (0.009760s)
[2020.06.14-13.58.41:092][704]LogAIModule: Creating AISystem for world MainLevel
[2020.06.14-13.58.41:092][704]LogPlayLevel: PIE: World Init took: (0.000972s)
[2020.06.14-13.58.41:092][704]LogPlayLevel: PIE: Created PIE world by copying editor world from /Game/Levels/MainLevel.MainLevel to /Game/Levels/UEDPIE_0_MainLevel.MainLevel (0.010918s)
[2020.06.14-13.58.41:124][704]LogInit: XAudio2 using 'Głośniki (Realtek High Definition Audio)' : 2 channels at 48 kHz using 32 bits per sample (channel mask 0x3)
[2020.06.14-13.58.41:234][704]LogInit: FAudioDevice initialized.
[2020.06.14-13.58.41:263][704]LogLoad: Game class is 'BP_GameMode_C'
[2020.06.14-13.58.41:266][704]LogWorld: Bringing World /Game/Levels/UEDPIE_0_MainLevel.MainLevel up for play (max tick rate 60) at 2020.06.14-15.58.41
[2020.06.14-13.58.41:266][704]LogWorld: Bringing up level for play took: 0.001944
[2020.06.14-13.58.41:279][704]PIE: Play in editor start time for /Game/Levels/UEDPIE_0_MainLevel 0,491
[2020.06.14-13.58.46:208][996]LogNet: Browse: /Game/Levels/MainLevel
[2020.06.14-13.58.46:208][996]LogLoad: LoadMap: /Game/Levels/MainLevel
[2020.06.14-13.58.46:236][996]LogPlayLevel: Creating play world package: /Game/Levels/UEDPIE_0_MainLevel
[2020.06.14-13.58.46:245][996]LogPlayLevel: PIE: StaticDuplicateObject took: (0.008775s)
[2020.06.14-13.58.46:245][996]LogAIModule: Creating AISystem for world MainLevel
[2020.06.14-13.58.46:246][996]LogPlayLevel: PIE: World Init took: (0.000624s)
[2020.06.14-13.58.46:246][996]LogPlayLevel: PIE: Created PIE world by copying editor world from /Game/Levels/MainLevel.MainLevel to /Game/Levels/UEDPIE_0_MainLevel.MainLevel (0.009552s)
[2020.06.14-13.58.46:246][996]LogLoad: Game class is 'BP_GameMode_C'
[2020.06.14-13.58.46:250][996]LogWorld: Bringing World /Game/Levels/UEDPIE_0_MainLevel.MainLevel up for play (max tick rate 60) at 2020.06.14-15.58.46
[2020.06.14-13.58.46:251][996]LogWorld: Bringing up level for play took: 0.003414
[2020.06.14-13.58.46:252][996]LogLoad: Took 0.044108 seconds to LoadMap(/Game/Levels/UEDPIE_0_MainLevel)
[2020.06.14-13.58.54:544][493]LogNet: Browse: /Game/Levels/MainLevel
[2020.06.14-13.58.54:544][493]LogLoad: LoadMap: /Game/Levels/MainLevel
[2020.06.14-13.58.54:573][493]LogPlayLevel: Creating play world package: /Game/Levels/UEDPIE_0_MainLevel
[2020.06.14-13.58.54:581][493]LogPlayLevel: PIE: StaticDuplicateObject took: (0.008839s)
[2020.06.14-13.58.54:582][493]LogAIModule: Creating AISystem for world MainLevel
[2020.06.14-13.58.54:582][493]LogPlayLevel: PIE: World Init took: (0.000570s)
[2020.06.14-13.58.54:582][493]LogPlayLevel: PIE: Created PIE world by copying editor world from /Game/Levels/MainLevel.MainLevel to /Game/Levels/UEDPIE_0_MainLevel.MainLevel (0.009594s)
[2020.06.14-13.58.54:582][493]LogLoad: Game class is 'BP_GameMode_C'
[2020.06.14-13.58.54:585][493]LogWorld: Bringing World /Game/Levels/UEDPIE_0_MainLevel.MainLevel up for play (max tick rate 60) at 2020.06.14-15.58.54
[2020.06.14-13.58.54:586][493]LogWorld: Bringing up level for play took: 0.002222
[2020.06.14-13.58.54:587][493]LogLoad: Took 0.042531 seconds to LoadMap(/Game/Levels/UEDPIE_0_MainLevel)
[2020.06.14-13.59.04:615][ 94]LogNet: Browse: /Game/Levels/MainLevel
[2020.06.14-13.59.04:616][ 94]LogLoad: LoadMap: /Game/Levels/MainLevel
[2020.06.14-13.59.04:642][ 94]LogPlayLevel: Creating play world package: /Game/Levels/UEDPIE_0_MainLevel
[2020.06.14-13.59.04:652][ 94]LogPlayLevel: PIE: StaticDuplicateObject took: (0.010079s)
[2020.06.14-13.59.04:653][ 94]LogAIModule: Creating AISystem for world MainLevel
[2020.06.14-13.59.04:653][ 94]LogPlayLevel: PIE: World Init took: (0.000653s)
[2020.06.14-13.59.04:653][ 94]LogPlayLevel: PIE: Created PIE world by copying editor world from /Game/Levels/MainLevel.MainLevel to /Game/Levels/UEDPIE_0_MainLevel.MainLevel (0.010885s)
[2020.06.14-13.59.04:653][ 94]LogLoad: Game class is 'BP_GameMode_C'
[2020.06.14-13.59.04:656][ 94]LogWorld: Bringing World /Game/Levels/UEDPIE_0_MainLevel.MainLevel up for play (max tick rate 60) at 2020.06.14-15.59.04
[2020.06.14-13.59.04:657][ 94]LogWorld: Bringing up level for play took: 0.002318
[2020.06.14-13.59.04:658][ 94]LogLoad: Took 0.041654 seconds to LoadMap(/Game/Levels/UEDPIE_0_MainLevel)
[2020.06.14-13.59.06:711][217]LogSlate: Updating window title bar state: overlay mode, drag disabled, window buttons hidden, title bar hidden
[2020.06.14-13.59.06:747][217]LogPlayLevel: Display: Shutting down PIE online subsystems
[2020.06.14-13.59.06:773][217]LogSlate: Updating window title bar state: overlay mode, drag disabled, window buttons hidden, title bar hidden
[2020.06.14-13.59.06:814][219]LogPlayLevel: Display: Destroying online subsystem :Context_11
[2020.06.14-13.59.16:349][523]LogSlate: FSceneViewport::OnFocusLost() reason 2
[2020.06.14-14.00.12:162][163]LogSlate: FSceneViewport::OnFocusLost() reason 0
[2020.06.14-14.00.12:212][166]LogTemp: Repeating last play command: Selected Viewport
[2020.06.14-14.00.12:226][166]LogPlayLevel: PlayLevel: No blueprints needed recompiling
[2020.06.14-14.00.12:227][166]PIE: New page: PIE session: MainLevel (14 cze 2020, 18:00:12)
[2020.06.14-14.00.12:227][166]LogPlayLevel: Creating play world package: /Game/Levels/UEDPIE_0_MainLevel
[2020.06.14-14.00.12:237][166]LogPlayLevel: PIE: StaticDuplicateObject took: (0.009895s)
[2020.06.14-14.00.12:237][166]LogAIModule: Creating AISystem for world MainLevel
[2020.06.14-14.00.12:237][166]LogPlayLevel: PIE: World Init took: (0.000569s)
[2020.06.14-14.00.12:237][166]LogPlayLevel: PIE: Created PIE world by copying editor world from /Game/Levels/MainLevel.MainLevel to /Game/Levels/UEDPIE_0_MainLevel.MainLevel (0.010618s)
[2020.06.14-14.00.12:268][166]LogInit: XAudio2 using 'Głośniki (Realtek High Definition Audio)' : 2 channels at 48 kHz using 32 bits per sample (channel mask 0x3)
[2020.06.14-14.00.12:374][166]LogInit: FAudioDevice initialized.
[2020.06.14-14.00.12:411][166]LogLoad: Game class is 'BP_GameMode_C'
[2020.06.14-14.00.12:416][166]LogWorld: Bringing World /Game/Levels/UEDPIE_0_MainLevel.MainLevel up for play (max tick rate 60) at 2020.06.14-16.00.12
[2020.06.14-14.00.12:417][166]LogWorld: Bringing up level for play took: 0.003705
[2020.06.14-14.00.12:431][166]PIE: Play in editor start time for /Game/Levels/UEDPIE_0_MainLevel -0,357
[2020.06.14-14.00.16:040][379]LogNet: Browse: /Game/Levels/MainLevel
[2020.06.14-14.00.16:040][379]LogLoad: LoadMap: /Game/Levels/MainLevel
[2020.06.14-14.00.16:070][379]LogPlayLevel: Creating play world package: /Game/Levels/UEDPIE_0_MainLevel
[2020.06.14-14.00.16:079][379]LogPlayLevel: PIE: StaticDuplicateObject took: (0.008918s)
[2020.06.14-14.00.16:079][379]LogAIModule: Creating AISystem for world MainLevel
[2020.06.14-14.00.16:079][379]LogPlayLevel: PIE: World Init took: (0.000555s)
[2020.06.14-14.00.16:079][379]LogPlayLevel: PIE: Created PIE world by copying editor world from /Game/Levels/MainLevel.MainLevel to /Game/Levels/UEDPIE_0_MainLevel.MainLevel (0.009624s)
[2020.06.14-14.00.16:079][379]LogLoad: Game class is 'BP_GameMode_C'
[2020.06.14-14.00.16:083][379]LogWorld: Bringing World /Game/Levels/UEDPIE_0_MainLevel.MainLevel up for play (max tick rate 60) at 2020.06.14-16.00.16
[2020.06.14-14.00.16:083][379]LogWorld: Bringing up level for play took: 0.002518
[2020.06.14-14.00.16:084][379]LogLoad: Took 0.044580 seconds to LoadMap(/Game/Levels/UEDPIE_0_MainLevel)
[2020.06.14-14.00.23:279][809]LogNet: Browse: /Game/Levels/MainLevel
[2020.06.14-14.00.23:280][809]LogLoad: LoadMap: /Game/Levels/MainLevel
[2020.06.14-14.00.23:308][809]LogPlayLevel: Creating play world package: /Game/Levels/UEDPIE_0_MainLevel
[2020.06.14-14.00.23:317][809]LogPlayLevel: PIE: StaticDuplicateObject took: (0.008964s)
[2020.06.14-14.00.23:318][809]LogAIModule: Creating AISystem for world MainLevel
[2020.06.14-14.00.23:318][809]LogPlayLevel: PIE: World Init took: (0.000988s)
[2020.06.14-14.00.23:318][809]LogPlayLevel: PIE: Created PIE world by copying editor world from /Game/Levels/MainLevel.MainLevel to /Game/Levels/UEDPIE_0_MainLevel.MainLevel (0.010157s)
[2020.06.14-14.00.23:318][809]LogLoad: Game class is 'BP_GameMode_C'
[2020.06.14-14.00.23:321][809]LogWorld: Bringing World /Game/Levels/UEDPIE_0_MainLevel.MainLevel up for play (max tick rate 60) at 2020.06.14-16.00.23
[2020.06.14-14.00.23:322][809]LogWorld: Bringing up level for play took: 0.002072
[2020.06.14-14.00.23:323][809]LogLoad: Took 0.043196 seconds to LoadMap(/Game/Levels/UEDPIE_0_MainLevel)
[2020.06.14-14.00.32:089][335]LogNet: Browse: /Game/Levels/MainLevel
[2020.06.14-14.00.32:090][335]LogLoad: LoadMap: /Game/Levels/MainLevel
[2020.06.14-14.00.32:117][335]LogPlayLevel: Creating play world package: /Game/Levels/UEDPIE_0_MainLevel
[2020.06.14-14.00.32:127][335]LogPlayLevel: PIE: StaticDuplicateObject took: (0.009458s)
[2020.06.14-14.00.32:127][335]LogAIModule: Creating AISystem for world MainLevel
[2020.06.14-14.00.32:127][335]LogPlayLevel: PIE: World Init took: (0.000578s)
[2020.06.14-14.00.32:128][335]LogPlayLevel: PIE: Created PIE world by copying editor world from /Game/Levels/MainLevel.MainLevel to /Game/Levels/UEDPIE_0_MainLevel.MainLevel (0.010276s)
[2020.06.14-14.00.32:128][335]LogLoad: Game class is 'BP_GameMode_C'
[2020.06.14-14.00.32:131][335]LogWorld: Bringing World /Game/Levels/UEDPIE_0_MainLevel.MainLevel up for play (max tick rate 60) at 2020.06.14-16.00.32
[2020.06.14-14.00.32:131][335]LogWorld: Bringing up level for play took: 0.002351
[2020.06.14-14.00.32:133][335]LogLoad: Took 0.042982 seconds to LoadMap(/Game/Levels/UEDPIE_0_MainLevel)
[2020.06.14-14.00.40:050][810]LogNet: Browse: /Game/Levels/MainLevel
[2020.06.14-14.00.40:050][810]LogLoad: LoadMap: /Game/Levels/MainLevel
[2020.06.14-14.00.40:077][810]LogPlayLevel: Creating play world package: /Game/Levels/UEDPIE_0_MainLevel
[2020.06.14-14.00.40:087][810]LogPlayLevel: PIE: StaticDuplicateObject took: (0.009879s)
[2020.06.14-14.00.40:088][810]LogAIModule: Creating AISystem for world MainLevel
[2020.06.14-14.00.40:088][810]LogPlayLevel: PIE: World Init took: (0.000620s)
[2020.06.14-14.00.40:088][810]LogPlayLevel: PIE: Created PIE world by copying editor world from /Game/Levels/MainLevel.MainLevel to /Game/Levels/UEDPIE_0_MainLevel.MainLevel (0.010764s)
[2020.06.14-14.00.40:088][810]LogLoad: Game class is 'BP_GameMode_C'
[2020.06.14-14.00.40:091][810]LogWorld: Bringing World /Game/Levels/UEDPIE_0_MainLevel.MainLevel up for play (max tick rate 60) at 2020.06.14-16.00.40
[2020.06.14-14.00.40:092][810]LogWorld: Bringing up level for play took: 0.002399
[2020.06.14-14.00.40:093][810]LogLoad: Took 0.042471 seconds to LoadMap(/Game/Levels/UEDPIE_0_MainLevel)
[2020.06.14-14.00.52:208][537]LogNet: Browse: /Game/Levels/MainLevel
[2020.06.14-14.00.52:208][537]LogLoad: LoadMap: /Game/Levels/MainLevel
[2020.06.14-14.00.52:245][537]LogPlayLevel: Creating play world package: /Game/Levels/UEDPIE_0_MainLevel
[2020.06.14-14.00.52:253][537]LogPlayLevel: PIE: StaticDuplicateObject took: (0.008755s)
[2020.06.14-14.00.52:254][537]LogAIModule: Creating AISystem for world MainLevel
[2020.06.14-14.00.52:254][537]LogPlayLevel: PIE: World Init took: (0.000778s)
[2020.06.14-14.00.52:254][537]LogPlayLevel: PIE: Created PIE world by copying editor world from /Game/Levels/MainLevel.MainLevel to /Game/Levels/UEDPIE_0_MainLevel.MainLevel (0.009723s)
[2020.06.14-14.00.52:254][537]LogLoad: Game class is 'BP_GameMode_C'
[2020.06.14-14.00.52:257][537]LogWorld: Bringing World /Game/Levels/UEDPIE_0_MainLevel.MainLevel up for play (max tick rate 60) at 2020.06.14-16.00.52
[2020.06.14-14.00.52:258][537]LogWorld: Bringing up level for play took: 0.002443
[2020.06.14-14.00.52:260][537]LogLoad: Took 0.051349 seconds to LoadMap(/Game/Levels/UEDPIE_0_MainLevel)
[2020.06.14-14.00.53:760][627]LogSlate: Updating window title bar state: overlay mode, drag disabled, window buttons hidden, title bar hidden
[2020.06.14-14.00.53:796][627]LogPlayLevel: Display: Shutting down PIE online subsystems
[2020.06.14-14.00.53:828][627]LogSlate: Updating window title bar state: overlay mode, drag disabled, window buttons hidden, title bar hidden
[2020.06.14-14.00.53:863][629]LogPlayLevel: Display: Destroying online subsystem :Context_12
[2020.06.14-14.01.02:976][175]LogEditorViewport: Clicking on Actor (LMB): BP_Reset_C (BP_Reset)
[2020.06.14-14.01.11:805][701]LogEditorViewport: Clicking on Actor (LMB): PlayerStart (PlayerStart)
[2020.06.14-14.01.12:834][760]LogNavigationPoint: PostEditMove Clear paths rebuilt
[2020.06.14-14.01.14:635][867]LogNavigationPoint: PostEditMove Clear paths rebuilt
[2020.06.14-14.01.29:134][994]LogSlate: FSceneViewport::OnFocusLost() reason 2
[2020.06.14-14.01.31:350][122]LogNavigationPoint: PostEditMove Clear paths rebuilt
[2020.06.14-14.01.32:493][190]LogNavigationPoint: PostEditMove Clear paths rebuilt
[2020.06.14-14.01.35:443][364]LogNavigationPoint: PostEditMove Clear paths rebuilt
[2020.06.14-14.01.37:777][501]LogNavigationPoint: PostEditMove Clear paths rebuilt
[2020.06.14-14.01.38:295][531]LogSlate: FSceneViewport::OnFocusLost() reason 0
[2020.06.14-14.01.38:761][559]LogTemp: Repeating last play command: Selected Viewport
[2020.06.14-14.01.38:775][559]LogPlayLevel: PlayLevel: No blueprints needed recompiling
[2020.06.14-14.01.38:775][559]PIE: New page: PIE session: MainLevel (14 cze 2020, 18:01:38)
[2020.06.14-14.01.38:775][559]LogPlayLevel: Creating play world package: /Game/Levels/UEDPIE_0_MainLevel
[2020.06.14-14.01.38:785][559]LogPlayLevel: PIE: StaticDuplicateObject took: (0.010035s)
[2020.06.14-14.01.38:786][559]LogAIModule: Creating AISystem for world MainLevel
[2020.06.14-14.01.38:786][559]LogPlayLevel: PIE: World Init took: (0.000789s)
[2020.06.14-14.01.38:786][559]LogPlayLevel: PIE: Created PIE world by copying editor world from /Game/Levels/MainLevel.MainLevel to /Game/Levels/UEDPIE_0_MainLevel.MainLevel (0.010944s)
[2020.06.14-14.01.38:812][559]LogInit: XAudio2 using 'Głośniki (Realtek High Definition Audio)' : 2 channels at 48 kHz using 32 bits per sample (channel mask 0x3)
[2020.06.14-14.01.38:912][559]LogInit: FAudioDevice initialized.
[2020.06.14-14.01.38:947][559]LogLoad: Game class is 'BP_GameMode_C'
[2020.06.14-14.01.38:953][559]LogWorld: Bringing World /Game/Levels/UEDPIE_0_MainLevel.MainLevel up for play (max tick rate 60) at 2020.06.14-16.01.38
[2020.06.14-14.01.38:954][559]LogWorld: Bringing up level for play took: 0.005180
[2020.06.14-14.01.38:970][559]PIE: Play in editor start time for /Game/Levels/UEDPIE_0_MainLevel 0,182
[2020.06.14-14.01.45:195][929]LogNet: Browse: /Game/Levels/MainLevel
[2020.06.14-14.01.45:195][929]LogLoad: LoadMap: /Game/Levels/MainLevel
[2020.06.14-14.01.45:223][929]LogPlayLevel: Creating play world package: /Game/Levels/UEDPIE_0_MainLevel
[2020.06.14-14.01.45:233][929]LogPlayLevel: PIE: StaticDuplicateObject took: (0.009552s)
[2020.06.14-14.01.45:233][929]LogAIModule: Creating AISystem for world MainLevel
[2020.06.14-14.01.45:233][929]LogPlayLevel: PIE: World Init took: (0.000596s)
[2020.06.14-14.01.45:233][929]LogPlayLevel: PIE: Created PIE world by copying editor world from /Game/Levels/MainLevel.MainLevel to /Game/Levels/UEDPIE_0_MainLevel.MainLevel (0.010320s)
[2020.06.14-14.01.45:233][929]LogLoad: Game class is 'BP_GameMode_C'
[2020.06.14-14.01.45:237][929]LogWorld: Bringing World /Game/Levels/UEDPIE_0_MainLevel.MainLevel up for play (max tick rate 60) at 2020.06.14-16.01.45
[2020.06.14-14.01.45:237][929]LogWorld: Bringing up level for play took: 0.002150
[2020.06.14-14.01.45:238][929]LogLoad: Took 0.042809 seconds to LoadMap(/Game/Levels/UEDPIE_0_MainLevel)
[2020.06.14-14.01.52:190][346]LogNet: Browse: /Game/Levels/MainLevel
[2020.06.14-14.01.52:190][346]LogLoad: LoadMap: /Game/Levels/MainLevel
[2020.06.14-14.01.52:225][346]LogPlayLevel: Creating play world package: /Game/Levels/UEDPIE_0_MainLevel
[2020.06.14-14.01.52:236][346]LogPlayLevel: PIE: StaticDuplicateObject took: (0.010488s)
[2020.06.14-14.01.52:236][346]LogAIModule: Creating AISystem for world MainLevel
[2020.06.14-14.01.52:237][346]LogPlayLevel: PIE: World Init took: (0.000712s)
[2020.06.14-14.01.52:237][346]LogPlayLevel: PIE: Created PIE world by copying editor world from /Game/Levels/MainLevel.MainLevel to /Game/Levels/UEDPIE_0_MainLevel.MainLevel (0.011424s)
[2020.06.14-14.01.52:237][346]LogLoad: Game class is 'BP_GameMode_C'
[2020.06.14-14.01.52:241][346]LogWorld: Bringing World /Game/Levels/UEDPIE_0_MainLevel.MainLevel up for play (max tick rate 60) at 2020.06.14-16.01.52
[2020.06.14-14.01.52:241][346]LogWorld: Bringing up level for play took: 0.003022
[2020.06.14-14.01.52:242][346]LogLoad: Took 0.052043 seconds to LoadMap(/Game/Levels/UEDPIE_0_MainLevel)
[2020.06.14-14.01.58:202][703]LogNet: Browse: /Game/Levels/MainLevel
[2020.06.14-14.01.58:202][703]LogLoad: LoadMap: /Game/Levels/MainLevel
[2020.06.14-14.01.58:232][703]LogPlayLevel: Creating play world package: /Game/Levels/UEDPIE_0_MainLevel
[2020.06.14-14.01.58:242][703]LogPlayLevel: PIE: StaticDuplicateObject took: (0.009887s)
[2020.06.14-14.01.58:242][703]LogAIModule: Creating AISystem for world MainLevel
[2020.06.14-14.01.58:243][703]LogPlayLevel: PIE: World Init took: (0.000585s)
[2020.06.14-14.01.58:243][703]LogPlayLevel: PIE: Created PIE world by copying editor world from /Game/Levels/MainLevel.MainLevel to /Game/Levels/UEDPIE_0_MainLevel.MainLevel (0.010636s)
[2020.06.14-14.01.58:243][703]LogLoad: Game class is 'BP_GameMode_C'
[2020.06.14-14.01.58:246][703]LogWorld: Bringing World /Game/Levels/UEDPIE_0_MainLevel.MainLevel up for play (max tick rate 60) at 2020.06.14-16.01.58
[2020.06.14-14.01.58:246][703]LogWorld: Bringing up level for play took: 0.002222
[2020.06.14-14.01.58:247][703]LogLoad: Took 0.045085 seconds to LoadMap(/Game/Levels/UEDPIE_0_MainLevel)
[2020.06.14-14.02.03:539][ 20]LogSlate: Updating window title bar state: overlay mode, drag disabled, window buttons hidden, title bar hidden
[2020.06.14-14.02.03:573][ 20]LogPlayLevel: Display: Shutting down PIE online subsystems
[2020.06.14-14.02.03:603][ 20]LogSlate: Updating window title bar state: overlay mode, drag disabled, window buttons hidden, title bar hidden
[2020.06.14-14.02.03:642][ 22]LogPlayLevel: Display: Destroying online subsystem :Context_13
[2020.06.14-14.02.08:514][313]LogEditorViewport: Clicking on Actor (LMB): BP_Reset_C (BP_Reset2)
[2020.06.14-14.02.20:984][ 58]LogEditorViewport: Clicking on Actor (LMB): BP_Reset_C (BP_Reset3)
[2020.06.14-14.02.22:373][140]LogEditorViewport: Clicking on Actor (CTRL LMB): BP_Reset_C (BP_Reset4)
[2020.06.14-14.02.22:995][176]LogEditorViewport: Clicking on Actor (CTRL LMB): BP_Reset_C (BP_Reset10)
[2020.06.14-14.02.25:415][319]LogEditorViewport: Clicking on Actor (CTRL LMB): BP_Reset_C (BP_Reset11)
[2020.06.14-14.02.26:338][373]LogEditorViewport: Clicking on Actor (CTRL LMB): BP_Reset_C (BP_Reset12)
[2020.06.14-14.02.27:142][420]LogEditorViewport: Clicking on Actor (CTRL LMB): BP_Reset_C (BP_Reset13)
[2020.06.14-14.02.28:164][480]LogEditorViewport: Clicking on Actor (CTRL LMB): BP_Reset_C (BP_Reset14)
[2020.06.14-14.02.31:106][654]LogEditorViewport: Clicking on Actor (CTRL LMB): BP_Reset_C (BP_Reset15)
[2020.06.14-14.02.33:644][805]LogEditorViewport: Clicking on Actor (CTRL LMB): BP_Reset_C (BP_Reset9)
[2020.06.14-14.02.34:567][859]LogEditorViewport: Clicking on Actor (CTRL LMB): BP_Reset_C (BP_Reset8)
[2020.06.14-14.02.35:203][896]LogEditorViewport: Clicking on Actor (CTRL LMB): BP_Reset_C (BP_Reset7)
[2020.06.14-14.02.35:974][941]LogEditorViewport: Clicking on Actor (CTRL LMB): BP_Reset_C (BP_Reset6)
[2020.06.14-14.02.36:543][974]LogEditorViewport: Clicking on Actor (CTRL LMB): BP_Reset_C (BP_Reset5)
[2020.06.14-14.02.44:813][467]LogEditorViewport: Clicking on Actor (LMB): BP_Reset_C (BP_Reset7)
[2020.06.14-14.02.46:052][540]LogEditorViewport: Clicking on Actor (CTRL LMB): BP_Reset_C (BP_Reset9)
[2020.06.14-14.02.47:325][615]LogEditorViewport: Clicking on Actor (CTRL LMB): BP_Reset_C (BP_Reset8)
[2020.06.14-14.02.52:337][913]LogSlate: FSceneViewport::OnFocusLost() reason 0
[2020.06.14-14.02.52:386][916]LogTemp: Repeating last play command: Selected Viewport
[2020.06.14-14.02.52:401][916]LogPlayLevel: PlayLevel: No blueprints needed recompiling
[2020.06.14-14.02.52:402][916]PIE: New page: PIE session: MainLevel (14 cze 2020, 18:02:52)
[2020.06.14-14.02.52:402][916]LogPlayLevel: Creating play world package: /Game/Levels/UEDPIE_0_MainLevel
[2020.06.14-14.02.52:411][916]LogPlayLevel: PIE: StaticDuplicateObject took: (0.009318s)
[2020.06.14-14.02.52:411][916]LogAIModule: Creating AISystem for world MainLevel
[2020.06.14-14.02.52:412][916]LogPlayLevel: PIE: World Init took: (0.000718s)
[2020.06.14-14.02.52:412][916]LogPlayLevel: PIE: Created PIE world by copying editor world from /Game/Levels/MainLevel.MainLevel to /Game/Levels/UEDPIE_0_MainLevel.MainLevel (0.010160s)
[2020.06.14-14.02.52:446][916]LogInit: XAudio2 using 'Głośniki (Realtek High Definition Audio)' : 2 channels at 48 kHz using 32 bits per sample (channel mask 0x3)
[2020.06.14-14.02.52:547][916]LogInit: FAudioDevice initialized.
[2020.06.14-14.02.52:580][916]LogLoad: Game class is 'BP_GameMode_C'
[2020.06.14-14.02.52:583][916]LogWorld: Bringing World /Game/Levels/UEDPIE_0_MainLevel.MainLevel up for play (max tick rate 60) at 2020.06.14-16.02.52
[2020.06.14-14.02.52:583][916]LogWorld: Bringing up level for play took: 0.001891
[2020.06.14-14.02.52:598][916]PIE: Play in editor start time for /Game/Levels/UEDPIE_0_MainLevel -0,191
[2020.06.14-14.02.54:084][  1]LogSlate: Updating window title bar state: overlay mode, drag disabled, window buttons hidden, title bar hidden
[2020.06.14-14.02.54:125][  1]LogPlayLevel: Display: Shutting down PIE online subsystems
[2020.06.14-14.02.54:165][  1]LogSlate: Updating window title bar state: overlay mode, drag disabled, window buttons hidden, title bar hidden
[2020.06.14-14.02.54:205][  2]LogPlayLevel: Display: Destroying online subsystem :Context_14
[2020.06.14-14.02.54:956][ 47]LogEditorViewport: Clicking on Actor (LMB): PlayerStart (PlayerStart)
[2020.06.14-14.02.57:825][216]LogNavigationPoint: PostEditMove Clear paths rebuilt
[2020.06.14-14.02.59:699][327]LogNavigationPoint: PostEditMove Clear paths rebuilt
[2020.06.14-14.03.02:172][474]LogNavigationPoint: PostEditMove Clear paths rebuilt
[2020.06.14-14.03.04:948][639]LogNavigationPoint: PostEditMove Clear paths rebuilt
[2020.06.14-14.03.06:440][728]LogNavigationPoint: PostEditMove Clear paths rebuilt
[2020.06.14-14.03.09:290][897]LogNavigationPoint: PostEditMove Clear paths rebuilt
[2020.06.14-14.03.10:923][994]LogNavigationPoint: PostEditMove Clear paths rebuilt
[2020.06.14-14.03.12:835][107]LogNavigationPoint: PostEditMove Clear paths rebuilt
[2020.06.14-14.03.14:509][207]LogNavigationPoint: PostEditMove Clear paths rebuilt
[2020.06.14-14.03.15:068][240]LogSlate: FSceneViewport::OnFocusLost() reason 0
[2020.06.14-14.03.15:118][243]LogTemp: Repeating last play command: Selected Viewport
[2020.06.14-14.03.15:128][243]LogPlayLevel: PlayLevel: No blueprints needed recompiling
[2020.06.14-14.03.15:129][243]PIE: New page: PIE session: MainLevel (14 cze 2020, 18:03:15)
[2020.06.14-14.03.15:129][243]LogPlayLevel: Creating play world package: /Game/Levels/UEDPIE_0_MainLevel
[2020.06.14-14.03.15:138][243]LogPlayLevel: PIE: StaticDuplicateObject took: (0.009128s)
[2020.06.14-14.03.15:139][243]LogAIModule: Creating AISystem for world MainLevel
[2020.06.14-14.03.15:139][243]LogPlayLevel: PIE: World Init took: (0.001055s)
[2020.06.14-14.03.15:139][243]LogPlayLevel: PIE: Created PIE world by copying editor world from /Game/Levels/MainLevel.MainLevel to /Game/Levels/UEDPIE_0_MainLevel.MainLevel (0.010348s)
[2020.06.14-14.03.15:163][243]LogInit: XAudio2 using 'Głośniki (Realtek High Definition Audio)' : 2 channels at 48 kHz using 32 bits per sample (channel mask 0x3)
[2020.06.14-14.03.15:262][243]LogInit: FAudioDevice initialized.
[2020.06.14-14.03.15:293][243]LogLoad: Game class is 'BP_GameMode_C'
[2020.06.14-14.03.15:299][243]LogWorld: Bringing World /Game/Levels/UEDPIE_0_MainLevel.MainLevel up for play (max tick rate 60) at 2020.06.14-16.03.15
[2020.06.14-14.03.15:300][243]LogWorld: Bringing up level for play took: 0.004488
[2020.06.14-14.03.15:315][243]PIE: Play in editor start time for /Game/Levels/UEDPIE_0_MainLevel 0,526
[2020.06.14-14.03.20:054][523]LogNet: Browse: /Game/Levels/MainLevel
[2020.06.14-14.03.20:054][523]LogLoad: LoadMap: /Game/Levels/MainLevel
[2020.06.14-14.03.20:081][523]LogPlayLevel: Creating play world package: /Game/Levels/UEDPIE_0_MainLevel
[2020.06.14-14.03.20:090][523]LogPlayLevel: PIE: StaticDuplicateObject took: (0.008814s)
[2020.06.14-14.03.20:091][523]LogAIModule: Creating AISystem for world MainLevel
[2020.06.14-14.03.20:091][523]LogPlayLevel: PIE: World Init took: (0.000554s)
[2020.06.14-14.03.20:091][523]LogPlayLevel: PIE: Created PIE world by copying editor world from /Game/Levels/MainLevel.MainLevel to /Game/Levels/UEDPIE_0_MainLevel.MainLevel (0.009517s)
[2020.06.14-14.03.20:091][523]LogLoad: Game class is 'BP_GameMode_C'
[2020.06.14-14.03.20:094][523]LogWorld: Bringing World /Game/Levels/UEDPIE_0_MainLevel.MainLevel up for play (max tick rate 60) at 2020.06.14-16.03.20
[2020.06.14-14.03.20:095][523]LogWorld: Bringing up level for play took: 0.002336
[2020.06.14-14.03.20:096][523]LogLoad: Took 0.042464 seconds to LoadMap(/Game/Levels/UEDPIE_0_MainLevel)
[2020.06.14-14.03.26:096][883]LogNet: Browse: /Game/Levels/MainLevel
[2020.06.14-14.03.26:096][883]LogLoad: LoadMap: /Game/Levels/MainLevel
[2020.06.14-14.03.26:125][883]LogPlayLevel: Creating play world package: /Game/Levels/UEDPIE_0_MainLevel
[2020.06.14-14.03.26:136][883]LogPlayLevel: PIE: StaticDuplicateObject took: (0.011077s)
[2020.06.14-14.03.26:136][883]LogAIModule: Creating AISystem for world MainLevel
[2020.06.14-14.03.26:136][883]LogPlayLevel: PIE: World Init took: (0.000587s)
[2020.06.14-14.03.26:137][883]LogPlayLevel: PIE: Created PIE world by copying editor world from /Game/Levels/MainLevel.MainLevel to /Game/Levels/UEDPIE_0_MainLevel.MainLevel (0.011843s)
[2020.06.14-14.03.26:137][883]LogLoad: Game class is 'BP_GameMode_C'
[2020.06.14-14.03.26:139][883]LogWorld: Bringing World /Game/Levels/UEDPIE_0_MainLevel.MainLevel up for play (max tick rate 60) at 2020.06.14-16.03.26
[2020.06.14-14.03.26:140][883]LogWorld: Bringing up level for play took: 0.002191
[2020.06.14-14.03.26:141][883]LogLoad: Took 0.044929 seconds to LoadMap(/Game/Levels/UEDPIE_0_MainLevel)
[2020.06.14-14.03.27:445][961]LogSlate: Updating window title bar state: overlay mode, drag disabled, window buttons hidden, title bar hidden
[2020.06.14-14.03.27:479][961]LogPlayLevel: Display: Shutting down PIE online subsystems
[2020.06.14-14.03.27:522][961]LogSlate: Updating window title bar state: overlay mode, drag disabled, window buttons hidden, title bar hidden
[2020.06.14-14.03.27:560][963]LogPlayLevel: Display: Destroying online subsystem :Context_15
[2020.06.14-14.04.32:597][252]LogSlate: FSceneViewport::OnFocusLost() reason 2
[2020.06.14-14.04.34:451][354]BlueprintLog: New page: Compile BP_Reset
[2020.06.14-14.04.34:996][375]Cmd: OBJ SAVEPACKAGE PACKAGE="/Game/Blueprints/BP_Reset" FILE="C:/Users/imfen/Documents/GitHub/BallRunnerUnreal/MMakuszewska_BallRun/Content/Blueprints/BP_Reset.uasset" SILENT=true
[2020.06.14-14.04.35:030][375]LogSavePackage: Moving 'C:/Users/imfen/Documents/GitHub/BallRunnerUnreal/MMakuszewska_BallRun/Saved/BP_Reset3CB0BB0841586012FCB817ABB4A94B7E.tmp' to 'C:/Users/imfen/Documents/GitHub/BallRunnerUnreal/MMakuszewska_BallRun/Content/Blueprints/BP_Reset.uasset'
[2020.06.14-14.05.00:390][192]LogSlate: FSceneViewport::OnFocusLost() reason 2
[2020.06.14-14.05.47:220][426]BlueprintLog: New page: Compile BP_Reset
[2020.06.14-14.05.48:101][467]Cmd: OBJ SAVEPACKAGE PACKAGE="/Game/Blueprints/BP_Reset" FILE="C:/Users/imfen/Documents/GitHub/BallRunnerUnreal/MMakuszewska_BallRun/Content/Blueprints/BP_Reset.uasset" SILENT=true
[2020.06.14-14.05.48:137][467]LogSavePackage: Moving 'C:/Users/imfen/Documents/GitHub/BallRunnerUnreal/MMakuszewska_BallRun/Saved/BP_ResetA78B2AE04D8C0E1A30165FA72B3D7F5F.tmp' to 'C:/Users/imfen/Documents/GitHub/BallRunnerUnreal/MMakuszewska_BallRun/Content/Blueprints/BP_Reset.uasset'
[2020.06.14-14.05.50:983][612]LogSlate: FSceneViewport::OnFocusLost() reason 0
[2020.06.14-14.05.51:249][628]LogTemp: Repeating last play command: Selected Viewport
[2020.06.14-14.05.51:265][628]LogPlayLevel: PlayLevel: No blueprints needed recompiling
[2020.06.14-14.05.51:265][628]PIE: New page: PIE session: MainLevel (14 cze 2020, 18:05:51)
[2020.06.14-14.05.51:265][628]LogPlayLevel: Creating play world package: /Game/Levels/UEDPIE_0_MainLevel
[2020.06.14-14.05.51:275][628]LogPlayLevel: PIE: StaticDuplicateObject took: (0.010087s)
[2020.06.14-14.05.51:276][628]LogAIModule: Creating AISystem for world MainLevel
[2020.06.14-14.05.51:276][628]LogPlayLevel: PIE: World Init took: (0.000576s)
[2020.06.14-14.05.51:276][628]LogPlayLevel: PIE: Created PIE world by copying editor world from /Game/Levels/MainLevel.MainLevel to /Game/Levels/UEDPIE_0_MainLevel.MainLevel (0.010779s)
[2020.06.14-14.05.51:300][628]LogInit: XAudio2 using 'Głośniki (Realtek High Definition Audio)' : 2 channels at 48 kHz using 32 bits per sample (channel mask 0x3)
[2020.06.14-14.05.51:408][628]LogInit: FAudioDevice initialized.
[2020.06.14-14.05.51:443][628]LogLoad: Game class is 'BP_GameMode_C'
[2020.06.14-14.05.51:448][628]LogWorld: Bringing World /Game/Levels/UEDPIE_0_MainLevel.MainLevel up for play (max tick rate 60) at 2020.06.14-16.05.51
[2020.06.14-14.05.51:448][628]LogWorld: Bringing up level for play took: 0.004001
[2020.06.14-14.05.51:464][628]PIE: Play in editor start time for /Game/Levels/UEDPIE_0_MainLevel 0,675
[2020.06.14-14.05.55:045][839]LogNet: Browse: /Game/Levels/MainLevel
[2020.06.14-14.05.55:046][839]LogLoad: LoadMap: /Game/Levels/MainLevel
[2020.06.14-14.05.55:072][839]LogPlayLevel: Creating play world package: /Game/Levels/UEDPIE_0_MainLevel
[2020.06.14-14.05.55:081][839]LogPlayLevel: PIE: StaticDuplicateObject took: (0.008797s)
[2020.06.14-14.05.55:081][839]LogAIModule: Creating AISystem for world MainLevel
[2020.06.14-14.05.55:082][839]LogPlayLevel: PIE: World Init took: (0.000630s)
[2020.06.14-14.05.55:082][839]LogPlayLevel: PIE: Created PIE world by copying editor world from /Game/Levels/MainLevel.MainLevel to /Game/Levels/UEDPIE_0_MainLevel.MainLevel (0.009631s)
[2020.06.14-14.05.55:082][839]LogLoad: Game class is 'BP_GameMode_C'
[2020.06.14-14.05.55:085][839]LogWorld: Bringing World /Game/Levels/UEDPIE_0_MainLevel.MainLevel up for play (max tick rate 60) at 2020.06.14-16.05.55
[2020.06.14-14.05.55:085][839]LogWorld: Bringing up level for play took: 0.002196
[2020.06.14-14.05.55:086][839]LogLoad: Took 0.040811 seconds to LoadMap(/Game/Levels/UEDPIE_0_MainLevel)
[2020.06.14-14.05.57:066][958]LogSlate: Updating window title bar state: overlay mode, drag disabled, window buttons hidden, title bar hidden
[2020.06.14-14.05.57:099][958]LogPlayLevel: Display: Shutting down PIE online subsystems
[2020.06.14-14.05.57:125][958]LogSlate: Updating window title bar state: overlay mode, drag disabled, window buttons hidden, title bar hidden
[2020.06.14-14.05.57:179][961]LogPlayLevel: Display: Destroying online subsystem :Context_16
[2020.06.14-14.05.58:968][ 35]LogSlate: FSceneViewport::OnFocusLost() reason 2
[2020.06.14-14.05.59:099][ 35]LogSavePackage: Moving 'C:/Users/imfen/Documents/GitHub/BallRunnerUnreal/MMakuszewska_BallRun/Saved/MainLevel195130D347C89C6A5A1A41B7DEB177D0.tmp' to 'C:/Users/imfen/Documents/GitHub/BallRunnerUnreal/MMakuszewska_BallRun/Content/Levels/MainLevel.umap'
[2020.06.14-14.05.59:121][ 35]Cmd: OBJ SAVEPACKAGE PACKAGE="/Game/Levels/MainLevel_BuiltData" FILE="C:/Users/imfen/Documents/GitHub/BallRunnerUnreal/MMakuszewska_BallRun/Content/Levels/MainLevel_BuiltData.uasset" SILENT=true
[2020.06.14-14.05.59:181][ 35]LogSavePackage: Moving 'C:/Users/imfen/Documents/GitHub/BallRunnerUnreal/MMakuszewska_BallRun/Saved/MainLevel_BuiltData9E32522C4BAF33BCA682DD91D0C90971.tmp' to 'C:/Users/imfen/Documents/GitHub/BallRunnerUnreal/MMakuszewska_BallRun/Content/Levels/MainLevel_BuiltData.uasset'
[2020.06.14-14.06.15:361][111]LogSlate: FSceneViewport::OnFocusLost() reason 2
[2020.06.14-14.07.08:586][273]LogPackageName: Error: DoesPackageExist: DoesPackageExist FAILED: 'Engine/Tutorial/Installation/InstallingVisualStudioTutorial' is not a standard unreal filename or a long path name. Reason: Path should start with a '/'
[2020.06.14-14.07.08:586][273]LogLinker: Warning: Can't find file 'Engine/Tutorial/Installation/InstallingVisualStudioTutorial'
[2020.06.14-14.07.08:586][273]LogPackageName: Error: DoesPackageExist: DoesPackageExist FAILED: 'Engine/Tutorial/Installation/InstallingVisualStudioTutorial' is not a standard unreal filename or a long path name. Reason: Path should start with a '/'
[2020.06.14-14.07.08:586][273]LogLinker: Warning: Can't find file 'Engine/Tutorial/Installation/InstallingVisualStudioTutorial'
[2020.06.14-14.07.08:587][273]LogUObjectGlobals: Warning: Failed to find object 'Blueprint Engine/Tutorial/Installation/InstallingVisualStudioTutorial.InstallingVisualStudioTutorial'
[2020.06.14-14.07.36:691][946]BlueprintLog: New page: Compile BP_Reset
[2020.06.14-14.07.37:625][990]Cmd: OBJ SAVEPACKAGE PACKAGE="/Game/Blueprints/BP_Reset" FILE="C:/Users/imfen/Documents/GitHub/BallRunnerUnreal/MMakuszewska_BallRun/Content/Blueprints/BP_Reset.uasset" SILENT=true
[2020.06.14-14.07.37:660][990]LogSavePackage: Moving 'C:/Users/imfen/Documents/GitHub/BallRunnerUnreal/MMakuszewska_BallRun/Saved/BP_ResetAACF20C949FF615020F598B7BD7C07F0.tmp' to 'C:/Users/imfen/Documents/GitHub/BallRunnerUnreal/MMakuszewska_BallRun/Content/Blueprints/BP_Reset.uasset'
[2020.06.14-14.07.39:404][ 56]LogSlate: FSceneViewport::OnFocusLost() reason 0
[2020.06.14-14.07.39:468][ 60]LogTemp: Repeating last play command: Selected Viewport
[2020.06.14-14.07.39:485][ 60]LogPlayLevel: PlayLevel: No blueprints needed recompiling
[2020.06.14-14.07.39:485][ 60]PIE: New page: PIE session: MainLevel (14 cze 2020, 18:07:39)
[2020.06.14-14.07.39:486][ 60]LogPlayLevel: Creating play world package: /Game/Levels/UEDPIE_0_MainLevel
[2020.06.14-14.07.39:495][ 60]LogPlayLevel: PIE: StaticDuplicateObject took: (0.009468s)
[2020.06.14-14.07.39:496][ 60]LogAIModule: Creating AISystem for world MainLevel
[2020.06.14-14.07.39:496][ 60]LogPlayLevel: PIE: World Init took: (0.000645s)
[2020.06.14-14.07.39:496][ 60]LogPlayLevel: PIE: Created PIE world by copying editor world from /Game/Levels/MainLevel.MainLevel to /Game/Levels/UEDPIE_0_MainLevel.MainLevel (0.010252s)
[2020.06.14-14.07.39:526][ 60]LogInit: XAudio2 using 'Głośniki (Realtek High Definition Audio)' : 2 channels at 48 kHz using 32 bits per sample (channel mask 0x3)
[2020.06.14-14.07.39:628][ 60]LogInit: FAudioDevice initialized.
[2020.06.14-14.07.39:659][ 60]LogLoad: Game class is 'BP_GameMode_C'
[2020.06.14-14.07.39:662][ 60]LogWorld: Bringing World /Game/Levels/UEDPIE_0_MainLevel.MainLevel up for play (max tick rate 60) at 2020.06.14-16.07.39
[2020.06.14-14.07.39:663][ 60]LogWorld: Bringing up level for play took: 0.002400
[2020.06.14-14.07.39:675][ 60]PIE: Play in editor start time for /Game/Levels/UEDPIE_0_MainLevel 0,887
[2020.06.14-14.07.43:258][272]LogNet: Browse: /Game/Levels/MainLevel
[2020.06.14-14.07.43:258][272]LogLoad: LoadMap: /Game/Levels/MainLevel
[2020.06.14-14.07.43:287][272]LogPlayLevel: Creating play world package: /Game/Levels/UEDPIE_0_MainLevel
[2020.06.14-14.07.43:297][272]LogPlayLevel: PIE: StaticDuplicateObject took: (0.008991s)
[2020.06.14-14.07.43:297][272]LogAIModule: Creating AISystem for world MainLevel
[2020.06.14-14.07.43:297][272]LogPlayLevel: PIE: World Init took: (0.000618s)
[2020.06.14-14.07.43:297][272]LogPlayLevel: PIE: Created PIE world by copying editor world from /Game/Levels/MainLevel.MainLevel to /Game/Levels/UEDPIE_0_MainLevel.MainLevel (0.009811s)
[2020.06.14-14.07.43:297][272]LogLoad: Game class is 'BP_GameMode_C'
[2020.06.14-14.07.43:301][272]LogWorld: Bringing World /Game/Levels/UEDPIE_0_MainLevel.MainLevel up for play (max tick rate 60) at 2020.06.14-16.07.43
[2020.06.14-14.07.43:302][272]LogWorld: Bringing up level for play took: 0.003464
[2020.06.14-14.07.43:303][272]LogLoad: Took 0.044808 seconds to LoadMap(/Game/Levels/UEDPIE_0_MainLevel)
[2020.06.14-14.07.44:603][350]LogSlate: Updating window title bar state: overlay mode, drag disabled, window buttons hidden, title bar hidden
[2020.06.14-14.07.44:635][350]LogPlayLevel: Display: Shutting down PIE online subsystems
[2020.06.14-14.07.44:663][350]LogSlate: Updating window title bar state: overlay mode, drag disabled, window buttons hidden, title bar hidden
[2020.06.14-14.07.44:703][352]LogPlayLevel: Display: Destroying online subsystem :Context_17
[2020.06.14-14.07.46:670][426]LogSlate: FSceneViewport::OnFocusLost() reason 0
[2020.06.14-14.09.24:307][419]BlueprintLog: New page: Compile BP_Reset
[2020.06.14-14.09.24:891][442]Cmd: OBJ SAVEPACKAGE PACKAGE="/Game/Blueprints/BP_Reset" FILE="C:/Users/imfen/Documents/GitHub/BallRunnerUnreal/MMakuszewska_BallRun/Content/Blueprints/BP_Reset.uasset" SILENT=true
[2020.06.14-14.09.24:925][442]LogSavePackage: Moving 'C:/Users/imfen/Documents/GitHub/BallRunnerUnreal/MMakuszewska_BallRun/Saved/BP_ResetCA99CF37468A82EBA4E052B7BBB7E779.tmp' to 'C:/Users/imfen/Documents/GitHub/BallRunnerUnreal/MMakuszewska_BallRun/Content/Blueprints/BP_Reset.uasset'
[2020.06.14-14.09.26:308][506]LogSlate: FSceneViewport::OnFocusLost() reason 0
[2020.06.14-14.09.26:372][510]LogTemp: Repeating last play command: Selected Viewport
[2020.06.14-14.09.26:389][510]LogPlayLevel: PlayLevel: No blueprints needed recompiling
[2020.06.14-14.09.26:389][510]PIE: New page: PIE session: MainLevel (14 cze 2020, 18:09:26)
[2020.06.14-14.09.26:389][510]LogPlayLevel: Creating play world package: /Game/Levels/UEDPIE_0_MainLevel
[2020.06.14-14.09.26:397][510]LogPlayLevel: PIE: StaticDuplicateObject took: (0.009137s)
[2020.06.14-14.09.26:399][510]LogAIModule: Creating AISystem for world MainLevel
[2020.06.14-14.09.26:399][510]LogPlayLevel: PIE: World Init took: (0.000725s)
[2020.06.14-14.09.26:399][510]LogPlayLevel: PIE: Created PIE world by copying editor world from /Game/Levels/MainLevel.MainLevel to /Game/Levels/UEDPIE_0_MainLevel.MainLevel (0.009986s)
[2020.06.14-14.09.26:428][510]LogInit: XAudio2 using 'Głośniki (Realtek High Definition Audio)' : 2 channels at 48 kHz using 32 bits per sample (channel mask 0x3)
[2020.06.14-14.09.26:536][510]LogInit: FAudioDevice initialized.
[2020.06.14-14.09.26:571][510]LogLoad: Game class is 'BP_GameMode_C'
[2020.06.14-14.09.26:576][510]LogWorld: Bringing World /Game/Levels/UEDPIE_0_MainLevel.MainLevel up for play (max tick rate 60) at 2020.06.14-16.09.26
[2020.06.14-14.09.26:577][510]LogWorld: Bringing up level for play took: 0.003908
[2020.06.14-14.09.26:591][510]PIE: Play in editor start time for /Game/Levels/UEDPIE_0_MainLevel -0,197
[2020.06.14-14.09.29:923][706]LogNet: Browse: /Game/Levels/MainLevel
[2020.06.14-14.09.29:923][706]LogLoad: LoadMap: /Game/Levels/MainLevel
[2020.06.14-14.09.29:950][706]LogPlayLevel: Creating play world package: /Game/Levels/UEDPIE_0_MainLevel
[2020.06.14-14.09.29:959][706]LogPlayLevel: PIE: StaticDuplicateObject took: (0.009015s)
[2020.06.14-14.09.29:960][706]LogAIModule: Creating AISystem for world MainLevel
[2020.06.14-14.09.29:960][706]LogPlayLevel: PIE: World Init took: (0.000638s)
[2020.06.14-14.09.29:960][706]LogPlayLevel: PIE: Created PIE world by copying editor world from /Game/Levels/MainLevel.MainLevel to /Game/Levels/UEDPIE_0_MainLevel.MainLevel (0.009810s)
[2020.06.14-14.09.29:960][706]LogLoad: Game class is 'BP_GameMode_C'
[2020.06.14-14.09.29:963][706]LogWorld: Bringing World /Game/Levels/UEDPIE_0_MainLevel.MainLevel up for play (max tick rate 60) at 2020.06.14-16.09.29
[2020.06.14-14.09.29:963][706]LogWorld: Bringing up level for play took: 0.002296
[2020.06.14-14.09.29:964][706]LogLoad: Took 0.041366 seconds to LoadMap(/Game/Levels/UEDPIE_0_MainLevel)
[2020.06.14-14.09.31:261][784]LogSlate: Updating window title bar state: overlay mode, drag disabled, window buttons hidden, title bar hidden
[2020.06.14-14.09.31:294][784]LogPlayLevel: Display: Shutting down PIE online subsystems
[2020.06.14-14.09.31:322][784]LogSlate: Updating window title bar state: overlay mode, drag disabled, window buttons hidden, title bar hidden
[2020.06.14-14.09.31:376][787]LogPlayLevel: Display: Destroying online subsystem :Context_18
[2020.06.14-14.09.34:420][892]LogSlate: FSceneViewport::OnFocusLost() reason 2
[2020.06.14-14.10.42:814][617]BlueprintLog: New page: Compile BP_Reset
[2020.06.14-14.10.43:205][628]Cmd: OBJ SAVEPACKAGE PACKAGE="/Game/Blueprints/BP_Reset" FILE="C:/Users/imfen/Documents/GitHub/BallRunnerUnreal/MMakuszewska_BallRun/Content/Blueprints/BP_Reset.uasset" SILENT=true
[2020.06.14-14.10.43:243][628]LogSavePackage: Moving 'C:/Users/imfen/Documents/GitHub/BallRunnerUnreal/MMakuszewska_BallRun/Saved/BP_ResetB45C63B7433E5D5D76EAF7BB8E5D7443.tmp' to 'C:/Users/imfen/Documents/GitHub/BallRunnerUnreal/MMakuszewska_BallRun/Content/Blueprints/BP_Reset.uasset'
[2020.06.14-14.10.44:587][689]LogSlate: FSceneViewport::OnFocusLost() reason 0
[2020.06.14-14.10.44:651][693]LogTemp: Repeating last play command: Selected Viewport
[2020.06.14-14.10.44:666][693]LogPlayLevel: PlayLevel: No blueprints needed recompiling
[2020.06.14-14.10.44:667][693]PIE: New page: PIE session: MainLevel (14 cze 2020, 18:10:44)
[2020.06.14-14.10.44:667][693]LogPlayLevel: Creating play world package: /Game/Levels/UEDPIE_0_MainLevel
[2020.06.14-14.10.44:676][693]LogPlayLevel: PIE: StaticDuplicateObject took: (0.009144s)
[2020.06.14-14.10.44:676][693]LogAIModule: Creating AISystem for world MainLevel
[2020.06.14-14.10.44:676][693]LogPlayLevel: PIE: World Init took: (0.000584s)
[2020.06.14-14.10.44:677][693]LogPlayLevel: PIE: Created PIE world by copying editor world from /Game/Levels/MainLevel.MainLevel to /Game/Levels/UEDPIE_0_MainLevel.MainLevel (0.009887s)
[2020.06.14-14.10.44:708][693]LogInit: XAudio2 using 'Głośniki (Realtek High Definition Audio)' : 2 channels at 48 kHz using 32 bits per sample (channel mask 0x3)
[2020.06.14-14.10.44:808][693]LogInit: FAudioDevice initialized.
[2020.06.14-14.10.44:843][693]LogLoad: Game class is 'BP_GameMode_C'
[2020.06.14-14.10.44:849][693]LogWorld: Bringing World /Game/Levels/UEDPIE_0_MainLevel.MainLevel up for play (max tick rate 60) at 2020.06.14-16.10.44
[2020.06.14-14.10.44:849][693]LogWorld: Bringing up level for play took: 0.004364
[2020.06.14-14.10.44:865][693]PIE: Play in editor start time for /Game/Levels/UEDPIE_0_MainLevel 0,077
[2020.06.14-14.10.49:137][945]LogNet: Browse: /Game/Levels/MainLevel
[2020.06.14-14.10.49:137][945]LogLoad: LoadMap: /Game/Levels/MainLevel
[2020.06.14-14.10.49:160][945]LogPlayLevel: Creating play world package: /Game/Levels/UEDPIE_0_MainLevel
[2020.06.14-14.10.49:169][945]LogPlayLevel: PIE: StaticDuplicateObject took: (0.008666s)
[2020.06.14-14.10.49:170][945]LogAIModule: Creating AISystem for world MainLevel
[2020.06.14-14.10.49:170][945]LogPlayLevel: PIE: World Init took: (0.000580s)
[2020.06.14-14.10.49:170][945]LogPlayLevel: PIE: Created PIE world by copying editor world from /Game/Levels/MainLevel.MainLevel to /Game/Levels/UEDPIE_0_MainLevel.MainLevel (0.009403s)
[2020.06.14-14.10.49:170][945]LogLoad: Game class is 'BP_GameMode_C'
[2020.06.14-14.10.49:174][945]LogWorld: Bringing World /Game/Levels/UEDPIE_0_MainLevel.MainLevel up for play (max tick rate 60) at 2020.06.14-16.10.49
[2020.06.14-14.10.49:174][945]LogWorld: Bringing up level for play took: 0.002797
[2020.06.14-14.10.49:175][945]LogLoad: Took 0.037457 seconds to LoadMap(/Game/Levels/UEDPIE_0_MainLevel)
[2020.06.14-14.10.53:351][195]LogNet: Browse: /Game/Levels/MainLevel
[2020.06.14-14.10.53:351][195]LogLoad: LoadMap: /Game/Levels/MainLevel
[2020.06.14-14.10.53:375][195]LogPlayLevel: Creating play world package: /Game/Levels/UEDPIE_0_MainLevel
[2020.06.14-14.10.53:384][195]LogPlayLevel: PIE: StaticDuplicateObject took: (0.009364s)
[2020.06.14-14.10.53:385][195]LogAIModule: Creating AISystem for world MainLevel
[2020.06.14-14.10.53:385][195]LogPlayLevel: PIE: World Init took: (0.000632s)
[2020.06.14-14.10.53:385][195]LogPlayLevel: PIE: Created PIE world by copying editor world from /Game/Levels/MainLevel.MainLevel to /Game/Levels/UEDPIE_0_MainLevel.MainLevel (0.010146s)
[2020.06.14-14.10.53:385][195]LogLoad: Game class is 'BP_GameMode_C'
[2020.06.14-14.10.53:389][195]LogWorld: Bringing World /Game/Levels/UEDPIE_0_MainLevel.MainLevel up for play (max tick rate 60) at 2020.06.14-16.10.53
[2020.06.14-14.10.53:389][195]LogWorld: Bringing up level for play took: 0.003041
[2020.06.14-14.10.53:390][195]LogLoad: Took 0.038622 seconds to LoadMap(/Game/Levels/UEDPIE_0_MainLevel)
[2020.06.14-14.10.54:973][290]LogSlate: Updating window title bar state: overlay mode, drag disabled, window buttons hidden, title bar hidden
[2020.06.14-14.10.55:008][290]LogPlayLevel: Display: Shutting down PIE online subsystems
[2020.06.14-14.10.55:040][290]LogSlate: Updating window title bar state: overlay mode, drag disabled, window buttons hidden, title bar hidden
[2020.06.14-14.10.55:077][292]LogPlayLevel: Display: Destroying online subsystem :Context_19
[2020.06.14-14.11.24:514][550]LogSlate: FSceneViewport::OnFocusLost() reason 2
[2020.06.14-14.11.55:282][378]BlueprintLog: New page: Compile BP_Reset
[2020.06.14-14.11.55:768][395]Cmd: OBJ SAVEPACKAGE PACKAGE="/Game/Blueprints/BP_Reset" FILE="C:/Users/imfen/Documents/GitHub/BallRunnerUnreal/MMakuszewska_BallRun/Content/Blueprints/BP_Reset.uasset" SILENT=true
[2020.06.14-14.11.55:804][395]LogSavePackage: Moving 'C:/Users/imfen/Documents/GitHub/BallRunnerUnreal/MMakuszewska_BallRun/Saved/BP_Reset9319E2D84B4E4B4633C216AA279FD326.tmp' to 'C:/Users/imfen/Documents/GitHub/BallRunnerUnreal/MMakuszewska_BallRun/Content/Blueprints/BP_Reset.uasset'
[2020.06.14-14.11.57:339][449]LogSlate: FSceneViewport::OnFocusLost() reason 0
[2020.06.14-14.11.57:403][453]LogTemp: Repeating last play command: Selected Viewport
[2020.06.14-14.11.57:420][453]LogPlayLevel: PlayLevel: No blueprints needed recompiling
[2020.06.14-14.11.57:420][453]PIE: New page: PIE session: MainLevel (14 cze 2020, 18:11:57)
[2020.06.14-14.11.57:420][453]LogPlayLevel: Creating play world package: /Game/Levels/UEDPIE_0_MainLevel
[2020.06.14-14.11.57:429][453]LogPlayLevel: PIE: StaticDuplicateObject took: (0.009002s)
[2020.06.14-14.11.57:430][453]LogAIModule: Creating AISystem for world MainLevel
[2020.06.14-14.11.57:430][453]LogPlayLevel: PIE: World Init took: (0.000604s)
[2020.06.14-14.11.57:430][453]LogPlayLevel: PIE: Created PIE world by copying editor world from /Game/Levels/MainLevel.MainLevel to /Game/Levels/UEDPIE_0_MainLevel.MainLevel (0.009728s)
[2020.06.14-14.11.57:462][453]LogInit: XAudio2 using 'Głośniki (Realtek High Definition Audio)' : 2 channels at 48 kHz using 32 bits per sample (channel mask 0x3)
[2020.06.14-14.11.57:566][453]LogInit: FAudioDevice initialized.
[2020.06.14-14.11.57:594][453]LogLoad: Game class is 'BP_GameMode_C'
[2020.06.14-14.11.57:597][453]LogWorld: Bringing World /Game/Levels/UEDPIE_0_MainLevel.MainLevel up for play (max tick rate 60) at 2020.06.14-16.11.57
[2020.06.14-14.11.57:598][453]LogWorld: Bringing up level for play took: 0.001925
[2020.06.14-14.11.57:613][453]PIE: Play in editor start time for /Game/Levels/UEDPIE_0_MainLevel 0,825
