Log file open, 03/27/20 00:00:02
LogWindows: Failed to load 'aqProf.dll' (GetLastError=126)
LogWindows: File 'aqProf.dll' does not exist
LogWindows: Failed to load 'VSPerf140.dll' (GetLastError=126)
LogWindows: File 'VSPerf140.dll' does not exist
LogWindows: Failed to load 'VtuneApi.dll' (GetLastError=126)
LogWindows: File 'VtuneApi.dll' does not exist
LogWindows: Failed to load 'VtuneApi32e.dll' (GetLastError=126)
LogWindows: File 'VtuneApi32e.dll' does not exist
LogInit: Display: Running engine for game: MMakuszewska_BallRun
LogPlatformFile: Not using cached read wrapper
LogTaskGraph: Started task graph with 5 named threads and 23 total threads with 3 sets of task threads.
LogStats: Stats thread started at 0.275888
LogD3D11RHI: Loaded GFSDK_Aftermath_Lib.x64.dll
LogICUInternationalization: Display: ICU TimeZone Detection - Raw Offset: +1:00, Platform Override: ''
LogPluginManager: Mounting plugin Paper2D
LogPluginManager: Mounting plugin AISupport
LogPluginManager: Mounting plugin LightPropagationVolume
LogPluginManager: Mounting plugin CLionSourceCodeAccess
LogPluginManager: Mounting plugin CodeLiteSourceCodeAccess
LogPluginManager: Mounting plugin GitSourceControl
LogPluginManager: Mounting plugin KDevelopSourceCodeAccess
LogPluginManager: Mounting plugin NullSourceCodeAccess
LogPluginManager: Mounting plugin PerforceSourceControl
LogPluginManager: Mounting plugin SubversionSourceControl
LogPluginManager: Mounting plugin UObjectPlugin
LogPluginManager: Mounting plugin VisualStudioCodeSourceCodeAccess
LogPluginManager: Mounting plugin VisualStudioSourceCodeAccess
LogPluginManager: Mounting plugin XCodeSourceCodeAccess
LogPluginManager: Mounting plugin AssetManagerEditor
LogPluginManager: Mounting plugin CryptoKeys
LogPluginManager: Mounting plugin DataValidation
LogPluginManager: Mounting plugin FacialAnimation
LogPluginManager: Mounting plugin GameplayTagsEditor
LogPluginManager: Mounting plugin MacGraphicsSwitching
LogPluginManager: Mounting plugin MeshEditor
LogPluginManager: Mounting plugin MobileLauncherProfileWizard
LogPluginManager: Mounting plugin PluginBrowser
LogPluginManager: Mounting plugin SpeedTreeImporter
LogPluginManager: Mounting plugin DatasmithContent
LogPluginManager: Mounting plugin AlembicImporter
LogPluginManager: Mounting plugin AppleImageUtils
LogPluginManager: Mounting plugin AppleVision
LogPluginManager: Mounting plugin BackChannel
LogPluginManager: Mounting plugin CharacterAI
LogPluginManager: Mounting plugin GeometryCache
LogPluginManager: Mounting plugin HTML5Networking
LogPluginManager: Mounting plugin ProxyLODPlugin
LogPluginManager: Mounting plugin MagicLeap
LogPluginManager: Mounting plugin MagicLeapEmulator
LogPluginManager: Mounting plugin MagicLeapMedia
LogPluginManager: Mounting plugin AndroidMedia
LogPluginManager: Mounting plugin AvfMedia
LogPluginManager: Mounting plugin ImgMedia
LogPluginManager: Mounting plugin LinearTimecode
LogPluginManager: Mounting plugin MediaCompositing
LogPluginManager: Mounting plugin MediaPlayerEditor
LogPluginManager: Mounting plugin WmfMedia
LogPluginManager: Mounting plugin TcpMessaging
LogPluginManager: Mounting plugin UdpMessaging
LogPluginManager: Mounting plugin ActorSequence
LogPluginManager: Mounting plugin LevelSequenceEditor
LogPluginManager: Mounting plugin MatineeToLevelSequence
LogPluginManager: Mounting plugin NetcodeUnitTest
LogPluginManager: Mounting plugin NUTUnrealEngine4
LogPluginManager: Mounting plugin OnlineSubsystemGooglePlay
LogPluginManager: Mounting plugin OnlineSubsystemIOS
LogPluginManager: Mounting plugin OnlineSubsystem
LogPluginManager: Mounting plugin OnlineSubsystemNull
LogPluginManager: Mounting plugin OnlineSubsystemUtils
LogPluginManager: Mounting plugin LauncherChunkInstaller
LogPluginManager: Mounting plugin AndroidDeviceProfileSelector
LogPluginManager: Mounting plugin AndroidMoviePlayer
LogPluginManager: Mounting plugin AndroidPermission
LogPluginManager: Mounting plugin AppleMoviePlayer
LogPluginManager: Mounting plugin ArchVisCharacter
LogPluginManager: Mounting plugin AudioCapture
LogPluginManager: Mounting plugin CableComponent
LogPluginManager: Mounting plugin CustomMeshComponent
LogPluginManager: Mounting plugin EditableMesh
LogPluginManager: Mounting plugin ExampleDeviceProfileSelector
LogPluginManager: Mounting plugin GoogleCloudMessaging
LogPluginManager: Mounting plugin ImmediatePhysics
LogPluginManager: Mounting plugin IOSDeviceProfileSelector
LogPluginManager: Mounting plugin LinuxDeviceProfileSelector
LogPluginManager: Mounting plugin LocationServicesBPLibrary
LogPluginManager: Mounting plugin MobilePatchingUtils
LogPluginManager: Mounting plugin OculusVR
LogPluginManager: Plugin shader directory ../../../Engine/Plugins/Runtime/Oculus/OculusVR/Shaders found
LogPluginManager: Mapping shader source directory ../../../Engine/Plugins/Runtime/Oculus/OculusVR/Shaders to virtual directory /Plugin/OculusVR
LogPluginManager: Mounting plugin PhysXVehicles
LogPluginManager: Mounting plugin ProceduralMeshComponent
LogPluginManager: Mounting plugin RuntimePhysXCooking
LogPluginManager: Mounting plugin SteamVR
LogPluginManager: Mounting plugin WindowsMoviePlayer
LogStreaming: Display: Took  0.116s to configure plugins.
LogInit: Using libcurl 7.55.1-DEV
LogInit:  - built for x86_64-pc-win32
LogInit:  - supports SSL with OpenSSL/1.0.2h
LogInit:  - supports HTTP deflate (compression) using libz 1.2.8
LogInit:  - other features:
LogInit:      CURL_VERSION_SSL
LogInit:      CURL_VERSION_LIBZ
LogInit:      CURL_VERSION_IPV6
LogInit:      CURL_VERSION_ASYNCHDNS
LogInit:      CURL_VERSION_LARGEFILE
LogInit:      CURL_VERSION_IDN
LogInit:  CurlRequestOptions (configurable via config and command line):
LogInit:  - bVerifyPeer = false  - Libcurl will NOT verify peer certificate
LogInit:  - bUseHttpProxy = false  - Libcurl will NOT use HTTP proxy
LogInit:  - bDontReuseConnections = false  - Libcurl will reuse connections
LogInit:  - CertBundlePath = nullptr  - Libcurl will use whatever was configured at build time.
LogInit:  - MaxHostConnections = 16  - Libcurl will limit the number of connections to a host
LogInit:  - LocalHostAddr = Default
LogInit:  - BufferSize = 65536
LogInit: WinSock: version 1.1 (2.2), MaxSocks=32767, MaxUdp=65467
LogInit: Build: ++UE4+Release-4.20-CL-4369336
LogInit: Engine Version: 4.20.3-4369336+++UE4+Release-4.20
LogInit: Compatible Engine Version: 4.20.0-4212847+++UE4+Release-4.20
LogInit: Net CL: 4212847
LogInit: OS: Windows 10 (), CPU: Intel(R) Core(TM) i7-7700HQ CPU @ 2.80GHz, GPU: NVIDIA GeForce GTX 1060
LogInit: Compiled (64-bit): Sep 17 2018 12:26:19
LogInit: Compiled with Visual C++: 19.13.26129.00
LogInit: Build Configuration: Development
LogInit: Branch Name: ++UE4+Release-4.20
LogInit: Command Line: -EpicPortal  -epicusername="Dane Tesla" -epicuserid=395649d6e269407c98c0ebde1d219714 -epiclocale=pl
LogInit: Base Directory: F:/Software/Uneal Engine 4/UE_4.20/Engine/Binaries/Win64/
LogInit: Installed Engine Build: 1
LogDevObjectVersion: Number of dev versions registered: 20
LogDevObjectVersion:   Dev-Blueprints (B0D832E4-1F89-4F0D-ACCF-7EB736FD4AA2): 10
LogDevObjectVersion:   Dev-Build (E1C64328-A22C-4D53-A36C-8E866417BD8C): 0
LogDevObjectVersion:   Dev-Core (375EC13C-06E4-48FB-B500-84F0262A717E): 2
LogDevObjectVersion:   Dev-Editor (E4B068ED-F494-42E9-A231-DA0B2E46BB41): 24
LogDevObjectVersion:   Dev-Framework (CFFC743F-43B0-4480-9391-14DF171D2073): 34
LogDevObjectVersion:   Dev-Mobile (B02B49B5-BB20-44E9-A304-32B752E40360): 2
LogDevObjectVersion:   Dev-Networking (A4E4105C-59A1-49B5-A7C5-40C4547EDFEE): 0
LogDevObjectVersion:   Dev-Online (39C831C9-5AE6-47DC-9A44-9C173E1C8E7C): 0
LogDevObjectVersion:   Dev-Physics (78F01B33-EBEA-4F98-B9B4-84EACCB95AA2): 0
LogDevObjectVersion:   Dev-Platform (6631380F-2D4D-43E0-8009-CF276956A95A): 0
LogDevObjectVersion:   Dev-Rendering (12F88B9F-8875-4AFC-A67C-D90C383ABD29): 26
LogDevObjectVersion:   Dev-Sequencer (7B5AE74C-D270-4C10-A958-57980B212A5A): 9
LogDevObjectVersion:   Dev-VR (D7296918-1DD6-4BDD-9DE2-64A83CC13884): 2
LogDevObjectVersion:   Dev-LoadTimes (C2A15278-BFE7-4AFE-6C17-90FF531DF755): 1
LogDevObjectVersion:   Private-Geometry (6EACA3D4-40EC-4CC1-B786-8BED09428FC5): 3
LogDevObjectVersion:   Dev-AnimPhys (29E575DD-E0A3-4627-9D10-D276232CDCEA): 17
LogDevObjectVersion:   Dev-ReflectionCapture (6B266CEC-1EC7-4B8F-A30B-E4D90942FC07): 1
LogDevObjectVersion:   Dev-Automation (0DF73D61-A23F-47EA-B727-89E90C41499A): 1
LogDevObjectVersion:   FortniteMain (601D1886-AC64-4F84-AA16-D3DE0DEAC7D6): 12
LogDevObjectVersion:   Dev-Enterprise (9DFFBCD6-494F-0158-E221-12823C92A888): 1
LogStreaming: Display: Took  0.000s to delete old logs.
LogInit: Presizing for max 8388607 objects, including 0 objects not considered by GC, pre-allocating 0 bytes for permanent pool.
LogInit: Object subsystem initialized
[2020.03.26-23.00.02:895][  0]LogInit: Selected Device Profile: [Windows]
[2020.03.26-23.00.02:895][  0]LogInit: Applying CVar settings loaded from the selected device profile: [Windows]
[2020.03.26-23.00.02:904][  0]LogHAL: Display: Platform has ~ 16 GB [17133694976 / 17179869184 / 16], which maps to Larger [LargestMinGB=32, LargerMinGB=12, DefaultMinGB=8, SmallerMinGB=6, SmallestMinGB=0)
[2020.03.26-23.00.02:904][  0]LogInit: Setting Device Profile CVar: [[r.Vulkan.UseRealUBs:1]]
[2020.03.26-23.00.02:904][  0]LogInit: Going up to parent DeviceProfile []
[2020.03.26-23.00.02:904][  0]LogInit: Computer: SHEPARD
[2020.03.26-23.00.02:904][  0]LogInit: User: imfen
[2020.03.26-23.00.02:904][  0]LogInit: CPU Page size=4096, Cores=4
[2020.03.26-23.00.02:904][  0]LogInit: High frequency timer resolution =10.000000 MHz
[2020.03.26-23.00.02:905][  0]LogMemory: Memory total: Physical=16.0GB (16GB approx)
[2020.03.26-23.00.02:905][  0]LogMemory: Platform Memory Stats for Windows
[2020.03.26-23.00.02:905][  0]LogMemory: Process Physical Memory: 103.12 MB used, 103.13 MB peak
[2020.03.26-23.00.02:905][  0]LogMemory: Process Virtual Memory: 91.10 MB used, 91.10 MB peak
[2020.03.26-23.00.02:905][  0]LogMemory: Physical Memory: 6097.28 MB used,  10242.68 MB free, 16339.96 MB total
[2020.03.26-23.00.02:905][  0]LogMemory: Virtual Memory: 4629.05 MB used,  10242.68 MB free, 134217728.00 MB total
[2020.03.26-23.00.02:925][  0]LogInit: Using OS detected language (pl-PL).
[2020.03.26-23.00.02:925][  0]LogInit: Using OS detected locale (pl-PL).
[2020.03.26-23.00.02:926][  0]LogTextLocalizationManager: No specific localization for 'pl-PL' exists, so the 'pl' localization will be used.
[2020.03.26-23.00.02:927][  0]LogStreaming: Display: Took  0.002s to InitEngineTextLocalization.
[2020.03.26-23.00.02:927][  0]LogInit: Setting process to per monitor DPI aware
[2020.03.26-23.00.02:960][  0]LogSlate: New Slate User Created.  User Index 0, Is Virtual User: 0
[2020.03.26-23.00.02:960][  0]LogSlate: Slate User Registered.  User Index 0, Is Virtual User: 0
[2020.03.26-23.00.03:157][  0]LogHMD: Failed to initialize OpenVR with code 110
[2020.03.26-23.00.03:157][  0]LogD3D11RHI: D3D11 adapters:
[2020.03.26-23.00.03:216][  0]LogD3D11RHI:    0. 'NVIDIA GeForce GTX 1060' (Feature Level 11_0)
[2020.03.26-23.00.03:216][  0]LogD3D11RHI:       6052/0/8169 MB DedicatedVideo/DedicatedSystem/SharedSystem, Outputs:1, VendorId:0x10de
[2020.03.26-23.00.03:219][  0]LogD3D11RHI:    1. 'Microsoft Basic Render Driver' (Feature Level 11_0)
[2020.03.26-23.00.03:219][  0]LogD3D11RHI:       0/0/8169 MB DedicatedVideo/DedicatedSystem/SharedSystem, Outputs:0, VendorId:0x1414
[2020.03.26-23.00.03:219][  0]LogD3D11RHI: Chosen D3D11 Adapter: 0
[2020.03.26-23.00.03:225][  0]LogD3D11RHI: Creating new Direct3DDevice
[2020.03.26-23.00.03:225][  0]LogD3D11RHI:     GPU DeviceId: 0x1c20 (for the marketing name, search the web for "GPU Device Id")
[2020.03.26-23.00.03:225][  0]LogWindows: EnumDisplayDevices:
[2020.03.26-23.00.03:226][  0]LogWindows:    0. 'NVIDIA GeForce GTX 1060' (P:1 D:1)
[2020.03.26-23.00.03:226][  0]LogWindows:    1. 'NVIDIA GeForce GTX 1060' (P:0 D:0)
[2020.03.26-23.00.03:226][  0]LogWindows:    2. 'NVIDIA GeForce GTX 1060' (P:0 D:0)
[2020.03.26-23.00.03:226][  0]LogWindows:    3. 'NVIDIA GeForce GTX 1060' (P:0 D:0)
[2020.03.26-23.00.03:227][  0]LogWindows: DebugString: FoundDriverCount:4 
[2020.03.26-23.00.03:227][  0]LogD3D11RHI:     Adapter Name: NVIDIA GeForce GTX 1060
[2020.03.26-23.00.03:227][  0]LogD3D11RHI:   Driver Version: 416.16 (internal:25.21.14.1616, unified:416.16)
[2020.03.26-23.00.03:227][  0]LogD3D11RHI:      Driver Date: 10-2-2018
[2020.03.26-23.00.03:227][  0]LogRHI: Texture pool is 4236 MB (70% of 6052 MB)
[2020.03.26-23.00.03:273][  0]LogD3D11RHI: Async texture creation enabled
[2020.03.26-23.00.03:291][  0]LogD3D11RHI: GPU Timing Frequency: 1000.000000 (Debug: 2 2)
[2020.03.26-23.00.03:334][  0]LogShaderCompilers: Guid format shader working directory is -24 characters bigger than the processId version (C:/Users/imfen/Documents/GitHub/BallRunnerUnreal/MMakuszewska_BallRun/Intermediate/Shaders/WorkingDirectory/19652/).
[2020.03.26-23.00.03:334][  0]LogShaderCompilers: Cleaned the shader compiler working directory 'C:/Users/imfen/AppData/Local/Temp/UnrealShaderWorkingDir/037CC0DD4580F91C4EC93997637A3400/'.
[2020.03.26-23.00.03:648][  0]LogTemp: Display: Loaded TP AllDesktopTargetPlatform
[2020.03.26-23.00.03:662][  0]LogTemp: Display: Loaded TP MacClientTargetPlatform
[2020.03.26-23.00.03:676][  0]LogTemp: Display: Loaded TP MacNoEditorTargetPlatform
[2020.03.26-23.00.03:692][  0]LogTemp: Display: Loaded TP MacServerTargetPlatform
[2020.03.26-23.00.03:706][  0]LogTemp: Display: Loaded TP MacTargetPlatform
[2020.03.26-23.00.03:721][  0]LogTemp: Display: Loaded TP WindowsClientTargetPlatform
[2020.03.26-23.00.03:735][  0]LogTemp: Display: Loaded TP WindowsNoEditorTargetPlatform
[2020.03.26-23.00.03:749][  0]LogTemp: Display: Loaded TP WindowsServerTargetPlatform
[2020.03.26-23.00.03:757][  0]LogTemp: Display: Loaded TP WindowsTargetPlatform
[2020.03.26-23.00.03:853][  0]LogTemp: Display: Loaded TP AndroidTargetPlatform
[2020.03.26-23.00.03:854][  0]LogTemp: Display: Loaded TP AndroidTargetPlatform
[2020.03.26-23.00.03:854][  0]LogTemp: Display: Loaded TP AndroidTargetPlatform
[2020.03.26-23.00.03:854][  0]LogTemp: Display: Loaded TP AndroidTargetPlatform
[2020.03.26-23.00.03:854][  0]LogTemp: Display: Loaded TP AndroidTargetPlatform
[2020.03.26-23.00.03:854][  0]LogTemp: Display: Loaded TP AndroidTargetPlatform
[2020.03.26-23.00.03:854][  0]LogTemp: Display: Loaded TP AndroidTargetPlatform
[2020.03.26-23.00.03:854][  0]LogTemp: Display: Loaded TP AndroidTargetPlatform
[2020.03.26-23.00.03:854][  0]LogTemp: Display: Loaded TP AndroidTargetPlatform
[2020.03.26-23.00.03:854][  0]LogTemp: Display: Loaded TP AndroidTargetPlatform
[2020.03.26-23.00.03:854][  0]LogTemp: Display: Loaded TP AndroidTargetPlatform
[2020.03.26-23.00.03:854][  0]LogTemp: Display: Loaded TP AndroidTargetPlatform
[2020.03.26-23.00.03:854][  0]LogTemp: Display: Loaded TP AndroidTargetPlatform
[2020.03.26-23.00.03:854][  0]LogTemp: Display: Loaded TP AndroidTargetPlatform
[2020.03.26-23.00.03:854][  0]LogTemp: Display: Loaded TP AndroidTargetPlatform
[2020.03.26-23.00.03:854][  0]LogTemp: Display: Loaded TP AndroidTargetPlatform
[2020.03.26-23.00.03:854][  0]LogTemp: Display: Loaded TP AndroidTargetPlatform
[2020.03.26-23.00.03:854][  0]LogTemp: Display: Loaded TP AndroidTargetPlatform
[2020.03.26-23.00.03:855][  0]LogTemp: Display: Loaded TP HTML5TargetPlatform
[2020.03.26-23.00.03:915][  0]LogTemp: Display: Loaded TP IOSTargetPlatform
[2020.03.26-23.00.03:915][  0]LogTemp: Display: Loaded TP IOSTargetPlatform
[2020.03.26-23.00.03:941][  0]LogTemp: Display: Loaded TP TVOSTargetPlatform
[2020.03.26-23.00.03:941][  0]LogTemp: Display: Loaded TP TVOSTargetPlatform
[2020.03.26-23.00.03:953][  0]LogTemp: Display: Loaded TP LinuxClientTargetPlatform
[2020.03.26-23.00.03:966][  0]LogTemp: Display: Loaded TP LinuxNoEditorTargetPlatform
[2020.03.26-23.00.03:979][  0]LogTemp: Display: Loaded TP LinuxServerTargetPlatform
[2020.03.26-23.00.03:993][  0]LogTemp: Display: Loaded TP LinuxTargetPlatform
[2020.03.26-23.00.04:003][  0]LogTemp: Display: Loaded TP LuminTargetPlatform
[2020.03.26-23.00.04:003][  0]LogTargetPlatformManager: Display: Building Assets For Windows
[2020.03.26-23.00.04:052][  0]LogXGEController: Cannot use XGE Controller as Incredibuild is not installed on this machine.
[2020.03.26-23.00.04:052][  0]LogShaderCompilers: Cannot use XGE Shader Compiler as Incredibuild is not installed on this machine.
[2020.03.26-23.00.04:052][  0]LogShaderCompilers: Display: Using Local Shader Compiler.
[2020.03.26-23.00.04:762][  0]LogDerivedDataCache: Display: Max Cache Size: 512 MB
[2020.03.26-23.00.04:812][  0]LogDerivedDataCache: Loaded boot cache 0.05s 71MB C:/Users/imfen/AppData/Local/UnrealEngine/4.20/DerivedDataCache/Boot.ddc.
[2020.03.26-23.00.04:812][  0]LogDerivedDataCache: Display: Loaded Boot cache: C:/Users/imfen/AppData/Local/UnrealEngine/4.20/DerivedDataCache/Boot.ddc
[2020.03.26-23.00.04:812][  0]LogDerivedDataCache: FDerivedDataBackendGraph:  Pak pak cache file C:/Users/imfen/Documents/GitHub/BallRunnerUnreal/MMakuszewska_BallRun/DerivedDataCache/DDC.ddp not found, will not use a pak cache.
[2020.03.26-23.00.04:812][  0]LogDerivedDataCache: Unable to find inner node Pak for hierarchical cache Hierarchy.
[2020.03.26-23.00.04:812][  0]LogDerivedDataCache: FDerivedDataBackendGraph:  CompressedPak pak cache file C:/Users/imfen/Documents/GitHub/BallRunnerUnreal/MMakuszewska_BallRun/DerivedDataCache/Compressed.ddp not found, will not use a pak cache.
[2020.03.26-23.00.04:812][  0]LogDerivedDataCache: Unable to find inner node CompressedPak for hierarchical cache Hierarchy.
[2020.03.26-23.00.04:827][  0]LogDerivedDataCache: Display: Pak cache opened for reading ../../../Engine/DerivedDataCache/Compressed.ddp.
[2020.03.26-23.00.04:839][  0]LogDerivedDataCache: Using Local data cache path C:/Users/imfen/AppData/Local/UnrealEngine/Common/DerivedDataCache: Writable
[2020.03.26-23.00.04:839][  0]LogDerivedDataCache: Shared data cache path not found in *engine.ini, will not use an Shared cache.
[2020.03.26-23.00.04:839][  0]LogDerivedDataCache: Unable to find inner node Shared for hierarchical cache Hierarchy.
[2020.03.26-23.00.04:857][  0]LogMaterial: Verifying Global Shaders for PCD3D_SM5
[2020.03.26-23.00.04:859][  0]LogSlate: Using FreeType 2.6.0
[2020.03.26-23.00.04:859][  0]LogSlate: SlateFontServices - WITH_FREETYPE: 1, WITH_HARFBUZZ: 1
[2020.03.26-23.00.04:932][  0]LogAssetRegistry: FAssetRegistry took 0.0266 seconds to start up
[2020.03.26-23.00.05:233][  0]LogInit: Selected Device Profile: [Windows]
[2020.03.26-23.00.05:358][  0]LogSimplygon: Simplygon DLL not present - disabling.
[2020.03.26-23.00.05:361][  0]LogMeshReduction: Using SimplygonSwarm for distributed automatic mesh merging
[2020.03.26-23.00.05:361][  0]LogMeshReduction: Using ProxyLODMeshReduction for automatic mesh merging
[2020.03.26-23.00.05:361][  0]LogMeshReduction: Using QuadricMeshReduction for automatic static mesh reduction
[2020.03.26-23.00.05:361][  0]LogMeshReduction: No automatic skeletal mesh reduction module available
[2020.03.26-23.00.05:375][  0]LogNetVersion: MMakuszewska_BallRun 1.0.0, NetCL: 4212847, EngineNetVer: 5, GameNetVer: 0 (Checksum: 2273041059)
[2020.03.26-23.00.05:858][  0]LogPackageLocalizationCache: Processed 11 localized package path(s) for 2 prioritized culture(s) in 0.093468 seconds
[2020.03.26-23.00.05:864][  0]LogUObjectArray: 38425 objects as part of root set at end of initial load.
[2020.03.26-23.00.05:864][  0]LogUObjectAllocator: 6690872 out of 0 bytes used by permanent object pool.
[2020.03.26-23.00.05:864][  0]LogUObjectArray: CloseDisregardForGC: 0/0 objects in disregard for GC pool
[2020.03.26-23.00.06:662][  0]LogTcpMessaging: Initializing TcpMessaging bridge
[2020.03.26-23.00.06:676][  0]LogUdpMessaging: Initializing bridge on interface 0.0.0.0:0 to multicast group 230.0.0.1:6666.
[2020.03.26-23.00.06:814][  0]SourceControl: Source control is disabled
[2020.03.26-23.00.06:814][  0]SourceControl: Source control is disabled
[2020.03.26-23.00.06:815][  0]SourceControl: Source control is disabled
[2020.03.26-23.00.06:816][  0]SourceControl: Source control is disabled
[2020.03.26-23.00.06:991][  0]LogAndroidPermission: UAndroidPermissionCallbackProxy::GetInstance
[2020.03.26-23.00.07:045][  0]LogOcInput: OculusInput pre-init called
[2020.03.26-23.00.07:120][  0]LogEngine: Initializing Engine...
[2020.03.26-23.00.07:120][  0]LogHMD: Failed to initialize OpenVR with code 110
[2020.03.26-23.00.07:122][  0]LogStats: UGameplayTagsManager::ConstructGameplayTagTree: ImportINI prefixes -  0.000 s
[2020.03.26-23.00.07:122][  0]LogStats: UGameplayTagsManager::ConstructGameplayTagTree: Construct from data asset -  0.000 s
[2020.03.26-23.00.07:122][  0]LogStats: UGameplayTagsManager::ConstructGameplayTagTree: ImportINI -  0.000 s
[2020.03.26-23.00.07:122][  0]LogStats: UGameplayTagsManager::ConstructGameplayTagTree: GameplayTagTreeChangedEvent.Broadcast -  0.000 s
[2020.03.26-23.00.07:322][  0]LogInit: Initializing FReadOnlyCVARCache
[2020.03.26-23.00.07:332][  0]LogAIModule: Creating AISystem for world Untitled
[2020.03.26-23.00.07:339][  0]LogInit: XAudio2 using 'Głośniki (Realtek High Definition Audio)' : 2 channels at 48 kHz using 32 bits per sample (channel mask 0x3)
[2020.03.26-23.00.07:498][  0]LogInit: FAudioDevice initialized.
[2020.03.26-23.00.07:498][  0]LogNetVersion: Set ProjectVersion to 1.0.0.0. Version Checksum will be recalculated on next use.
[2020.03.26-23.00.07:585][  0]LogDerivedDataCache: Saved boot cache 0.09s 71MB C:/Users/imfen/AppData/Local/UnrealEngine/4.20/DerivedDataCache/Boot.ddc.
[2020.03.26-23.00.07:590][  0]LogInit: Texture streaming: Enabled
[2020.03.26-23.00.07:603][  0]LogEngineSessionManager: EngineSessionManager initialized
[2020.03.26-23.00.07:612][  0]LogInit: Transaction tracking system initialized
[2020.03.26-23.00.07:627][  0]BlueprintLog: New page: Editor Load
[2020.03.26-23.00.07:688][  0]LocalizationService: Localization service is disabled
[2020.03.26-23.00.07:916][  0]LogCook: Display: Max memory allowance for cook 16384mb min free memory 0mb
[2020.03.26-23.00.07:916][  0]LogCook: Display: Mobile HDR setting 1
[2020.03.26-23.00.07:916][  0]LogGameplayTags: Display: UGameplayTagsManager::DoneAddingNativeTags. DelegateIsBound: 0
[2020.03.26-23.00.07:916][  0]LogStats: UGameplayTagsManager::ConstructGameplayTagTree: ImportINI prefixes -  0.000 s
[2020.03.26-23.00.07:916][  0]LogStats: UGameplayTagsManager::ConstructGameplayTagTree: Construct from data asset -  0.000 s
[2020.03.26-23.00.07:916][  0]LogStats: UGameplayTagsManager::ConstructGameplayTagTree: ImportINI -  0.000 s
[2020.03.26-23.00.07:916][  0]LogStats: UGameplayTagsManager::ConstructGameplayTagTree: GameplayTagTreeChangedEvent.Broadcast -  0.000 s
[2020.03.26-23.00.08:011][  0]LogFileCache: Scanning file cache for directory 'C:/Users/imfen/Documents/GitHub/BallRunnerUnreal/MMakuszewska_BallRun/Content/' took 0.01s
[2020.03.26-23.00.08:011][  0]SourceControl: Source control is disabled
[2020.03.26-23.00.08:011][  0]Cmd: MAP LOAD FILE="C:/Users/imfen/Documents/GitHub/BallRunnerUnreal/MMakuszewska_BallRun/Content/Levels/MainLevel.umap" TEMPLATE=0 SHOWPROGRESS=1 FEATURELEVEL=3
[2020.03.26-23.00.08:011][  0]LightingResults: New page: Lighting Build
[2020.03.26-23.00.08:013][  0]MapCheck: New page: Map Check
[2020.03.26-23.00.08:013][  0]LightingResults: New page: Lighting Build
[2020.03.26-23.00.08:039][  0]LogAIModule: Creating AISystem for world MainLevel
[2020.03.26-23.00.08:040][  0]LogEditorServer: Finished looking for orphan Actors (0.000 secs)
[2020.03.26-23.00.08:060][  0]Cmd: MAP CHECKDEP NOCLEARLOG
[2020.03.26-23.00.08:105][  0]MapCheck: Map check complete: 0 Error(s), 0 Warning(s), took 44,7ms to complete.
[2020.03.26-23.00.08:105][  0]LogFileHelpers: Loading map 'MainLevel' took 0.094
[2020.03.26-23.00.08:207][  0]LogSlate: Updating window title bar state: overlay mode, drag disabled, window buttons hidden, title bar hidden
[2020.03.26-23.00.08:214][  0]LogSlate: Updating window title bar state: overlay mode, drag disabled, window buttons hidden, title bar hidden
[2020.03.26-23.00.08:222][  0]LogSlate: Updating window title bar state: overlay mode, drag disabled, window buttons hidden, title bar hidden
[2020.03.26-23.00.08:229][  0]LogSlate: Updating window title bar state: overlay mode, drag disabled, window buttons hidden, title bar hidden
[2020.03.26-23.00.08:235][  0]LogCollectionManager: Loaded 0 collections in 0.000943 seconds
[2020.03.26-23.00.08:278][  0]LogFileCache: Scanning file cache for directory 'C:/Users/imfen/Documents/GitHub/BallRunnerUnreal/MMakuszewska_BallRun/Saved/Collections/' took 0.01s
[2020.03.26-23.00.08:278][  0]LogFileCache: Scanning file cache for directory 'C:/Users/imfen/Documents/GitHub/BallRunnerUnreal/MMakuszewska_BallRun/Content/Developers/imfen/Collections/' took 0.01s
[2020.03.26-23.00.08:278][  0]LogFileCache: Scanning file cache for directory 'C:/Users/imfen/Documents/GitHub/BallRunnerUnreal/MMakuszewska_BallRun/Content/Collections/' took 0.01s
[2020.03.26-23.00.08:278][  0]LogCollectionManager: Rebuilt the GUID cache for 0 collections in 0.000001 seconds
[2020.03.26-23.00.08:297][  0]LogContentBrowser: Native class hierarchy populated in 0.0181 seconds. Added 2572 classes and 603 folders.
[2020.03.26-23.00.08:302][  0]LogContentBrowser: Native class hierarchy updated for 'WidgetCarousel' in 0.0003 seconds. Added 0 classes and 0 folders.
[2020.03.26-23.00.08:338][  0]LogContentBrowser: Native class hierarchy updated for 'AddContentDialog' in 0.0002 seconds. Added 0 classes and 0 folders.
[2020.03.26-23.00.08:341][  0]LogContentBrowser: Native class hierarchy updated for 'SceneOutliner' in 0.0002 seconds. Added 1 classes and 2 folders.
[2020.03.26-23.00.08:359][  0]LogSlate: Took 0.000170 seconds to synchronously load lazily loaded font '../../../Engine/Content/Slate/Fonts/Roboto-Regular.ttf' (155K)
[2020.03.26-23.00.08:362][  0]LogSlate: Took 0.000247 seconds to synchronously load lazily loaded font '../../../Engine/Content/Slate/Fonts/Roboto-Bold.ttf' (160K)
[2020.03.26-23.00.08:367][  0]LogSlate: Took 0.000198 seconds to synchronously load lazily loaded font '../../../Engine/Content/Editor/Slate/Fonts/FontAwesome.ttf' (139K)
[2020.03.26-23.00.08:438][  0]LogRenderer: Reallocating scene render targets to support 964x436 Format 10 NumSamples 1 (Frame:1).
[2020.03.26-23.00.08:534][  0]LogContentBrowser: Native class hierarchy updated for 'HierarchicalLODOutliner' in 0.0002 seconds. Added 0 classes and 0 folders.
[2020.03.26-23.00.08:534][  0]LogLoad: (Engine Initialization) Total time: 6.97 seconds
[2020.03.26-23.00.08:534][  0]LogLoad: (Engine Initialization) Total Blueprint compile time: 0.00 seconds
[2020.03.26-23.00.08:567][  0]LogContentStreaming: Texture pool size now 1000 MB
[2020.03.26-23.00.08:641][  0]LogSlate: Took 0.000154 seconds to synchronously load lazily loaded font '../../../Engine/Content/Slate/Fonts/Roboto-Light.ttf' (167K)
[2020.03.26-23.00.08:654][  1]LogAssetRegistry: Asset discovery search completed in 3.7440 seconds
[2020.03.26-23.00.08:655][  1]LogCollectionManager: Rebuilt the object cache for 0 collections in 0.000000 seconds (found 0 objects)
[2020.03.26-23.00.08:655][  1]LogCollectionManager: Fixed up redirectors for 0 collections in 0.000044 seconds (updated 0 objects)
[2020.03.26-23.00.13:965][635]LogSlate: FSceneViewport::OnFocusLost() reason 0
[2020.03.26-23.03.30:105][546]Cmd: BRUSH ADD SELECTNEWBRUSH
[2020.03.26-23.03.30:920][593]LogSlate: FSceneViewport::OnFocusLost() reason 2
[2020.03.26-23.03.36:568][932]LogSlate: FSceneViewport::OnFocusLost() reason 0
[2020.03.26-23.04.15:940][574]LogSlate: FSceneViewport::OnFocusLost() reason 0
[2020.03.26-23.04.22:304][849]LogSlate: FSceneViewport::OnFocusLost() reason 2
[2020.03.26-23.04.22:872][881]LogSlate: FSceneViewport::OnFocusLost() reason 2
[2020.03.26-23.04.23:913][944]LogEditorViewport: Clicking Background
[2020.03.26-23.04.30:673][348]LogSlate: FSceneViewport::OnFocusLost() reason 0
[2020.03.26-23.04.36:860][719]LogSlate: FSceneViewport::OnFocusLost() reason 0
[2020.03.26-23.05.05:081][346]LogSlate: FSceneViewport::OnFocusLost() reason 0
[2020.03.26-23.05.09:848][630]Cmd: BRUSH ADD SELECTNEWBRUSH
[2020.03.26-23.05.12:159][766]LogSlate: FSceneViewport::OnFocusLost() reason 0
[2020.03.26-23.05.17:271][ 71]LogSlate: FSceneViewport::OnFocusLost() reason 0
[2020.03.26-23.06.06:395][385]LogSlate: FSceneViewport::OnFocusLost() reason 0
[2020.03.26-23.06.50:203][  8]LogSlate: FSceneViewport::OnFocusLost() reason 0
[2020.03.26-23.07.03:974][757]LogSlate: FSceneViewport::OnFocusLost() reason 0
[2020.03.26-23.07.46:653][250]LogSlate: FSceneViewport::OnFocusLost() reason 0
[2020.03.26-23.08.19:961][239]LogSlate: FSceneViewport::OnFocusLost() reason 0
[2020.03.26-23.08.31:742][945]LogSlate: FSceneViewport::OnFocusLost() reason 0
[2020.03.26-23.08.42:594][595]LogSlate: Took 0.000495 seconds to synchronously load lazily loaded font '../../../Engine/Content/Slate/Fonts/Roboto-Light.ttf' (167K)
[2020.03.26-23.08.42:603][595]LogSlate: FSceneViewport::OnFocusLost() reason 2
[2020.03.26-23.08.42:715][595]LogSavePackage: Moving 'C:/Users/imfen/Documents/GitHub/BallRunnerUnreal/MMakuszewska_BallRun/Saved/MainLevel70A1794949D388ECC324CAB63C03866E.tmp' to 'C:/Users/imfen/Documents/GitHub/BallRunnerUnreal/MMakuszewska_BallRun/Content/Levels/MainLevel.umap'
[2020.03.26-23.09.33:094][190]LogSlate: FSceneViewport::OnFocusLost() reason 0
[2020.03.26-23.09.56:256][571]LogSlate: FSceneViewport::OnFocusLost() reason 2
[2020.03.26-23.09.56:304][571]LogSavePackage: Moving 'C:/Users/imfen/Documents/GitHub/BallRunnerUnreal/MMakuszewska_BallRun/Saved/MainLevelAC2A8EDA494C25A2C1F20E94EFB403E6.tmp' to 'C:/Users/imfen/Documents/GitHub/BallRunnerUnreal/MMakuszewska_BallRun/Content/Levels/MainLevel.umap'
[2020.03.26-23.10.33:007][243]LogSlate: FSceneViewport::OnFocusLost() reason 0
[2020.03.26-23.10.34:195][310]Cmd: BRUSH ADD SELECTNEWBRUSH
[2020.03.26-23.10.36:756][461]LogSlate: FSceneViewport::OnFocusLost() reason 0
[2020.03.26-23.10.49:361][214]LogSlate: FSceneViewport::OnFocusLost() reason 0
[2020.03.26-23.11.05:811][912]LogSlate: FSceneViewport::OnFocusLost() reason 0
[2020.03.26-23.11.27:447][149]LogSlate: FSceneViewport::OnFocusLost() reason 2
[2020.03.26-23.11.37:791][766]LogSlate: FSceneViewport::OnFocusLost() reason 0
[2020.03.26-23.11.46:516][287]LogSlate: FSceneViewport::OnFocusLost() reason 0
[2020.03.26-23.11.50:441][520]LogSlate: FSceneViewport::OnFocusLost() reason 0
[2020.03.26-23.11.57:385][882]LogSlate: FSceneViewport::OnFocusLost() reason 2
[2020.03.26-23.13.06:803][173]LogSlate: FSceneViewport::OnFocusLost() reason 2
[2020.03.26-23.13.09:858][282]LogSlate: FSceneViewport::OnFocusLost() reason 2
[2020.03.26-23.13.11:597][371]LogSlate: FSceneViewport::OnFocusLost() reason 0
[2020.03.26-23.13.18:320][772]LogSlate: FSceneViewport::OnFocusLost() reason 0
[2020.03.26-23.13.21:708][973]LogSlate: FSceneViewport::OnFocusLost() reason 0
[2020.03.26-23.13.28:246][322]LogSlate: FSceneViewport::OnFocusLost() reason 2
[2020.03.26-23.15.47:754][188]Cmd: TRANSACTION UNDO
[2020.03.26-23.15.47:754][188]LogEditorTransaction: Undo Move Actors
[2020.03.26-23.15.56:039][610]LogSlate: FSceneViewport::OnFocusLost() reason 2
[2020.03.26-23.16.09:500][405]LogSlate: FSceneViewport::OnFocusLost() reason 0
[2020.03.26-23.16.21:206][ 52]LogSlate: FSceneViewport::OnFocusLost() reason 2
[2020.03.26-23.16.24:512][243]LogSlate: FSceneViewport::OnFocusLost() reason 0
[2020.03.26-23.16.36:395][892]LogSlate: FSceneViewport::OnFocusLost() reason 2
[2020.03.26-23.16.39:016][ 30]LogSlate: FSceneViewport::OnFocusLost() reason 2
[2020.03.26-23.16.39:131][ 30]LogSavePackage: Moving 'C:/Users/imfen/Documents/GitHub/BallRunnerUnreal/MMakuszewska_BallRun/Saved/MainLevelE4766A5348355083529E79B8B1CF267F.tmp' to 'C:/Users/imfen/Documents/GitHub/BallRunnerUnreal/MMakuszewska_BallRun/Content/Levels/MainLevel.umap'
[2020.03.26-23.17.23:537][802]LogSlate: FSceneViewport::OnFocusLost() reason 2
[2020.03.26-23.18.30:881][412]LogSlate: FSceneViewport::OnFocusLost() reason 2
[2020.03.26-23.18.33:911][594]LogSlate: FSceneViewport::OnFocusLost() reason 0
[2020.03.26-23.18.48:513][466]LogEditorViewport: Clicking on Actor (LMB): DirectionalLight (DirectionalLight)
[2020.03.26-23.19.17:558][876]LogSlate: FSceneViewport::OnFocusLost() reason 0
[2020.03.26-23.19.30:882][100]LogSlate: FSceneViewport::OnFocusLost() reason 2
[2020.03.26-23.19.31:850][158]LogSlate: FSceneViewport::OnFocusLost() reason 2
[2020.03.26-23.19.32:667][158]LogSlate: Only BGRA pngs, bmps or icos are supported in by External Image Picker
[2020.03.26-23.19.32:758][160]LogTemp: Executing iPhonePackager certificates Engine -bundlename com.YourCompany.MMakuszewskaBallRun
[2020.03.26-23.19.32:758][160]LogTemp: CWD: F:\Software\Uneal Engine 4\UE_4.20\Engine\Binaries\DotNET\IOS
[2020.03.26-23.19.32:758][160]LogTemp: Initial Dir: F:\Software\Uneal Engine 4\UE_4.20
[2020.03.26-23.19.32:758][160]LogTemp: Env CWD: F:\Software\Uneal Engine 4\UE_4.20\Engine\Binaries\DotNET\IOS
[2020.03.26-23.19.32:777][161]LogTemp: BranchPath = SHEPARD/F/Software/Uneal Engine 4/UE_4.20/Engine/Binaries --- GameBranchPath = SHEPARD/F/Software/Uneal Engine 4/UE_4.20/Engine/Binaries
[2020.03.26-23.19.32:788][162]LogTemp: IPP ERROR: Could not find provision directory 'C:\Users\imfen\AppData\Local/Apple Computer/MobileDevice/Provisioning Profiles/'.
[2020.03.26-23.20.04:814][571]LogSlate: Window 'Project Settings' being destroyed
[2020.03.26-23.20.04:820][571]LogSlate: Window 'Project Settings' being destroyed
[2020.03.26-23.20.14:048][874]LogEditorViewport: Clicking on Actor (LMB): DirectionalLight (DirectionalLight)
[2020.03.26-23.20.14:818][920]LogEditorViewport: Clicking on Actor (LMB): DirectionalLight (DirectionalLight)
[2020.03.26-23.20.18:059][114]LogEditorViewport: Clicking on Actor (LMB): DirectionalLight (DirectionalLight)
[2020.03.26-23.20.18:680][151]LogEditorViewport: Clicking on Actor (LMB): DirectionalLight (DirectionalLight)
[2020.03.26-23.20.20:033][232]LogSlate: FSceneViewport::OnFocusLost() reason 0
[2020.03.26-23.20.22:900][404]Cmd: TRANSACTION UNDO
[2020.03.26-23.20.22:900][404]LogEditorTransaction: Undo Edit Intensity
[2020.03.26-23.20.25:337][550]LogSlate: FSceneViewport::OnFocusLost() reason 0
[2020.03.26-23.20.26:984][649]Cmd: TRANSACTION UNDO
[2020.03.26-23.20.26:984][649]LogEditorTransaction: Undo Edit Source Angle
[2020.03.26-23.20.31:742][931]LogSlate: Window 'Color Picker' being destroyed
[2020.03.26-23.20.32:957][  3]LogSlate: FSceneViewport::OnFocusLost() reason 2
[2020.03.26-23.20.33:032][  3]LogSavePackage: Moving 'C:/Users/imfen/Documents/GitHub/BallRunnerUnreal/MMakuszewska_BallRun/Saved/MainLevelE7BCBD2B42A4FA37E6B674B3BB68E56C.tmp' to 'C:/Users/imfen/Documents/GitHub/BallRunnerUnreal/MMakuszewska_BallRun/Content/Levels/MainLevel.umap'
[2020.03.27-00.13.19:523][774]LogSlate: FSceneViewport::OnFocusLost() reason 0
[2020.03.27-00.13.19:572][777]MapCheck: New page: Map Check
[2020.03.27-00.13.19:586][777]Cmd: MAP REBUILD ALLVISIBLE
[2020.03.27-00.13.19:586][777]LogEditorServer: Rebuildmap Clear paths rebuilt
[2020.03.27-00.13.19:631][777]TextureStreamingBuild: Display: Build Texture Streaming took 0.004 seconds.
[2020.03.27-00.13.21:330][777]LightingResults: New page: Lighting Build - 27 mar 2020, 02:13:19
[2020.03.27-00.13.21:558][777]LogSwarmInterface: [OpenConnection] Registering TCP channel ...
[2020.03.27-00.13.21:890][777]LogSwarmInterface: [OpenConnection] Connecting to agent ...
[2020.03.27-00.13.21:918][777]LogSwarmInterface: [TryOpenConnection] Testing the Agent
[2020.03.27-00.13.23:506][777]LogSwarmInterface: [TryOpenConnection] Opening Connection to Agent
[2020.03.27-00.13.23:506][777]LogSwarmInterface: [TryOpenConnection] Local Process ID is 19652
[2020.03.27-00.13.30:276][777]LogStaticLightingSystem: Warning: No importance volume found, so the scene bounding box was used.  You can optimize your scene's quality and lighting build times by adding importance volumes.
[2020.03.27-00.13.30:276][777]LogStaticLightingSystem: Running Lightmass w/ ImmediateImport mode ENABLED
[2020.03.27-00.13.30:276][777]LogStaticLightingSystem: Running Lightmass w/ ImmediateProcess mode ENABLED
[2020.03.27-00.13.30:276][777]LogStaticLightingSystem: Running Lightmass w/ Sorting mode ENABLED
[2020.03.27-00.13.30:276][777]LogStaticLightingSystem: Running Lightmass w/ Mapping paddings ENABLED
[2020.03.27-00.13.30:276][777]LogStaticLightingSystem: Running Lightmass w/ Mapping debug paddings DISABLED
[2020.03.27-00.13.30:429][777]Cmd: MAP CHECK DONTDISPLAYDIALOG
[2020.03.27-00.13.30:429][777]MapCheck: New page: MainLevel - 27 mar 2020, 02:13:30
[2020.03.27-00.13.30:474][777]MapCheck: Map check complete: 0 Error(s), 0 Warning(s), took 45,214ms to complete.
[2020.03.27-00.13.30:498][777]LogEditorBuildUtils: Build time 0:10
[2020.03.27-00.13.30:515][777]LogMaterial: Display: Missing cached shader map for material FLightmassMaterialRenderer WorldGridMaterial, compiling. Is special engine material.
[2020.03.27-00.13.30:528][777]LogShaderCompilers: Display: Shaders left to compile 2
[2020.03.27-00.13.30:528][777]LogMaterial: Display: Missing cached shader map for material FLightmassMaterialRenderer WorldGridMaterial, compiling. Is special engine material.
[2020.03.27-00.13.32:121][778]LogShaderCompilers: Display: Shaders left to compile 2
[2020.03.27-00.13.33:942][783]LogSavePackage: Moving 'C:/Users/imfen/Documents/GitHub/BallRunnerUnreal/MMakuszewska_BallRun/Saved/MainLevel_Auto1B01553054CD3458F7D45AE86792D9059.tmp' to 'C:/Users/imfen/Documents/GitHub/BallRunnerUnreal/MMakuszewska_BallRun/Saved/Autosaves/Game/Levels/MainLevel_Auto1.umap'
[2020.03.27-00.13.33:946][783]LogFileHelpers: Editor autosave (incl. sublevels) for '/Game/Levels/MainLevel' took 0.053
[2020.03.27-00.13.33:946][783]LogFileHelpers: Editor autosave (incl. sublevels) for all levels took 0.053
[2020.03.27-00.13.34:870][786]Job is a success!
[2020.03.27-00.13.35:252][787]LogVolumetricLightmapImport: Imported Volumetric Lightmap in 0.019s
[2020.03.27-00.13.35:252][787]LogVolumetricLightmapImport:      Indirection Texture 16x16x16 = 0.0Mb
[2020.03.27-00.13.35:252][787]LogVolumetricLightmapImport:      BrickData 380x5x5 = 0.3Mb (trimmed 0.0Mb due to 0.010000 MinBrickError)
[2020.03.27-00.13.35:252][787]LogVolumetricLightmapImport:      Bricks at Level
[2020.03.27-00.13.35:252][787]LogVolumetricLightmapImport:          0: 1.3% covering 100.0% of volume
[2020.03.27-00.13.35:252][787]LogVolumetricLightmapImport:          1: 5.3% covering 6.3% of volume
[2020.03.27-00.13.35:252][787]LogVolumetricLightmapImport:          2: 93.4% covering 1.7% of volume
[2020.03.27-00.13.35:425][787]LogTexture: Display: Building textures: HQ_Lightmap0_1 (AutoDXT, 1024X1024)
[2020.03.27-00.13.35:425][787]LogTexture: Display: Building textures: LQ_Lightmap_0_1 (DXT1, 1024X1024)
[2020.03.27-00.13.35:426][787]LogTexture: Display: Building textures: ShadowMapTexture2D_0 (G8, 256X512)
[2020.03.27-00.13.35:460][787]Lightmass on SHEPARD: 1.62 sec total, 97 ms importing, 32 ms setup, 419 ms photons, 959 ms processing, 0 ms extra exporting [18/18 mappings]. Threads: 6.55 sec total, 1.09 sec processing.
[2020.03.27-00.13.35:493][787]LogStaticLightingSystem: Illumination: 15.5 sec (108 ms encoding lightmaps, 34 ms encoding shadowmaps)
[2020.03.27-00.13.35:493][787]LogStaticLightingSystem: Lightmap texture memory:  2.0 MB (0.0 MB streaming, 2.0 MB non-streaming), 2 textures
[2020.03.27-00.13.35:494][787]LogStaticLightingSystem: Shadowmap texture memory: 0.2 MB (0.0 MB streaming, 0.2 MB non-streaming), 1 textures
[2020.03.27-00.13.36:284][787]DumpUnbuiltLightIteractions
[2020.03.27-00.13.36:284][787]Lights with unbuilt interactions: 0
[2020.03.27-00.13.36:284][787]
[2020.03.27-00.13.36:284][787]Primitives with unbuilt interactions: 0
[2020.03.27-00.13.36:331][788]Cmd: MAP CHECK NOTIFYRESULTS
[2020.03.27-00.13.36:332][788]MapCheck: New page: MainLevel - 27 mar 2020, 02:13:36
[2020.03.27-00.13.36:428][788]MapCheck: Map check complete: 0 Error(s), 0 Warning(s), took 96,361ms to complete.
[2020.03.27-00.15.05:562][432]LogSlate: FSceneViewport::OnFocusLost() reason 0
[2020.03.27-00.15.11:975][811]LogSlate: FSceneViewport::OnFocusLost() reason 0
[2020.03.27-00.15.22:066][416]LogSlate: FSceneViewport::OnFocusLost() reason 0
[2020.03.27-00.15.37:303][329]Cmd: DELETE
[2020.03.27-00.15.37:303][329]Cmd: ACTOR DELETE
[2020.03.27-00.15.37:306][329]LogEditorActor: Deleted Actor: SkyLight
[2020.03.27-00.15.37:339][329]LogEditorActor: Deleted 1 Actors (0.036 secs)
[2020.03.27-00.15.38:897][423]LogSlate: FSceneViewport::OnFocusLost() reason 0
[2020.03.27-00.15.50:068][ 89]LogSlate: FSceneViewport::OnFocusLost() reason 0
[2020.03.27-00.15.53:941][319]Cmd: DELETE
[2020.03.27-00.15.53:941][319]Cmd: ACTOR DELETE
[2020.03.27-00.15.53:944][319]LogEditorActor: Deleted Actor: SpotLight
[2020.03.27-00.15.53:978][319]LogEditorActor: Deleted 1 Actors (0.037 secs)
[2020.03.27-00.16.01:339][761]LogSlate: FSceneViewport::OnFocusLost() reason 0
[2020.03.27-00.16.04:652][958]Cmd: DELETE
[2020.03.27-00.16.04:652][958]Cmd: ACTOR DELETE
[2020.03.27-00.16.04:653][958]LogEditorActor: Deleted Actor: PointLight
[2020.03.27-00.16.04:676][958]LogEditorActor: Deleted 1 Actors (0.024 secs)
[2020.03.27-00.16.05:849][ 29]LogSlate: FSceneViewport::OnFocusLost() reason 0
[2020.03.27-00.16.18:504][786]LogSlate: FSceneViewport::OnFocusLost() reason 0
[2020.03.27-00.16.23:309][ 74]LogSlate: FSceneViewport::OnFocusLost() reason 0
[2020.03.27-00.16.38:072][958]Cmd: TRANSACTION UNDO
[2020.03.27-00.16.38:072][958]LogEditorTransaction: Undo Move Actors
[2020.03.27-00.16.38:798][999]Cmd: TRANSACTION UNDO
[2020.03.27-00.16.38:798][999]LogEditorTransaction: Undo Move Actors
[2020.03.27-00.16.57:283][ 46]LogSlate: FSceneViewport::OnFocusLost() reason 0
[2020.03.27-00.17.46:668][995]LogSlate: FSceneViewport::OnFocusLost() reason 0
[2020.03.27-00.17.48:862][123]Cmd: DELETE
[2020.03.27-00.17.48:862][123]Cmd: ACTOR DELETE
[2020.03.27-00.17.48:864][123]LogEditorActor: Deleted Actor: RectLight
[2020.03.27-00.17.48:886][123]LogEditorActor: Deleted 1 Actors (0.024 secs)
[2020.03.27-00.17.51:543][224]LogSlate: FSceneViewport::OnFocusLost() reason 0
[2020.03.27-00.18.03:020][910]LogSlate: FSceneViewport::OnFocusLost() reason 2
[2020.03.27-00.18.05:223][ 42]LogSlate: Window 'Color Picker' being destroyed
[2020.03.27-00.18.08:525][240]LogSlate: FSceneViewport::OnFocusLost() reason 0
[2020.03.27-00.18.13:894][561]Cmd: DELETE
[2020.03.27-00.18.13:894][561]Cmd: ACTOR DELETE
[2020.03.27-00.18.13:896][561]LogEditorActor: Deleted Actor: SkyLight
[2020.03.27-00.18.13:918][561]LogEditorActor: Deleted 1 Actors (0.024 secs)
[2020.03.27-00.18.14:240][581]Cmd: TRANSACTION UNDO
[2020.03.27-00.18.14:240][581]LogEditorTransaction: Undo Delete Actors
[2020.03.27-00.18.14:606][601]Cmd: TRANSACTION UNDO
[2020.03.27-00.18.14:606][601]LogEditorTransaction: Undo Reset to Default
[2020.03.27-00.18.14:938][620]Cmd: TRANSACTION UNDO
[2020.03.27-00.18.14:938][620]LogEditorTransaction: Undo Edit Indirect Lighting Intensity
[2020.03.27-00.18.15:290][641]Cmd: TRANSACTION UNDO
[2020.03.27-00.18.15:290][641]LogEditorTransaction: Undo Edit Light Color
[2020.03.27-00.18.15:729][667]Cmd: TRANSACTION UNDO
[2020.03.27-00.18.15:729][667]LogEditorTransaction: Undo Edit Light Color
[2020.03.27-00.18.16:213][696]Cmd: TRANSACTION UNDO
[2020.03.27-00.18.16:213][696]LogEditorTransaction: Undo Move Actors
[2020.03.27-00.18.20:846][974]LogEditorViewport: Clicking on Actor (LMB): SpotLight (SpotLight2)
[2020.03.27-00.18.21:685][ 23]Cmd: DELETE
[2020.03.27-00.18.21:685][ 23]Cmd: ACTOR DELETE
[2020.03.27-00.18.21:690][ 23]LogEditorActor: Deleted Actor: SpotLight
[2020.03.27-00.18.21:726][ 23]LogEditorActor: Deleted 1 Actors (0.040 secs)
[2020.03.27-00.18.23:581][135]LogEditorViewport: Clicking on Actor (LMB): SpotLight (SpotLight)
[2020.03.27-00.18.24:503][189]Cmd: DELETE
[2020.03.27-00.18.24:503][189]Cmd: ACTOR DELETE
[2020.03.27-00.18.24:505][189]LogEditorActor: Deleted Actor: SpotLight
[2020.03.27-00.18.24:527][189]LogEditorActor: Deleted 1 Actors (0.023 secs)
[2020.03.27-00.18.26:199][290]LogEditorViewport: Clicking on Actor (LMB): SpotLight (SpotLight3)
[2020.03.27-00.18.27:105][343]Cmd: DELETE
[2020.03.27-00.18.27:105][343]Cmd: ACTOR DELETE
[2020.03.27-00.18.27:107][343]LogEditorActor: Deleted Actor: SpotLight
[2020.03.27-00.18.27:128][343]LogEditorActor: Deleted 1 Actors (0.022 secs)
[2020.03.27-00.18.28:771][442]LogEditorViewport: Clicking on Actor (LMB): SpotLight (SpotLight4)
[2020.03.27-00.18.29:509][485]Cmd: DELETE
[2020.03.27-00.18.29:509][485]Cmd: ACTOR DELETE
[2020.03.27-00.18.29:511][485]LogEditorActor: Deleted Actor: SpotLight
[2020.03.27-00.18.29:530][485]LogEditorActor: Deleted 1 Actors (0.021 secs)
[2020.03.27-00.18.31:153][583]LogEditorViewport: Clicking on Actor (LMB): SpotLight (SpotLight5)
[2020.03.27-00.18.31:843][623]Cmd: DELETE
[2020.03.27-00.18.31:843][623]Cmd: ACTOR DELETE
[2020.03.27-00.18.31:844][623]LogEditorActor: Deleted Actor: SpotLight
[2020.03.27-00.18.31:863][623]LogEditorActor: Deleted 1 Actors (0.020 secs)
[2020.03.27-00.18.34:785][799]LogEditorViewport: Clicking on Actor (LMB): SkyLight (SkyLight)
[2020.03.27-00.18.37:976][989]LogSlate: FSceneViewport::OnFocusLost() reason 0
[2020.03.27-00.18.51:425][795]LogSlate: FSceneViewport::OnFocusLost() reason 2
[2020.03.27-00.18.56:777][113]Cmd: TRANSACTION UNDO
[2020.03.27-00.18.56:777][113]LogEditorTransaction: Undo Edit Sky Distance Threshold
[2020.03.27-00.19.00:745][348]Cmd: TRANSACTION UNDO
[2020.03.27-00.19.00:745][348]LogEditorTransaction: Undo Edit Intensity
[2020.03.27-00.19.11:211][974]Cmd: TRANSACTION UNDO
[2020.03.27-00.19.11:211][974]LogEditorTransaction: Undo Edit Volumetric Scattering Intensity
[2020.03.27-00.19.26:986][920]LogEditorViewport: Clicking on Actor (LMB): DirectionalLight (DirectionalLight)
[2020.03.27-00.19.43:775][925]LogSlate: FSceneViewport::OnFocusLost() reason 2
[2020.03.27-00.19.47:046][121]LogSlate: Window 'Color Picker' being destroyed
[2020.03.27-00.19.59:154][687]LogSlate: FSceneViewport::OnFocusLost() reason 2
[2020.03.27-00.20.09:237][167]LogSlate: FSceneViewport::OnFocusLost() reason 2
[2020.03.27-00.20.10:198][221]LogEditorViewport: Clicking Background
[2020.03.27-00.20.24:604][ 83]LogEditorViewport: Clicking Background
[2020.03.27-00.20.40:514][ 35]LogSlate: FSceneViewport::OnFocusLost() reason 2
[2020.03.27-00.20.48:172][492]LogSlate: FSceneViewport::OnFocusLost() reason 2
[2020.03.27-00.21.02:127][292]LogSlate: FSceneViewport::OnFocusLost() reason 2
[2020.03.27-00.21.07:767][627]LogSlate: FSceneViewport::OnFocusLost() reason 2
[2020.03.27-00.23.25:639][810]LogSlate: FSceneViewport::OnFocusLost() reason 0
[2020.03.27-00.23.36:039][427]LogSlate: FSceneViewport::OnFocusLost() reason 0
[2020.03.27-00.23.37:913][537]LogSlate: FSceneViewport::OnFocusLost() reason 0
[2020.03.27-00.23.42:907][720]Cmd: TRANSACTION UNDO
[2020.03.27-00.23.42:907][720]LogEditorTransaction: Undo Create Actors
[2020.03.27-00.23.42:908][720]LogPhysics: Warning: Found bad index buffer when cooking UModelComponent physics data! Component: /Game/Levels/MainLevel.MainLevel:PersistentLevel.ModelComponent_574, Buffer: 0, Buffer Size: 0, Element: 0
[2020.03.27-00.23.42:908][720]LogPhysics: Warning: Found bad index buffer when cooking UModelComponent physics data! Component: /Game/Levels/MainLevel.MainLevel:PersistentLevel.ModelComponent_574, Buffer: 0, Buffer Size: 0, Element: 1
[2020.03.27-00.23.42:908][720]LogPhysics: Warning: UBodySetup::GetCookInfo: Triangle data from '/Game/Levels/MainLevel.MainLevel:PersistentLevel.ModelComponent_574' invalid (210 verts, 0 indices).
[2020.03.27-00.23.42:908][720]LogPhysics: Warning: Attempt to build physics data for /Game/Levels/MainLevel.MainLevel:PersistentLevel.ModelComponent_574.BodySetup_0 when we are unable to.
[2020.03.27-00.23.49:077][ 88]LogSlate: FSceneViewport::OnFocusLost() reason 0
[2020.03.27-00.23.52:420][288]LogSlate: FSceneViewport::OnFocusLost() reason 0
[2020.03.27-00.23.53:846][370]LogSlate: FSceneViewport::OnFocusLost() reason 0
[2020.03.27-00.23.56:390][521]LogSlate: FSceneViewport::OnFocusLost() reason 0
[2020.03.27-00.23.59:363][696]LogSlate: FSceneViewport::OnFocusLost() reason 0
[2020.03.27-00.24.02:583][888]LogSlate: FSceneViewport::OnFocusLost() reason 0
[2020.03.27-00.24.05:482][ 61]LogSlate: FSceneViewport::OnFocusLost() reason 0
[2020.03.27-00.24.08:309][225]LogSlate: FSceneViewport::OnFocusLost() reason 0
[2020.03.27-00.24.12:037][448]LogSlate: FSceneViewport::OnFocusLost() reason 0
[2020.03.27-00.24.20:242][937]LogSlate: FSceneViewport::OnFocusLost() reason 0
[2020.03.27-00.24.23:214][113]LogSlate: FSceneViewport::OnFocusLost() reason 0
[2020.03.27-00.24.25:611][253]LogSlate: FSceneViewport::OnFocusLost() reason 0
[2020.03.27-00.24.27:829][384]LogSlate: FSceneViewport::OnFocusLost() reason 0
[2020.03.27-00.24.34:785][799]LogSlate: FSceneViewport::OnFocusLost() reason 0
[2020.03.27-00.24.36:114][871]LogSlate: FSceneViewport::OnFocusLost() reason 0
[2020.03.27-00.24.37:392][946]LogSlate: FSceneViewport::OnFocusLost() reason 0
[2020.03.27-00.24.48:578][616]LogSlate: FSceneViewport::OnFocusLost() reason 0
[2020.03.27-00.24.48:725][621]LogSavePackage: Moving 'C:/Users/imfen/Documents/GitHub/BallRunnerUnreal/MMakuszewska_BallRun/Saved/MainLevel1E45210140BDFB529B730CB7A23D2EE5.tmp' to 'C:/Users/imfen/Documents/GitHub/BallRunnerUnreal/MMakuszewska_BallRun/Content/Levels/MainLevel.umap'
[2020.03.27-00.24.48:743][621]Cmd: OBJ SAVEPACKAGE PACKAGE="/Game/Levels/MainLevel_BuiltData" FILE="C:/Users/imfen/Documents/GitHub/BallRunnerUnreal/MMakuszewska_BallRun/Content/Levels/MainLevel_BuiltData.uasset" SILENT=true
[2020.03.27-00.24.48:785][621]LogSavePackage: Moving 'C:/Users/imfen/Documents/GitHub/BallRunnerUnreal/MMakuszewska_BallRun/Saved/MainLevel_BuiltData1AF15EE945F0E6101154F794742D778F.tmp' to 'C:/Users/imfen/Documents/GitHub/BallRunnerUnreal/MMakuszewska_BallRun/Content/Levels/MainLevel_BuiltData.uasset'
[2020.03.27-00.24.52:191][821]LogSavePackage: Moving 'C:/Users/imfen/Documents/GitHub/BallRunnerUnreal/MMakuszewska_BallRun/Saved/MainLevel59A1FFD34DB8C939A762E391F62B16DF.tmp' to 'C:/Users/imfen/Documents/GitHub/BallRunnerUnreal/MMakuszewska_BallRun/Content/Levels/MainLevel.umap'
[2020.03.27-00.24.52:208][821]Cmd: OBJ SAVEPACKAGE PACKAGE="/Game/Levels/MainLevel_BuiltData" FILE="C:/Users/imfen/Documents/GitHub/BallRunnerUnreal/MMakuszewska_BallRun/Content/Levels/MainLevel_BuiltData.uasset" SILENT=true
[2020.03.27-00.24.52:251][821]LogSavePackage: Moving 'C:/Users/imfen/Documents/GitHub/BallRunnerUnreal/MMakuszewska_BallRun/Saved/MainLevel_BuiltData4F6F67FB4F5BD727DC156A8D194E43A4.tmp' to 'C:/Users/imfen/Documents/GitHub/BallRunnerUnreal/MMakuszewska_BallRun/Content/Levels/MainLevel_BuiltData.uasset'
[2020.03.27-00.25.55:156][569]LogEditorViewport: Clicking on Actor (LMB): DirectionalLight (DirectionalLight)
[2020.03.27-00.36.59:753][395]LogSlate: FSceneViewport::OnFocusLost() reason 2
[2020.03.27-00.39.59:676][911]LogSlate: FSceneViewport::OnFocusLost() reason 0
[2020.03.27-00.40.02:499][ 80]LogEditorViewport: Clicking on Actor (LMB): DirectionalLight (DirectionalLight)
[2020.03.27-00.40.03:868][162]LogSlate: FSceneViewport::OnFocusLost() reason 0
[2020.03.27-00.40.07:078][354]LogSlate: FSceneViewport::OnFocusLost() reason 0
[2020.03.27-00.40.15:486][858]LogSlate: FSceneViewport::OnFocusLost() reason 0
[2020.03.27-00.40.16:973][946]LogSlate: FSceneViewport::OnFocusLost() reason 0
[2020.03.27-00.40.23:271][323]LogSlate: FSceneViewport::OnFocusLost() reason 0
[2020.03.27-00.40.30:890][773]LogEditorViewport: Clicking on Actor (LMB): SkyLight (SkyLight2)
[2020.03.27-00.40.31:544][812]Cmd: DELETE
[2020.03.27-00.40.31:544][812]Cmd: ACTOR DELETE
[2020.03.27-00.40.31:547][812]LogEditorActor: Deleted Actor: SkyLight
[2020.03.27-00.40.31:575][812]LogEditorActor: Deleted 1 Actors (0.031 secs)
[2020.03.27-00.40.32:867][890]LogSlate: FSceneViewport::OnFocusLost() reason 0
[2020.03.27-00.40.36:357][ 97]LogSlate: FSceneViewport::OnFocusLost() reason 0
[2020.03.27-00.40.51:994][ 34]LogSlate: FSceneViewport::OnFocusLost() reason 0
[2020.03.27-00.41.01:506][603]LogSlate: FSceneViewport::OnFocusLost() reason 0
[2020.03.27-00.41.15:181][423]LogSlate: FSceneViewport::OnFocusLost() reason 0
[2020.03.27-00.41.24:205][959]LogSlate: FSceneViewport::OnFocusLost() reason 0
[2020.03.27-00.41.30:325][326]LogSlate: FSceneViewport::OnFocusLost() reason 0
[2020.03.27-00.41.43:609][123]Cmd: DELETE
[2020.03.27-00.41.43:609][123]Cmd: ACTOR DELETE
[2020.03.27-00.41.43:611][123]LogEditorActor: Deleted Actor: SpotLight
[2020.03.27-00.41.43:629][123]LogEditorActor: Deleted 1 Actors (0.021 secs)
[2020.03.27-00.41.49:763][428]LogSlate: FSceneViewport::OnFocusLost() reason 0
[2020.03.27-00.41.52:044][564]Cmd: DELETE
[2020.03.27-00.41.52:044][564]Cmd: ACTOR DELETE
[2020.03.27-00.41.52:046][564]LogEditorActor: Deleted Actor: PointLight
[2020.03.27-00.41.52:071][564]LogEditorActor: Deleted 1 Actors (0.026 secs)
[2020.03.27-00.41.53:462][648]LogSlate: FSceneViewport::OnFocusLost() reason 0
[2020.03.27-00.41.57:447][884]LogEditorViewport: Clicking Background
[2020.03.27-00.41.58:900][971]LogEditorViewport: Clicking on Actor (LMB): SpotLight (SpotLight)
[2020.03.27-00.42.04:567][307]LogSlate: FSceneViewport::OnFocusLost() reason 0
[2020.03.27-00.42.08:848][563]LogSlate: FSceneViewport::OnFocusLost() reason 0
[2020.03.27-00.42.11:730][736]LogEditorViewport: Clicking on Actor (LMB): DirectionalLight (DirectionalLight)
[2020.03.27-00.42.12:821][800]LogSlate: FSceneViewport::OnFocusLost() reason 0
[2020.03.27-00.42.15:036][933]LogEditorViewport: Clicking on Actor (LMB): SpotLight (SpotLight)
[2020.03.27-00.42.17:669][ 89]LogSlate: FSceneViewport::OnFocusLost() reason 0
[2020.03.27-00.42.22:661][387]Cmd: DELETE
[2020.03.27-00.42.22:661][387]Cmd: ACTOR DELETE
[2020.03.27-00.42.22:662][387]LogEditorActor: Deleted Actor: SpotLight
[2020.03.27-00.42.22:682][387]LogEditorActor: Deleted 1 Actors (0.022 secs)
[2020.03.27-00.42.26:732][629]LogSlate: FSceneViewport::OnFocusLost() reason 0
[2020.03.27-00.42.33:208][ 16]LogEditorViewport: Clicking on Actor (LMB): PointLight (PointLight)
[2020.03.27-00.42.33:982][ 62]Cmd: DELETE
[2020.03.27-00.42.33:982][ 62]Cmd: ACTOR DELETE
[2020.03.27-00.42.33:984][ 62]LogEditorActor: Deleted Actor: PointLight
[2020.03.27-00.42.34:005][ 62]LogEditorActor: Deleted 1 Actors (0.023 secs)
[2020.03.27-00.42.35:497][152]LogSlate: FSceneViewport::OnFocusLost() reason 0
[2020.03.27-00.42.41:811][527]LogSlate: FSceneViewport::OnFocusLost() reason 0
[2020.03.27-00.42.53:178][207]Cmd: TRANSACTION UNDO
[2020.03.27-00.42.53:179][207]LogEditorTransaction: Undo Move Actors
[2020.03.27-00.42.58:159][502]LogEditorViewport: Clicking on Actor (LMB): SpotLight (SpotLight)
[2020.03.27-00.43.06:181][981]Cmd: TRANSACTION UNDO
[2020.03.27-00.43.06:181][981]LogEditorTransaction: Undo Rotate Actors
[2020.03.27-00.43.14:891][501]Cmd: TRANSACTION UNDO
[2020.03.27-00.43.14:891][501]LogEditorTransaction: Undo Move Actors
[2020.03.27-00.43.16:484][593]LogSlate: FSceneViewport::OnFocusLost() reason 0
[2020.03.27-00.43.25:045][106]LogSlate: Window 'Color Picker' being destroyed
[2020.03.27-00.43.30:269][418]LogSlate: FSceneViewport::OnFocusLost() reason 2
[2020.03.27-00.43.37:295][837]LogSlate: Window 'Color Picker' being destroyed
[2020.03.27-00.43.41:053][ 62]LogSlate: FSceneViewport::OnFocusLost() reason 0
[2020.03.27-00.43.55:076][903]Cmd: TRANSACTION UNDO
[2020.03.27-00.43.55:076][903]LogEditorTransaction: Undo Edit Source Radius
[2020.03.27-00.44.02:073][322]Cmd: TRANSACTION UNDO
[2020.03.27-00.44.02:073][322]LogEditorTransaction: Undo Edit Source Length
[2020.03.27-00.44.33:951][226]LogEditorViewport: Clicking on Actor (LMB): DirectionalLight (DirectionalLight)
[2020.03.27-00.44.46:088][952]LogSlate: FSceneViewport::OnFocusLost() reason 0
[2020.03.27-00.44.50:463][214]LogSlate: FSceneViewport::OnFocusLost() reason 0
[2020.03.27-00.44.58:893][719]LogEditorViewport: Clicking on Actor (LMB): SpotLight (SpotLight)
[2020.03.27-00.45.02:638][942]LogSlate: FSceneViewport::OnFocusLost() reason 0
[2020.03.27-00.45.20:061][981]LogEditorViewport: Clicking on Actor (LMB): SpotLight (SpotLight2)
[2020.03.27-00.45.22:006][ 96]Cmd: DELETE
[2020.03.27-00.45.22:006][ 96]Cmd: ACTOR DELETE
[2020.03.27-00.45.22:010][ 96]LogEditorActor: Deleted Actor: SpotLight
[2020.03.27-00.45.22:048][ 96]LogEditorActor: Deleted 1 Actors (0.041 secs)
[2020.03.27-00.45.24:208][226]LogEditorViewport: Clicking on Actor (LMB): SpotLight (SpotLight3)
[2020.03.27-00.45.24:767][258]Cmd: DELETE
[2020.03.27-00.45.24:767][258]Cmd: ACTOR DELETE
[2020.03.27-00.45.24:769][258]LogEditorActor: Deleted Actor: SpotLight
[2020.03.27-00.45.24:789][258]LogEditorActor: Deleted 1 Actors (0.022 secs)
[2020.03.27-00.45.28:839][501]LogEditorViewport: Clicking on Actor (LMB): SpotLight (SpotLight4)
[2020.03.27-00.45.29:579][544]Cmd: DELETE
[2020.03.27-00.45.29:579][544]Cmd: ACTOR DELETE
[2020.03.27-00.45.29:581][544]LogEditorActor: Deleted Actor: SpotLight
[2020.03.27-00.45.29:603][544]LogEditorActor: Deleted 1 Actors (0.024 secs)
[2020.03.27-00.45.59:154][ 45]LogEditorViewport: Clicking on Actor (LMB): SpotLight (SpotLight)
[2020.03.27-00.45.59:284][ 51]LogSlate: FSceneViewport::OnFocusLost() reason 2
[2020.03.27-00.45.59:354][ 51]LogSavePackage: Moving 'C:/Users/imfen/Documents/GitHub/BallRunnerUnreal/MMakuszewska_BallRun/Saved/MainLevel_Auto24E0A2A284A1A5A28B4A1688E0AE2117A.tmp' to 'C:/Users/imfen/Documents/GitHub/BallRunnerUnreal/MMakuszewska_BallRun/Saved/Autosaves/Game/Levels/MainLevel_Auto2.umap'
[2020.03.27-00.45.59:356][ 51]LogFileHelpers: Editor autosave (incl. sublevels) for '/Game/Levels/MainLevel' took 0.056
[2020.03.27-00.45.59:356][ 51]LogFileHelpers: Editor autosave (incl. sublevels) for all levels took 0.056
[2020.03.27-00.46.03:784][314]LogSlate: FSceneViewport::OnFocusLost() reason 2
[2020.03.27-00.46.06:638][485]LogSlate: Window 'Color Picker' being destroyed
[2020.03.27-00.46.11:549][777]LogSlate: FSceneViewport::OnFocusLost() reason 2
[2020.03.27-00.46.13:469][892]LogSlate: Window 'Color Picker' being destroyed
[2020.03.27-00.46.17:707][143]LogSlate: FSceneViewport::OnFocusLost() reason 2
[2020.03.27-00.46.20:594][316]LogSlate: Window 'Color Picker' being destroyed
[2020.03.27-00.46.25:249][593]LogSlate: FSceneViewport::OnFocusLost() reason 0
[2020.03.27-00.46.28:323][777]LogSlate: Window 'Color Picker' being destroyed
[2020.03.27-00.46.31:962][993]LogSlate: FSceneViewport::OnFocusLost() reason 0
[2020.03.27-00.46.35:722][218]LogSlate: Window 'Color Picker' being destroyed
[2020.03.27-00.46.40:501][502]LogSlate: FSceneViewport::OnFocusLost() reason 2
[2020.03.27-00.46.43:206][664]LogSlate: Window 'Color Picker' being destroyed
[2020.03.27-00.46.52:548][224]LogSlate: FSceneViewport::OnFocusLost() reason 0
[2020.03.27-00.47.06:168][928]LogSlate: FSceneViewport::OnFocusLost() reason 0
[2020.03.27-00.47.10:335][176]LogSlate: FSceneViewport::OnFocusLost() reason 0
[2020.03.27-00.47.10:775][200]LogMaterial: Warning: Material /Game/StarterContent/Props/Materials/M_MaterialSphere_Plain.M_MaterialSphere_Plain needed to have new flag set bUsedWithStaticLighting !
[2020.03.27-00.47.10:778][200]LogMaterial: Display: Missing cached shader map for material M_MaterialSphere_Plain, compiling. 
[2020.03.27-00.47.10:848][201]LogShaderCompilers: Display: Shaders left to compile 31
[2020.03.27-00.47.10:848][201]LogShaderCompilers: Display: Shaders left to compile 21
[2020.03.27-00.47.10:848][201]LogShaderCompilers: Display: Shaders left to compile 11
[2020.03.27-00.47.10:848][201]LogShaderCompilers: Display: Shaders left to compile 1
[2020.03.27-00.47.14:272][406]LogSlate: FSceneViewport::OnFocusLost() reason 0
[2020.03.27-00.47.19:444][714]LogSlate: FSceneViewport::OnFocusLost() reason 0
[2020.03.27-00.47.20:930][800]LogSlate: FSceneViewport::OnFocusLost() reason 0
[2020.03.27-00.47.27:878][214]LogSlate: FSceneViewport::OnFocusLost() reason 0
[2020.03.27-00.47.30:637][377]LogSlate: FSceneViewport::OnFocusLost() reason 0
[2020.03.27-00.47.36:506][727]LogSlate: FSceneViewport::OnFocusLost() reason 0
[2020.03.27-00.47.40:240][948]LogSlate: FSceneViewport::OnFocusLost() reason 0
[2020.03.27-00.47.43:155][121]LogSlate: FSceneViewport::OnFocusLost() reason 0
[2020.03.27-00.47.51:141][596]LogSlate: FSceneViewport::OnFocusLost() reason 0
[2020.03.27-00.47.53:713][750]LogSlate: FSceneViewport::OnFocusLost() reason 0
[2020.03.27-00.47.56:123][893]LogSlate: FSceneViewport::OnFocusLost() reason 0
[2020.03.27-00.48.04:736][409]LogSlate: FSceneViewport::OnFocusLost() reason 0
[2020.03.27-00.48.07:992][599]LogSlate: FSceneViewport::OnFocusLost() reason 0
[2020.03.27-00.48.11:411][803]LogSlate: FSceneViewport::OnFocusLost() reason 0
[2020.03.27-00.48.14:057][960]LogSlate: FSceneViewport::OnFocusLost() reason 0
[2020.03.27-00.48.17:417][161]LogSlate: FSceneViewport::OnFocusLost() reason 0
[2020.03.27-00.48.24:585][585]LogEditorViewport: Clicking Background
[2020.03.27-00.48.30:008][799]LogSlate: FSceneViewport::OnFocusLost() reason 2
[2020.03.27-00.49.12:068][180]LogSlate: FSceneViewport::OnFocusLost() reason 2
[2020.03.27-00.49.56:888][837]LogSlate: FSceneViewport::OnFocusLost() reason 2
[2020.03.27-00.53.57:707][984]LogSlate: FSceneViewport::OnFocusLost() reason 2
[2020.03.27-00.54.23:202][ 67]LogSlate: FSceneViewport::OnFocusLost() reason 0
[2020.03.27-00.54.23:330][ 70]LogSavePackage: Moving 'C:/Users/imfen/Documents/GitHub/BallRunnerUnreal/MMakuszewska_BallRun/Saved/MainLevel42157E8A4B7C477D6FC376B4FAF96A9E.tmp' to 'C:/Users/imfen/Documents/GitHub/BallRunnerUnreal/MMakuszewska_BallRun/Content/Levels/MainLevel.umap'
[2020.03.27-00.54.23:350][ 70]Cmd: OBJ SAVEPACKAGE PACKAGE="/Game/Levels/MainLevel_BuiltData" FILE="C:/Users/imfen/Documents/GitHub/BallRunnerUnreal/MMakuszewska_BallRun/Content/Levels/MainLevel_BuiltData.uasset" SILENT=true
[2020.03.27-00.54.23:393][ 70]LogSavePackage: Moving 'C:/Users/imfen/Documents/GitHub/BallRunnerUnreal/MMakuszewska_BallRun/Saved/MainLevel_BuiltDataD5AEBCB14FCF8026782DFCB419087ED0.tmp' to 'C:/Users/imfen/Documents/GitHub/BallRunnerUnreal/MMakuszewska_BallRun/Content/Levels/MainLevel_BuiltData.uasset'
[2020.03.27-00.54.25:871][136]LogSlate: Window 'Save Content' being destroyed
[2020.03.27-00.54.25:929][136]LogSavePackage: Moving 'C:/Users/imfen/Documents/GitHub/BallRunnerUnreal/MMakuszewska_BallRun/Saved/M_MaterialSphere_PlainCEEF86564478697D42363883399803B7.tmp' to 'C:/Users/imfen/Documents/GitHub/BallRunnerUnreal/MMakuszewska_BallRun/Content/StarterContent/Props/Materials/M_MaterialSphere_Plain.uasset'
[2020.03.27-00.54.25:976][136]LogSlate: Window 'MMakuszewska_BallRun - Unreal Editor' being destroyed
[2020.03.27-00.54.26:159][137]Cmd: QUIT_EDITOR
[2020.03.27-00.54.26:175][137]LogWindowsTextInputMethodSystem: Display: IME system now deactivated.
[2020.03.27-00.54.26:185][137]LogExit: Preparing to exit.
[2020.03.27-00.54.27:152][137]LogExit: Editor shut down
[2020.03.27-00.54.27:153][137]LogExit: Transaction tracking system shut down
[2020.03.27-00.54.27:488][137]LogExit: Object subsystem successfully closed.
[2020.03.27-00.54.27:517][137]LogShaderCompilers: Display: Shaders left to compile 0
[2020.03.27-00.54.27:523][137]LogD3D11RHI: Shutdown
[2020.03.27-00.54.27:523][137]LogD3D11RHI: CleanupD3DDevice
[2020.03.27-00.54.27:527][137]LogD3D11RHI: ~FD3D11DynamicRHI
[2020.03.27-00.54.27:549][137]LogModuleManager: Shutting down and abandoning module HierarchicalLODUtilities (614)
[2020.03.27-00.54.27:549][137]LogModuleManager: Shutting down and abandoning module ExternalImagePicker (612)
[2020.03.27-00.54.27:549][137]LogModuleManager: Shutting down and abandoning module HierarchicalLODOutliner (610)
[2020.03.27-00.54.27:549][137]LogModuleManager: Shutting down and abandoning module SceneOutliner (608)
[2020.03.27-00.54.27:549][137]LogModuleManager: Shutting down and abandoning module AddContentDialog (606)
[2020.03.27-00.54.27:550][137]LogModuleManager: Shutting down and abandoning module WidgetCarousel (605)
[2020.03.27-00.54.27:550][137]LogModuleManager: Shutting down and abandoning module EditorWidgets (602)
[2020.03.27-00.54.27:550][137]LogModuleManager: Shutting down and abandoning module CollectionManager (600)
[2020.03.27-00.54.27:551][137]LogModuleManager: Shutting down and abandoning module StatsViewer (598)
[2020.03.27-00.54.27:551][137]LogModuleManager: Shutting down and abandoning module FoliageEdit (596)
[2020.03.27-00.54.27:551][137]LogModuleManager: Shutting down and abandoning module LandscapeEditor (594)
[2020.03.27-00.54.27:551][137]LogModuleManager: Shutting down and abandoning module MeshPaintMode (592)
[2020.03.27-00.54.27:551][137]LogModuleManager: Shutting down and abandoning module SceneDepthPickerMode (590)
[2020.03.27-00.54.27:551][137]LogModuleManager: Shutting down and abandoning module ActorPickerMode (588)
[2020.03.27-00.54.27:551][137]LogModuleManager: Shutting down and abandoning module GeometryMode (586)
[2020.03.27-00.54.27:551][137]LogModuleManager: Shutting down and abandoning module TextureAlignMode (584)
[2020.03.27-00.54.27:551][137]LogModuleManager: Shutting down and abandoning module BspMode (582)
[2020.03.27-00.54.27:552][137]LogModuleManager: Shutting down and abandoning module PIEPreviewDeviceProfileSelector (580)
[2020.03.27-00.54.27:552][137]LogModuleManager: Shutting down and abandoning module SequenceRecorderSections (578)
[2020.03.27-00.54.27:552][137]LogModuleManager: Shutting down and abandoning module AutomationWorker (576)
[2020.03.27-00.54.27:552][137]LogModuleManager: Shutting down and abandoning module AudioCaptureEditor (574)
[2020.03.27-00.54.27:552][137]LogModuleManager: Shutting down and abandoning module SequenceRecorder (573)
[2020.03.27-00.54.27:552][137]LogModuleManager: Shutting down and abandoning module MatineeToLevelSequence (570)
[2020.03.27-00.54.27:552][137]LogModuleManager: Shutting down and abandoning module LevelSequenceEditor (568)
[2020.03.27-00.54.27:552][137]LogModuleManager: Shutting down and abandoning module PlacementMode (567)
[2020.03.27-00.54.27:552][137]LogModuleManager: Shutting down and abandoning module MaterialEditor (566)
[2020.03.27-00.54.27:552][137]LogModuleManager: Shutting down and abandoning module WmfMediaFactory (562)
[2020.03.27-00.54.27:552][137]LogModuleManager: Shutting down and abandoning module WmfMediaEditor (560)
[2020.03.27-00.54.27:552][137]LogModuleManager: Shutting down and abandoning module MediaPlayerEditor (558)
[2020.03.27-00.54.27:553][137]LogModuleManager: Shutting down and abandoning module OpenExrWrapper (556)
[2020.03.27-00.54.27:553][137]LogModuleManager: Shutting down and abandoning module ImgMediaFactory (554)
[2020.03.27-00.54.27:553][137]LogModuleManager: Shutting down and abandoning module ImgMediaEditor (552)
[2020.03.27-00.54.27:553][137]LogModuleManager: Shutting down and abandoning module AvfMediaFactory (550)
[2020.03.27-00.54.27:553][137]LogModuleManager: Shutting down and abandoning module AvfMediaEditor (548)
[2020.03.27-00.54.27:553][137]LogModuleManager: Shutting down and abandoning module AndroidMediaFactory (546)
[2020.03.27-00.54.27:553][137]LogModuleManager: Shutting down and abandoning module AndroidMediaEditor (544)
[2020.03.27-00.54.27:553][137]LogModuleManager: Shutting down and abandoning module MagicLeapCameraPreviewFactory (542)
[2020.03.27-00.54.27:553][137]LogModuleManager: Shutting down and abandoning module MagicLeapMediaFactory (540)
[2020.03.27-00.54.27:553][137]LogModuleManager: Shutting down and abandoning module MagicLeapMediaEditor (538)
[2020.03.27-00.54.27:553][137]LogModuleManager: Shutting down and abandoning module CharacterAI (536)
[2020.03.27-00.54.27:553][137]LogModuleManager: Shutting down and abandoning module SmartSnapping (534)
[2020.03.27-00.54.27:553][137]LogModuleManager: Shutting down and abandoning module SessionServices (532)
[2020.03.27-00.54.27:553][137]LogModuleManager: Shutting down and abandoning module ViewportSnapping (530)
[2020.03.27-00.54.27:553][137]LogModuleManager: Shutting down and abandoning module ViewportInteraction (528)
[2020.03.27-00.54.27:553][137]LogModuleManager: Shutting down and abandoning module ClothPainter (526)
[2020.03.27-00.54.27:553][137]LogModuleManager: Shutting down and abandoning module SkeletalMeshEditor (525)
[2020.03.27-00.54.27:553][137]LogModuleManager: Shutting down and abandoning module LogVisualizer (522)
[2020.03.27-00.54.27:553][137]LogModuleManager: Shutting down and abandoning module IntroTutorials (520)
[2020.03.27-00.54.27:554][137]LogModuleManager: Shutting down and abandoning module GameProjectGeneration (519)
[2020.03.27-00.54.27:554][137]LogModuleManager: Shutting down and abandoning module LuminPlatformEditor (516)
[2020.03.27-00.54.27:554][137]LogModuleManager: Shutting down and abandoning module IOSPlatformEditor (514)
[2020.03.27-00.54.27:554][137]LogModuleManager: Shutting down and abandoning module HTML5PlatformEditor (512)
[2020.03.27-00.54.27:554][137]LogModuleManager: Shutting down and abandoning module AndroidPlatformEditor (510)
[2020.03.27-00.54.27:554][137]LogModuleManager: Shutting down and abandoning module AndroidDeviceDetection (509)
[2020.03.27-00.54.27:577][137]LogModuleManager: Shutting down and abandoning module WindowsPlatformEditor (506)
[2020.03.27-00.54.27:577][137]LogModuleManager: Shutting down and abandoning module LuminRuntimeSettings (504)
[2020.03.27-00.54.27:577][137]LogModuleManager: Shutting down and abandoning module IOSRuntimeSettings (502)
[2020.03.27-00.54.27:577][137]LogModuleManager: Shutting down and abandoning module AndroidRuntimeSettings (500)
[2020.03.27-00.54.27:578][137]LogModuleManager: Shutting down and abandoning module InputBindingEditor (498)
[2020.03.27-00.54.27:578][137]LogModuleManager: Shutting down and abandoning module MergeActors (496)
[2020.03.27-00.54.27:578][137]LogModuleManager: Shutting down and abandoning module LocalizationDashboard (494)
[2020.03.27-00.54.27:578][137]LogModuleManager: Shutting down and abandoning module LocalizationService (493)
[2020.03.27-00.54.27:578][137]LogModuleManager: Shutting down and abandoning module HardwareTargeting (490)
[2020.03.27-00.54.27:578][137]LogModuleManager: Shutting down and abandoning module DeviceProfileEditor (488)
[2020.03.27-00.54.27:578][137]LogModuleManager: Shutting down and abandoning module UndoHistory (486)
[2020.03.27-00.54.27:578][137]LogModuleManager: Shutting down and abandoning module XmlParser (484)
[2020.03.27-00.54.27:578][137]LogModuleManager: Shutting down and abandoning module Blutility (482)
[2020.03.27-00.54.27:578][137]LogModuleManager: Shutting down and abandoning module ProjectSettingsViewer (480)
[2020.03.27-00.54.27:578][137]LogModuleManager: Shutting down and abandoning module ProjectTargetPlatformEditor (479)
[2020.03.27-00.54.27:578][137]LogModuleManager: Shutting down and abandoning module EditorSettingsViewer (476)
[2020.03.27-00.54.27:578][137]LogModuleManager: Shutting down and abandoning module SettingsEditor (474)
[2020.03.27-00.54.27:578][137]LogModuleManager: Shutting down and abandoning module ProjectLauncher (472)
[2020.03.27-00.54.27:578][137]LogModuleManager: Shutting down and abandoning module SessionFrontend (470)
[2020.03.27-00.54.27:578][137]LogModuleManager: Shutting down and abandoning module ProfilerClient (468)
[2020.03.27-00.54.27:578][137]LogModuleManager: Shutting down and abandoning module DeviceManager (466)
[2020.03.27-00.54.27:578][137]LogModuleManager: Shutting down and abandoning module TargetDeviceServices (465)
[2020.03.27-00.54.27:634][137]LogModuleManager: Shutting down and abandoning module AutomationController (462)
[2020.03.27-00.54.27:634][137]LogModuleManager: Shutting down and abandoning module AutomationWindow (460)
[2020.03.27-00.54.27:634][137]LogModuleManager: Shutting down and abandoning module Layers (458)
[2020.03.27-00.54.27:634][137]LogModuleManager: Shutting down and abandoning module ComponentVisualizers (456)
[2020.03.27-00.54.27:634][137]LogModuleManager: Shutting down and abandoning module DetailCustomizations (454)
[2020.03.27-00.54.27:634][137]LogModuleManager: Shutting down and abandoning module PackagesDialog (452)
[2020.03.27-00.54.27:634][137]LogModuleManager: Shutting down and abandoning module Persona (450)
[2020.03.27-00.54.27:634][137]LogModuleManager: Shutting down and abandoning module AdvancedPreviewScene (449)
[2020.03.27-00.54.27:634][137]LogModuleManager: Shutting down and abandoning module AnimGraph (447)
[2020.03.27-00.54.27:634][137]LogModuleManager: Shutting down and abandoning module Kismet (444)
[2020.03.27-00.54.27:634][137]LogModuleManager: Shutting down and abandoning module GraphEditor (442)
[2020.03.27-00.54.27:635][137]LogModuleManager: Shutting down and abandoning module ClassViewer (440)
[2020.03.27-00.54.27:635][137]LogModuleManager: Shutting down and abandoning module Toolbox (438)
[2020.03.27-00.54.27:635][137]LogModuleManager: Shutting down and abandoning module ModuleUI (436)
[2020.03.27-00.54.27:635][137]LogModuleManager: Shutting down and abandoning module MovieSceneTools (434)
[2020.03.27-00.54.27:635][137]LogModuleManager: Shutting down and abandoning module OutputLog (432)
[2020.03.27-00.54.27:635][137]LogModuleManager: Shutting down and abandoning module GammaUI (430)
[2020.03.27-00.54.27:635][137]LogModuleManager: Shutting down and abandoning module Documentation (428)
[2020.03.27-00.54.27:635][137]LogModuleManager: Shutting down and abandoning module MovieSceneTracks (426)
[2020.03.27-00.54.27:635][137]LogModuleManager: Shutting down and abandoning module MovieScene (424)
[2020.03.27-00.54.27:635][137]LogModuleManager: Shutting down and abandoning module StreamingPauseRendering (422)
[2020.03.27-00.54.27:635][137]LogModuleManager: Shutting down and abandoning module LauncherPlatform (420)
[2020.03.27-00.54.27:635][137]LogModuleManager: Shutting down and abandoning module AnalyticsET (418)
[2020.03.27-00.54.27:635][137]LogModuleManager: Shutting down and abandoning module PortalServices (416)
[2020.03.27-00.54.27:635][137]LogModuleManager: Shutting down and abandoning module PortalRpc (414)
[2020.03.27-00.54.27:635][137]LogModuleManager: Shutting down and abandoning module MessagingRpc (412)
[2020.03.27-00.54.27:635][137]LogModuleManager: Shutting down and abandoning module AIModule (410)
[2020.03.27-00.54.27:635][137]LogModuleManager: Shutting down and abandoning module GameplayDebugger (409)
[2020.03.27-00.54.27:635][137]LogModuleManager: Shutting down and abandoning module AITestSuite (407)
[2020.03.27-00.54.27:635][137]LogModuleManager: Shutting down and abandoning module NavigationSystem (405)
[2020.03.27-00.54.27:635][137]LogModuleManager: Shutting down and abandoning module DesktopPlatform (402)
[2020.03.27-00.54.27:635][137]LogModuleManager: Shutting down and abandoning module ProfilerService (400)
[2020.03.27-00.54.27:700][137]LogModuleManager: Shutting down and abandoning module TaskGraph (398)
[2020.03.27-00.54.27:700][137]LogModuleManager: Shutting down and abandoning module SteamVRController (396)
[2020.03.27-00.54.27:700][137]LogModuleManager: Shutting down and abandoning module ProceduralMeshComponentEditor (394)
[2020.03.27-00.54.27:700][137]LogModuleManager: Shutting down and abandoning module ProceduralMeshComponent (392)
[2020.03.27-00.54.27:700][137]LogModuleManager: Shutting down and abandoning module OculusInput (390)
[2020.03.27-00.54.27:700][137]LogModuleManager: Shutting down and abandoning module MobilePatchingUtils (388)
[2020.03.27-00.54.27:700][137]LogModuleManager: Shutting down and abandoning module EditableMesh (386)
[2020.03.27-00.54.27:700][137]LogModuleManager: Shutting down and abandoning module CustomMeshComponent (384)
[2020.03.27-00.54.27:700][137]LogModuleManager: Shutting down and abandoning module CableComponent (382)
[2020.03.27-00.54.27:700][137]LogModuleManager: Shutting down and abandoning module AudioCapture (380)
[2020.03.27-00.54.27:700][137]LogModuleManager: Shutting down and abandoning module ArchVisCharacter (378)
[2020.03.27-00.54.27:700][137]LogModuleManager: Shutting down and abandoning module AndroidPermission (376)
[2020.03.27-00.54.27:700][137]LogModuleManager: Shutting down and abandoning module NUTUnrealEngine4 (374)
[2020.03.27-00.54.27:700][137]LogModuleManager: Shutting down and abandoning module NetcodeUnitTest (372)
[2020.03.27-00.54.27:700][137]LogModuleManager: Shutting down and abandoning module MediaCompositingEditor (370)
[2020.03.27-00.54.27:700][137]LogModuleManager: Shutting down and abandoning module MediaCompositing (368)
[2020.03.27-00.54.27:700][137]LogModuleManager: Shutting down and abandoning module LinearTimecode (366)
[2020.03.27-00.54.27:700][137]LogModuleManager: Shutting down and abandoning module ImgMedia (364)
[2020.03.27-00.54.27:705][137]LogModuleManager: Shutting down and abandoning module HTML5Networking (362)
[2020.03.27-00.54.27:705][137]LogModuleManager: Shutting down and abandoning module GeometryCacheTracks (360)
[2020.03.27-00.54.27:705][137]LogModuleManager: Shutting down and abandoning module GeometryCacheSequencer (358)
[2020.03.27-00.54.27:705][137]LogModuleManager: Shutting down and abandoning module BackChannel (356)
[2020.03.27-00.54.27:705][137]LogModuleManager: Shutting down and abandoning module AppleVision (354)
[2020.03.27-00.54.27:705][137]LogModuleManager: Shutting down and abandoning module AppleImageUtils (352)
[2020.03.27-00.54.27:705][137]LogModuleManager: Shutting down and abandoning module AlembicImporter (350)
[2020.03.27-00.54.27:705][137]LogModuleManager: Shutting down and abandoning module AlembicLibrary (349)
[2020.03.27-00.54.27:705][137]LogModuleManager: Shutting down and abandoning module GeometryCache (348)
[2020.03.27-00.54.27:705][137]LogModuleManager: Shutting down and abandoning module GeometryCacheEd (347)
[2020.03.27-00.54.27:706][137]LogModuleManager: Shutting down and abandoning module DatasmithContentEditor (342)
[2020.03.27-00.54.27:706][137]LogModuleManager: Shutting down and abandoning module DatasmithContent (340)
[2020.03.27-00.54.27:706][137]LogModuleManager: Shutting down and abandoning module SpeedTreeImporter (338)
[2020.03.27-00.54.27:706][137]LogModuleManager: Shutting down and abandoning module PluginBrowser (336)
[2020.03.27-00.54.27:706][137]LogModuleManager: Shutting down and abandoning module MobileLauncherProfileWizard (334)
[2020.03.27-00.54.27:706][137]LogModuleManager: Shutting down and abandoning module PolygonModeling (332)
[2020.03.27-00.54.27:706][137]LogModuleManager: Shutting down and abandoning module MeshEditor (330)
[2020.03.27-00.54.27:706][137]LogModuleManager: Shutting down and abandoning module CryptoKeysOpenSSL (328)
[2020.03.27-00.54.27:706][137]LogModuleManager: Shutting down and abandoning module CryptoKeys (326)
[2020.03.27-00.54.27:706][137]LogModuleManager: Shutting down and abandoning module VisualStudioSourceCodeAccess (324)
[2020.03.27-00.54.27:707][137]LogModuleManager: Shutting down and abandoning module VisualStudioCodeSourceCodeAccess (322)
[2020.03.27-00.54.27:707][137]LogModuleManager: Shutting down and abandoning module UObjectPlugin (320)
[2020.03.27-00.54.27:707][137]LogModuleManager: Shutting down and abandoning module SubversionSourceControl (318)
[2020.03.27-00.54.27:707][137]LogModuleManager: Shutting down and abandoning module PerforceSourceControl (316)
[2020.03.27-00.54.27:707][137]LogModuleManager: Shutting down and abandoning module GitSourceControl (314)
[2020.03.27-00.54.27:707][137]LogModuleManager: Shutting down and abandoning module SourceControl (313)
[2020.03.27-00.54.27:707][137]LogModuleManager: Shutting down and abandoning module CLionSourceCodeAccess (310)
[2020.03.27-00.54.27:707][137]LogModuleManager: Shutting down and abandoning module LightPropagationVolumeEditor (308)
[2020.03.27-00.54.27:707][137]LogModuleManager: Shutting down and abandoning module PaperTiledImporter (306)
[2020.03.27-00.54.27:707][137]LogModuleManager: Shutting down and abandoning module PaperSpriteSheetImporter (304)
[2020.03.27-00.54.27:707][137]LogModuleManager: Shutting down and abandoning module Paper2DEditor (302)
[2020.03.27-00.54.27:707][137]LogModuleManager: Shutting down and abandoning module MeshPaint (301)
[2020.03.27-00.54.27:707][137]LogModuleManager: Shutting down and abandoning module RuntimePhysXCooking (298)
[2020.03.27-00.54.27:707][137]LogModuleManager: Shutting down and abandoning module PhysXVehiclesEditor (296)
[2020.03.27-00.54.27:707][137]LogModuleManager: Shutting down and abandoning module PhysXVehicles (294)
[2020.03.27-00.54.27:707][137]LogModuleManager: Shutting down and abandoning module OculusEditor (292)
[2020.03.27-00.54.27:707][137]LogModuleManager: Shutting down and abandoning module LocationServicesBPLibrary (290)
[2020.03.27-00.54.27:707][137]LogModuleManager: Shutting down and abandoning module ImmediatePhysicsEditor (288)
[2020.03.27-00.54.27:707][137]LogModuleManager: Shutting down and abandoning module ImmediatePhysics (286)
[2020.03.27-00.54.27:707][137]LogModuleManager: Shutting down and abandoning module ActorSequence (284)
[2020.03.27-00.54.27:707][137]LogModuleManager: Shutting down and abandoning module UdpMessaging (282)
[2020.03.27-00.54.27:808][137]LogModuleManager: Shutting down and abandoning module TcpMessaging (280)
[2020.03.27-00.54.27:908][137]LogModuleManager: Shutting down and abandoning module MagicLeapAudio (278)
[2020.03.27-00.54.27:908][137]LogModuleManager: Shutting down and abandoning module GameplayTagsEditor (276)
[2020.03.27-00.54.27:908][137]LogModuleManager: Shutting down and abandoning module FacialAnimationEditor (274)
[2020.03.27-00.54.27:908][137]LogModuleManager: Shutting down and abandoning module FacialAnimation (272)
[2020.03.27-00.54.27:908][137]LogModuleManager: Shutting down and abandoning module DataValidation (270)
[2020.03.27-00.54.27:908][137]LogModuleManager: Shutting down and abandoning module AssetManagerEditor (268)
[2020.03.27-00.54.27:908][137]LogModuleManager: Shutting down and abandoning module LevelEditor (267)
[2020.03.27-00.54.27:908][137]LogModuleManager: Shutting down and abandoning module PixelInspectorModule (266)
[2020.03.27-00.54.27:908][137]LogModuleManager: Shutting down and abandoning module CommonMenuExtensions (264)
[2020.03.27-00.54.27:909][137]LogModuleManager: Shutting down and abandoning module MainFrame (262)
[2020.03.27-00.54.27:909][137]LogModuleManager: Shutting down and abandoning module HotReload (261)
[2020.03.27-00.54.27:909][137]LogModuleManager: Shutting down and abandoning module ContentBrowser (257)
[2020.03.27-00.54.27:910][137]LogModuleManager: Shutting down and abandoning module TreeMap (255)
[2020.03.27-00.54.27:910][137]LogModuleManager: Shutting down and abandoning module LightPropagationVolumeRuntime (252)
[2020.03.27-00.54.27:910][137]LogModuleManager: Shutting down and abandoning module AISupportModule (250)
[2020.03.27-00.54.27:910][137]LogModuleManager: Shutting down and abandoning module Paper2D (248)
[2020.03.27-00.54.27:910][137]LogModuleManager: Shutting down and abandoning module WindowsMoviePlayer (246)
[2020.03.27-00.54.27:910][137]LogModuleManager: Shutting down and abandoning module WmfMedia (244)
[2020.03.27-00.54.27:911][137]LogModuleManager: Shutting down and abandoning module Media (243)
[2020.03.27-00.54.27:918][137]LogModuleManager: Shutting down and abandoning module PacketHandler (240)
[2020.03.27-00.54.27:918][137]LogModuleManager: Shutting down and abandoning module ClothingSystemEditor (238)
[2020.03.27-00.54.27:918][137]LogModuleManager: Shutting down and abandoning module ClothingSystemRuntime (236)
[2020.03.27-00.54.27:918][137]LogModuleManager: Shutting down and abandoning module MediaAssets (234)
[2020.03.27-00.54.27:919][137]LogModuleManager: Shutting down and abandoning module Overlay (232)
[2020.03.27-00.54.27:919][137]LogModuleManager: Shutting down and abandoning module OverlayEditor (231)
[2020.03.27-00.54.27:919][137]LogModuleManager: Shutting down and abandoning module VREditor (228)
[2020.03.27-00.54.27:919][137]LogModuleManager: Shutting down and abandoning module StringTableEditor (226)
[2020.03.27-00.54.27:919][137]LogModuleManager: Shutting down and abandoning module GameplayTasksEditor (224)
[2020.03.27-00.54.27:919][137]LogModuleManager: Shutting down and abandoning module BehaviorTreeEditor (222)
[2020.03.27-00.54.27:919][137]LogModuleManager: Shutting down and abandoning module FunctionalTesting (220)
[2020.03.27-00.54.27:919][137]LogModuleManager: Shutting down and abandoning module CollisionAnalyzer (218)
[2020.03.27-00.54.27:919][137]LogModuleManager: Shutting down and abandoning module WorkspaceMenuStructure (217)
[2020.03.27-00.54.27:919][137]LogModuleManager: Shutting down and abandoning module UMG (214)
[2020.03.27-00.54.27:919][137]LogModuleManager: Shutting down and abandoning module UMGEditor (213)
[2020.03.27-00.54.27:919][137]LogModuleManager: Shutting down and abandoning module Sequencer (212)
[2020.03.27-00.54.27:919][137]LogModuleManager: Shutting down and abandoning module MessageLog (209)
[2020.03.27-00.54.27:919][137]LogModuleManager: Shutting down and abandoning module SlateReflector (204)
[2020.03.27-00.54.27:919][137]LogModuleManager: Shutting down and abandoning module Slate (202)
[2020.03.27-00.54.27:919][137]LogModuleManager: Shutting down and abandoning module EditorStyle (200)
[2020.03.27-00.54.27:921][137]LogModuleManager: Shutting down and abandoning module MRMesh (198)
[2020.03.27-00.54.27:921][137]LogModuleManager: Shutting down and abandoning module SourceCodeAccess (196)
[2020.03.27-00.54.27:921][137]LogModuleManager: Shutting down and abandoning module HeadMountedDisplay (194)
[2020.03.27-00.54.27:921][137]LogModuleManager: Shutting down and abandoning module XAudio2 (192)
[2020.03.27-00.54.27:921][137]LogModuleManager: Shutting down and abandoning module Networking (190)
[2020.03.27-00.54.27:921][137]LogModuleManager: Shutting down and abandoning module Core (188)
[2020.03.27-00.54.27:921][137]LogModuleManager: Shutting down and abandoning module LevelSequence (186)
[2020.03.27-00.54.27:921][137]LogModuleManager: Shutting down and abandoning module KismetCompiler (184)
[2020.03.27-00.54.27:921][137]LogModuleManager: Shutting down and abandoning module MeshUtilities (182)
[2020.03.27-00.54.27:921][137]LogModuleManager: Shutting down and abandoning module MeshMergeUtilities (181)
[2020.03.27-00.54.27:921][137]LogModuleManager: Shutting down and abandoning module MeshReductionInterface (180)
[2020.03.27-00.54.27:921][137]LogModuleManager: Shutting down and abandoning module SimplygonSwarm (179)
[2020.03.27-00.54.27:921][137]LogModuleManager: Shutting down and abandoning module ProxyLODMeshReduction (177)
[2020.03.27-00.54.27:921][137]LogModuleManager: Shutting down and abandoning module SimplygonMeshReduction (175)
[2020.03.27-00.54.27:921][137]LogModuleManager: Shutting down and abandoning module QuadricMeshReduction (173)
[2020.03.27-00.54.27:921][137]LogModuleManager: Shutting down and abandoning module MaterialBaking (169)
[2020.03.27-00.54.27:921][137]LogModuleManager: Shutting down and abandoning module DirectoryWatcher (165)
[2020.03.27-00.54.27:921][137]LogModuleManager: Shutting down and abandoning module DerivedDataCache (162)
[2020.03.27-00.54.27:988][137]LogDerivedDataCache: Shutdown
[2020.03.27-00.54.27:988][137]LogModuleManager: Shutting down and abandoning module XGEController (160)
[2020.03.27-00.54.27:988][137]LogModuleManager: Shutting down and abandoning module TargetPlatform (158)
[2020.03.27-00.54.27:988][137]LogModuleManager: Shutting down and abandoning module VulkanShaderFormat (157)
[2020.03.27-00.54.27:988][137]LogModuleManager: Shutting down and abandoning module ShaderFormatVectorVM (155)
[2020.03.27-00.54.27:988][137]LogModuleManager: Shutting down and abandoning module ShaderFormatOpenGL (153)
[2020.03.27-00.54.27:988][137]LogModuleManager: Shutting down and abandoning module ShaderFormatD3D (151)
[2020.03.27-00.54.27:988][137]LogModuleManager: Shutting down and abandoning module MetalShaderFormat (149)
[2020.03.27-00.54.27:988][137]LogModuleManager: Shutting down and abandoning module TextureFormatUncompressed (147)
[2020.03.27-00.54.27:988][137]LogModuleManager: Shutting down and abandoning module TextureFormatPVR (145)
[2020.03.27-00.54.27:988][137]LogModuleManager: Shutting down and abandoning module TextureFormatDXT (143)
[2020.03.27-00.54.27:988][137]LogModuleManager: Shutting down and abandoning module TextureFormatIntelISPCTexComp (141)
[2020.03.27-00.54.27:989][137]LogModuleManager: Shutting down and abandoning module TextureFormatASTC (139)
[2020.03.27-00.54.27:989][137]LogModuleManager: Shutting down and abandoning module ImageWrapper (138)
[2020.03.27-00.54.27:989][137]LogModuleManager: Shutting down and abandoning module TextureFormatAndroid (135)
[2020.03.27-00.54.27:989][137]LogModuleManager: Shutting down and abandoning module AudioFormatOpus (133)
[2020.03.27-00.54.27:989][137]LogModuleManager: Shutting down and abandoning module AudioFormatOgg (131)
[2020.03.27-00.54.27:989][137]LogModuleManager: Shutting down and abandoning module AudioFormatADPCM (129)
[2020.03.27-00.54.27:989][137]LogModuleManager: Shutting down and abandoning module LuminTargetPlatform (127)
[2020.03.27-00.54.27:989][137]LogModuleManager: Shutting down and abandoning module LinuxTargetPlatform (125)
[2020.03.27-00.54.27:989][137]LogModuleManager: Shutting down and abandoning module LinuxServerTargetPlatform (123)
[2020.03.27-00.54.27:989][137]LogModuleManager: Shutting down and abandoning module LinuxNoEditorTargetPlatform (121)
[2020.03.27-00.54.27:989][137]LogModuleManager: Shutting down and abandoning module LinuxClientTargetPlatform (119)
[2020.03.27-00.54.27:989][137]LogModuleManager: Shutting down and abandoning module TVOSTargetPlatform (117)
[2020.03.27-00.54.27:989][137]LogModuleManager: Shutting down and abandoning module Messaging (115)
[2020.03.27-00.54.27:989][137]LogModuleManager: Shutting down and abandoning module IOSTargetPlatform (113)
[2020.03.27-00.54.27:990][137]LogModuleManager: Shutting down and abandoning module HTML5TargetPlatform (111)
[2020.03.27-00.54.27:990][137]LogModuleManager: Shutting down and abandoning module AndroidTargetPlatform (109)
[2020.03.27-00.54.27:996][137]LogModuleManager: Shutting down and abandoning module WindowsTargetPlatform (107)
[2020.03.27-00.54.27:996][137]LogModuleManager: Shutting down and abandoning module WindowsServerTargetPlatform (105)
[2020.03.27-00.54.27:996][137]LogModuleManager: Shutting down and abandoning module WindowsNoEditorTargetPlatform (103)
[2020.03.27-00.54.27:996][137]LogModuleManager: Shutting down and abandoning module WindowsClientTargetPlatform (101)
[2020.03.27-00.54.27:996][137]LogModuleManager: Shutting down and abandoning module MacTargetPlatform (99)
[2020.03.27-00.54.27:996][137]LogModuleManager: Shutting down and abandoning module MacServerTargetPlatform (97)
[2020.03.27-00.54.27:996][137]LogModuleManager: Shutting down and abandoning module MacNoEditorTargetPlatform (95)
[2020.03.27-00.54.27:996][137]LogModuleManager: Shutting down and abandoning module MacClientTargetPlatform (93)
[2020.03.27-00.54.27:996][137]LogModuleManager: Shutting down and abandoning module AllDesktopTargetPlatform (91)
[2020.03.27-00.54.27:996][137]LogModuleManager: Shutting down and abandoning module InputCore (88)
[2020.03.27-00.54.27:996][137]LogModuleManager: Shutting down and abandoning module Settings (86)
[2020.03.27-00.54.27:996][137]LogModuleManager: Shutting down and abandoning module PhysXCooking (84)
[2020.03.27-00.54.27:996][137]LogModuleManager: Shutting down and abandoning module SteamVR (82)
[2020.03.27-00.54.27:996][137]LogModuleManager: Shutting down and abandoning module OculusHMD (80)
[2020.03.27-00.54.27:996][137]LogModuleManager: Shutting down and abandoning module ExampleDeviceProfileSelector (78)
[2020.03.27-00.54.27:996][137]LogModuleManager: Shutting down and abandoning module LauncherChunkInstaller (76)
[2020.03.27-00.54.27:996][137]LogModuleManager: Shutting down and abandoning module OnlineBlueprintSupport (74)
[2020.03.27-00.54.27:996][137]LogModuleManager: Shutting down and abandoning module OnlineSubsystem (70)
[2020.03.27-00.54.27:997][137]LogModuleManager: Shutting down and abandoning module XMPP (65)
[2020.03.27-00.54.27:997][137]LogModuleManager: Shutting down and abandoning module WebSockets (64)
[2020.03.27-00.54.28:000][137]LogModuleManager: Shutting down and abandoning module HTTP (61)
[2020.03.27-00.54.28:000][137]LogHttp: Display: Http module shutting down, but needs to wait on 1 outstanding Http requests:
[2020.03.27-00.54.28:000][137]LogHttp: Display: 	verb=[POST] url=[https://datarouter.ol.epicgames.com/datarouter/api/v1/public/data?SessionID=%7B01FAB97C-4FA6-086B-062B-81946B9AA260%7D&AppID=UEEditor.Rocket.Release&AppVersion=4.20.3-4369336%2B%2B%2BUE4%2BRelease-4.20&UserID=edc093344fd50f2bf65ba38bc2a4d768%7C395649d6e269407c98c0ebde1d219714%7Ceb9ae828-512d-43d1-89d3-192f6fb28ab6&AppEnvironment=datacollector-binary&UploadType=eteventstream] status=Processing
[2020.03.27-00.54.28:027][137]LogModuleManager: Shutting down and abandoning module SSL (60)
[2020.03.27-00.54.28:028][137]LogModuleManager: Shutting down and abandoning module MagicLeapEmulator (56)
[2020.03.27-00.54.28:028][137]LogModuleManager: Shutting down and abandoning module MagicLeapPrivileges (54)
[2020.03.27-00.54.28:028][137]LogModuleManager: Shutting down and abandoning module MagicLeapIdentity (52)
[2020.03.27-00.54.28:028][137]LogModuleManager: Shutting down and abandoning module MagicLeapHelperVulkan (50)
[2020.03.27-00.54.28:028][137]LogModuleManager: Shutting down and abandoning module MagicLeapHelperOpenGL (48)
[2020.03.27-00.54.28:028][137]LogModuleManager: Shutting down and abandoning module MagicLeapSecureStorage (46)
[2020.03.27-00.54.28:028][137]LogModuleManager: Shutting down and abandoning module MagicLeapGestures (44)
[2020.03.27-00.54.28:028][137]LogModuleManager: Shutting down and abandoning module MagicLeapEyeTracker (42)
[2020.03.27-00.54.28:028][137]LogModuleManager: Shutting down and abandoning module MagicLeapController (40)
[2020.03.27-00.54.28:028][137]LogSlate: Slate User Destroyed.  User Index 0, Is Virtual User: 0
[2020.03.27-00.54.28:028][137]LogModuleManager: Shutting down and abandoning module MagicLeap (38)
[2020.03.27-00.54.28:029][137]LogModuleManager: Shutting down and abandoning module AnimationModifiers (36)
[2020.03.27-00.54.28:029][137]LogModuleManager: Shutting down and abandoning module PropertyEditor (35)
[2020.03.27-00.54.28:029][137]LogModuleManager: Shutting down and abandoning module AudioEditor (32)
[2020.03.27-00.54.28:029][137]LogModuleManager: Shutting down and abandoning module TextureCompressor (30)
[2020.03.27-00.54.28:029][137]LogModuleManager: Shutting down and abandoning module ShaderCore (28)
[2020.03.27-00.54.28:029][137]LogModuleManager: Shutting down and abandoning module Landscape (26)
[2020.03.27-00.54.28:029][137]LogModuleManager: Shutting down and abandoning module SlateRHIRenderer (24)
[2020.03.27-00.54.28:029][137]LogModuleManager: Shutting down and abandoning module OpenGLDrv (22)
[2020.03.27-00.54.28:029][137]LogModuleManager: Shutting down and abandoning module D3D11RHI (20)
[2020.03.27-00.54.28:029][137]LogModuleManager: Shutting down and abandoning module AnimGraphRuntime (18)
[2020.03.27-00.54.28:029][137]LogModuleManager: Shutting down and abandoning module Renderer (16)
[2020.03.27-00.54.28:029][137]LogModuleManager: Shutting down and abandoning module Engine (14)
[2020.03.27-00.54.28:029][137]LogModuleManager: Shutting down and abandoning module CoreUObject (12)
[2020.03.27-00.54.28:029][137]LogModuleManager: Shutting down and abandoning module NetworkFile (10)
[2020.03.27-00.54.28:029][137]LogModuleManager: Shutting down and abandoning module CookedIterativeFile (8)
[2020.03.27-00.54.28:029][137]LogModuleManager: Shutting down and abandoning module StreamingFile (6)
[2020.03.27-00.54.28:030][137]LogModuleManager: Shutting down and abandoning module SandboxFile (4)
[2020.03.27-00.54.28:030][137]LogModuleManager: Shutting down and abandoning module PakFile (2)
[2020.03.27-00.54.28:036][137]LogExit: Exiting.
[2020.03.27-00.54.28:048][137]Log file closed, 03/27/20 01:54:28
