Log file open, 06/14/20 16:12:38
LogWindows: Failed to load 'aqProf.dll' (GetLastError=126)
LogWindows: File 'aqProf.dll' does not exist
LogWindows: Failed to load 'VSPerf140.dll' (GetLastError=126)
LogWindows: File 'VSPerf140.dll' does not exist
LogWindows: Failed to load 'VtuneApi.dll' (GetLastError=126)
LogWindows: File 'VtuneApi.dll' does not exist
LogWindows: Failed to load 'VtuneApi32e.dll' (GetLastError=126)
LogWindows: File 'VtuneApi32e.dll' does not exist
LogInit: Display: Running engine for game: MMakuszewska_BallRun
LogPlatformFile: Not using cached read wrapper
LogTaskGraph: Started task graph with 5 named threads and 23 total threads with 3 sets of task threads.
LogStats: Stats thread started at 0.294760
LogD3D11RHI: Loaded GFSDK_Aftermath_Lib.x64.dll
LogICUInternationalization: Display: ICU TimeZone Detection - Raw Offset: +1:00, Platform Override: ''
LogPluginManager: Mounting plugin Paper2D
LogPluginManager: Mounting plugin AISupport
LogPluginManager: Mounting plugin LightPropagationVolume
LogPluginManager: Mounting plugin CLionSourceCodeAccess
LogPluginManager: Mounting plugin CodeLiteSourceCodeAccess
LogPluginManager: Mounting plugin GitSourceControl
LogPluginManager: Mounting plugin KDevelopSourceCodeAccess
LogPluginManager: Mounting plugin NullSourceCodeAccess
LogPluginManager: Mounting plugin PerforceSourceControl
LogPluginManager: Mounting plugin SubversionSourceControl
LogPluginManager: Mounting plugin UObjectPlugin
LogPluginManager: Mounting plugin VisualStudioCodeSourceCodeAccess
LogPluginManager: Mounting plugin VisualStudioSourceCodeAccess
LogPluginManager: Mounting plugin XCodeSourceCodeAccess
LogPluginManager: Mounting plugin AssetManagerEditor
LogPluginManager: Mounting plugin CryptoKeys
LogPluginManager: Mounting plugin DataValidation
LogPluginManager: Mounting plugin FacialAnimation
LogPluginManager: Mounting plugin GameplayTagsEditor
LogPluginManager: Mounting plugin MacGraphicsSwitching
LogPluginManager: Mounting plugin MeshEditor
LogPluginManager: Mounting plugin MobileLauncherProfileWizard
LogPluginManager: Mounting plugin PluginBrowser
LogPluginManager: Mounting plugin SpeedTreeImporter
LogPluginManager: Mounting plugin DatasmithContent
LogPluginManager: Mounting plugin AlembicImporter
LogPluginManager: Mounting plugin AppleImageUtils
LogPluginManager: Mounting plugin AppleVision
LogPluginManager: Mounting plugin BackChannel
LogPluginManager: Mounting plugin CharacterAI
LogPluginManager: Mounting plugin GeometryCache
LogPluginManager: Mounting plugin HTML5Networking
LogPluginManager: Mounting plugin ProxyLODPlugin
LogPluginManager: Mounting plugin MagicLeap
LogPluginManager: Mounting plugin MagicLeapEmulator
LogPluginManager: Mounting plugin MagicLeapMedia
LogPluginManager: Mounting plugin AndroidMedia
LogPluginManager: Mounting plugin AvfMedia
LogPluginManager: Mounting plugin ImgMedia
LogPluginManager: Mounting plugin LinearTimecode
LogPluginManager: Mounting plugin MediaCompositing
LogPluginManager: Mounting plugin MediaPlayerEditor
LogPluginManager: Mounting plugin WmfMedia
LogPluginManager: Mounting plugin TcpMessaging
LogPluginManager: Mounting plugin UdpMessaging
LogPluginManager: Mounting plugin ActorSequence
LogPluginManager: Mounting plugin LevelSequenceEditor
LogPluginManager: Mounting plugin MatineeToLevelSequence
LogPluginManager: Mounting plugin NetcodeUnitTest
LogPluginManager: Mounting plugin NUTUnrealEngine4
LogPluginManager: Mounting plugin OnlineSubsystemGooglePlay
LogPluginManager: Mounting plugin OnlineSubsystemIOS
LogPluginManager: Mounting plugin OnlineSubsystem
LogPluginManager: Mounting plugin OnlineSubsystemNull
LogPluginManager: Mounting plugin OnlineSubsystemUtils
LogPluginManager: Mounting plugin LauncherChunkInstaller
LogPluginManager: Mounting plugin AndroidDeviceProfileSelector
LogPluginManager: Mounting plugin AndroidMoviePlayer
LogPluginManager: Mounting plugin AndroidPermission
LogPluginManager: Mounting plugin AppleMoviePlayer
LogPluginManager: Mounting plugin ArchVisCharacter
LogPluginManager: Mounting plugin AudioCapture
LogPluginManager: Mounting plugin CableComponent
LogPluginManager: Mounting plugin CustomMeshComponent
LogPluginManager: Mounting plugin EditableMesh
LogPluginManager: Mounting plugin ExampleDeviceProfileSelector
LogPluginManager: Mounting plugin GoogleCloudMessaging
LogPluginManager: Mounting plugin ImmediatePhysics
LogPluginManager: Mounting plugin IOSDeviceProfileSelector
LogPluginManager: Mounting plugin LinuxDeviceProfileSelector
LogPluginManager: Mounting plugin LocationServicesBPLibrary
LogPluginManager: Mounting plugin MobilePatchingUtils
LogPluginManager: Mounting plugin OculusVR
LogPluginManager: Plugin shader directory ../../../Engine/Plugins/Runtime/Oculus/OculusVR/Shaders found
LogPluginManager: Mapping shader source directory ../../../Engine/Plugins/Runtime/Oculus/OculusVR/Shaders to virtual directory /Plugin/OculusVR
LogPluginManager: Mounting plugin PhysXVehicles
LogPluginManager: Mounting plugin ProceduralMeshComponent
LogPluginManager: Mounting plugin RuntimePhysXCooking
LogPluginManager: Mounting plugin SteamVR
LogPluginManager: Mounting plugin WindowsMoviePlayer
LogStreaming: Display: Took  0.118s to configure plugins.
LogInit: Using libcurl 7.55.1-DEV
LogInit:  - built for x86_64-pc-win32
LogInit:  - supports SSL with OpenSSL/1.0.2h
LogInit:  - supports HTTP deflate (compression) using libz 1.2.8
LogInit:  - other features:
LogInit:      CURL_VERSION_SSL
LogInit:      CURL_VERSION_LIBZ
LogInit:      CURL_VERSION_IPV6
LogInit:      CURL_VERSION_ASYNCHDNS
LogInit:      CURL_VERSION_LARGEFILE
LogInit:      CURL_VERSION_IDN
LogInit:  CurlRequestOptions (configurable via config and command line):
LogInit:  - bVerifyPeer = false  - Libcurl will NOT verify peer certificate
LogInit:  - bUseHttpProxy = false  - Libcurl will NOT use HTTP proxy
LogInit:  - bDontReuseConnections = false  - Libcurl will reuse connections
LogInit:  - CertBundlePath = nullptr  - Libcurl will use whatever was configured at build time.
LogInit:  - MaxHostConnections = 16  - Libcurl will limit the number of connections to a host
LogInit:  - LocalHostAddr = Default
LogInit:  - BufferSize = 65536
LogInit: WinSock: version 1.1 (2.2), MaxSocks=32767, MaxUdp=65467
LogInit: Build: ++UE4+Release-4.20-CL-4369336
LogInit: Engine Version: 4.20.3-4369336+++UE4+Release-4.20
LogInit: Compatible Engine Version: 4.20.0-4212847+++UE4+Release-4.20
LogInit: Net CL: 4212847
LogInit: OS: Windows 10 (), CPU: Intel(R) Core(TM) i7-7700HQ CPU @ 2.80GHz, GPU: NVIDIA GeForce GTX 1060
LogInit: Compiled (64-bit): Sep 17 2018 12:26:19
LogInit: Compiled with Visual C++: 19.13.26129.00
LogInit: Build Configuration: Development
LogInit: Branch Name: ++UE4+Release-4.20
LogInit: Command Line:  
LogInit: Base Directory: F:/Software/Uneal Engine 4/UE_4.20/Engine/Binaries/Win64/
LogInit: Installed Engine Build: 1
LogDevObjectVersion: Number of dev versions registered: 20
LogDevObjectVersion:   Dev-Blueprints (B0D832E4-1F89-4F0D-ACCF-7EB736FD4AA2): 10
LogDevObjectVersion:   Dev-Build (E1C64328-A22C-4D53-A36C-8E866417BD8C): 0
LogDevObjectVersion:   Dev-Core (375EC13C-06E4-48FB-B500-84F0262A717E): 2
LogDevObjectVersion:   Dev-Editor (E4B068ED-F494-42E9-A231-DA0B2E46BB41): 24
LogDevObjectVersion:   Dev-Framework (CFFC743F-43B0-4480-9391-14DF171D2073): 34
LogDevObjectVersion:   Dev-Mobile (B02B49B5-BB20-44E9-A304-32B752E40360): 2
LogDevObjectVersion:   Dev-Networking (A4E4105C-59A1-49B5-A7C5-40C4547EDFEE): 0
LogDevObjectVersion:   Dev-Online (39C831C9-5AE6-47DC-9A44-9C173E1C8E7C): 0
LogDevObjectVersion:   Dev-Physics (78F01B33-EBEA-4F98-B9B4-84EACCB95AA2): 0
LogDevObjectVersion:   Dev-Platform (6631380F-2D4D-43E0-8009-CF276956A95A): 0
LogDevObjectVersion:   Dev-Rendering (12F88B9F-8875-4AFC-A67C-D90C383ABD29): 26
LogDevObjectVersion:   Dev-Sequencer (7B5AE74C-D270-4C10-A958-57980B212A5A): 9
LogDevObjectVersion:   Dev-VR (D7296918-1DD6-4BDD-9DE2-64A83CC13884): 2
LogDevObjectVersion:   Dev-LoadTimes (C2A15278-BFE7-4AFE-6C17-90FF531DF755): 1
LogDevObjectVersion:   Private-Geometry (6EACA3D4-40EC-4CC1-B786-8BED09428FC5): 3
LogDevObjectVersion:   Dev-AnimPhys (29E575DD-E0A3-4627-9D10-D276232CDCEA): 17
LogDevObjectVersion:   Dev-ReflectionCapture (6B266CEC-1EC7-4B8F-A30B-E4D90942FC07): 1
LogDevObjectVersion:   Dev-Automation (0DF73D61-A23F-47EA-B727-89E90C41499A): 1
LogDevObjectVersion:   FortniteMain (601D1886-AC64-4F84-AA16-D3DE0DEAC7D6): 12
LogDevObjectVersion:   Dev-Enterprise (9DFFBCD6-494F-0158-E221-12823C92A888): 1
LogStreaming: Display: Took  0.001s to delete old logs.
LogInit: Presizing for max 8388607 objects, including 0 objects not considered by GC, pre-allocating 0 bytes for permanent pool.
LogInit: Object subsystem initialized
[2020.06.14-14.12.38:655][  0]LogInit: Selected Device Profile: [Windows]
[2020.06.14-14.12.38:655][  0]LogInit: Applying CVar settings loaded from the selected device profile: [Windows]
[2020.06.14-14.12.38:673][  0]LogHAL: Display: Platform has ~ 16 GB [17133694976 / 17179869184 / 16], which maps to Larger [LargestMinGB=32, LargerMinGB=12, DefaultMinGB=8, SmallerMinGB=6, SmallestMinGB=0)
[2020.06.14-14.12.38:673][  0]LogInit: Setting Device Profile CVar: [[r.Vulkan.UseRealUBs:1]]
[2020.06.14-14.12.38:673][  0]LogInit: Going up to parent DeviceProfile []
[2020.06.14-14.12.38:674][  0]LogInit: Computer: SHEPARD
[2020.06.14-14.12.38:674][  0]LogInit: User: imfen
[2020.06.14-14.12.38:674][  0]LogInit: CPU Page size=4096, Cores=4
[2020.06.14-14.12.38:674][  0]LogInit: High frequency timer resolution =10.000000 MHz
[2020.06.14-14.12.38:674][  0]LogMemory: Memory total: Physical=16.0GB (16GB approx)
[2020.06.14-14.12.38:674][  0]LogMemory: Platform Memory Stats for Windows
[2020.06.14-14.12.38:674][  0]LogMemory: Process Physical Memory: 103.25 MB used, 103.25 MB peak
[2020.06.14-14.12.38:674][  0]LogMemory: Process Virtual Memory: 90.90 MB used, 90.90 MB peak
[2020.06.14-14.12.38:674][  0]LogMemory: Physical Memory: 5304.00 MB used,  11035.97 MB free, 16339.96 MB total
[2020.06.14-14.12.38:674][  0]LogMemory: Virtual Memory: 4629.03 MB used,  11035.97 MB free, 134217728.00 MB total
[2020.06.14-14.12.38:700][  0]LogInit: Using OS detected language (pl-PL).
[2020.06.14-14.12.38:700][  0]LogInit: Using OS detected locale (pl-PL).
[2020.06.14-14.12.38:701][  0]LogTextLocalizationManager: No specific localization for 'pl-PL' exists, so the 'pl' localization will be used.
[2020.06.14-14.12.38:702][  0]LogStreaming: Display: Took  0.002s to InitEngineTextLocalization.
[2020.06.14-14.12.38:702][  0]LogInit: Setting process to per monitor DPI aware
[2020.06.14-14.12.38:723][  0]LogSlate: New Slate User Created.  User Index 0, Is Virtual User: 0
[2020.06.14-14.12.38:723][  0]LogSlate: Slate User Registered.  User Index 0, Is Virtual User: 0
[2020.06.14-14.12.38:922][  0]LogHMD: Failed to initialize OpenVR with code 110
[2020.06.14-14.12.38:922][  0]LogD3D11RHI: D3D11 adapters:
[2020.06.14-14.12.38:995][  0]LogD3D11RHI:    0. 'NVIDIA GeForce GTX 1060' (Feature Level 11_0)
[2020.06.14-14.12.38:995][  0]LogD3D11RHI:       6052/0/8169 MB DedicatedVideo/DedicatedSystem/SharedSystem, Outputs:1, VendorId:0x10de
[2020.06.14-14.12.38:998][  0]LogD3D11RHI:    1. 'Microsoft Basic Render Driver' (Feature Level 11_0)
[2020.06.14-14.12.38:998][  0]LogD3D11RHI:       0/0/8169 MB DedicatedVideo/DedicatedSystem/SharedSystem, Outputs:0, VendorId:0x1414
[2020.06.14-14.12.38:998][  0]LogD3D11RHI: Chosen D3D11 Adapter: 0
[2020.06.14-14.12.39:005][  0]LogD3D11RHI: Creating new Direct3DDevice
[2020.06.14-14.12.39:005][  0]LogD3D11RHI:     GPU DeviceId: 0x1c20 (for the marketing name, search the web for "GPU Device Id")
[2020.06.14-14.12.39:005][  0]LogWindows: EnumDisplayDevices:
[2020.06.14-14.12.39:005][  0]LogWindows:    0. 'NVIDIA GeForce GTX 1060' (P:1 D:1)
[2020.06.14-14.12.39:005][  0]LogWindows:    1. 'NVIDIA GeForce GTX 1060' (P:0 D:0)
[2020.06.14-14.12.39:006][  0]LogWindows:    2. 'NVIDIA GeForce GTX 1060' (P:0 D:0)
[2020.06.14-14.12.39:006][  0]LogWindows:    3. 'NVIDIA GeForce GTX 1060' (P:0 D:0)
[2020.06.14-14.12.39:006][  0]LogWindows: DebugString: FoundDriverCount:4 
[2020.06.14-14.12.39:006][  0]LogD3D11RHI:     Adapter Name: NVIDIA GeForce GTX 1060
[2020.06.14-14.12.39:006][  0]LogD3D11RHI:   Driver Version: 442.94 (internal:26.21.14.4294, unified:442.94)
[2020.06.14-14.12.39:006][  0]LogD3D11RHI:      Driver Date: 4-8-2020
[2020.06.14-14.12.39:006][  0]LogRHI: Texture pool is 4236 MB (70% of 6052 MB)
[2020.06.14-14.12.39:053][  0]LogD3D11RHI: Async texture creation enabled
[2020.06.14-14.12.39:064][  0]LogD3D11RHI: GPU Timing Frequency: 1000.000000 (Debug: 2 1)
[2020.06.14-14.12.39:066][  0]LogShaderCompilers: Guid format shader working directory is -24 characters bigger than the processId version (C:/Users/imfen/Documents/GitHub/BallRunnerUnreal/MMakuszewska_BallRun/Intermediate/Shaders/WorkingDirectory/13556/).
[2020.06.14-14.12.39:066][  0]LogShaderCompilers: Cleaned the shader compiler working directory 'C:/Users/imfen/AppData/Local/Temp/UnrealShaderWorkingDir/644D9B124ABCBD91EE4D46B0458BB67A/'.
[2020.06.14-14.12.39:399][  0]LogTemp: Display: Loaded TP AllDesktopTargetPlatform
[2020.06.14-14.12.39:412][  0]LogTemp: Display: Loaded TP MacClientTargetPlatform
[2020.06.14-14.12.39:425][  0]LogTemp: Display: Loaded TP MacNoEditorTargetPlatform
[2020.06.14-14.12.39:439][  0]LogTemp: Display: Loaded TP MacServerTargetPlatform
[2020.06.14-14.12.39:453][  0]LogTemp: Display: Loaded TP MacTargetPlatform
[2020.06.14-14.12.39:467][  0]LogTemp: Display: Loaded TP WindowsClientTargetPlatform
[2020.06.14-14.12.39:482][  0]LogTemp: Display: Loaded TP WindowsNoEditorTargetPlatform
[2020.06.14-14.12.39:495][  0]LogTemp: Display: Loaded TP WindowsServerTargetPlatform
[2020.06.14-14.12.39:502][  0]LogTemp: Display: Loaded TP WindowsTargetPlatform
[2020.06.14-14.12.39:596][  0]LogTemp: Display: Loaded TP AndroidTargetPlatform
[2020.06.14-14.12.39:596][  0]LogTemp: Display: Loaded TP AndroidTargetPlatform
[2020.06.14-14.12.39:596][  0]LogTemp: Display: Loaded TP AndroidTargetPlatform
[2020.06.14-14.12.39:596][  0]LogTemp: Display: Loaded TP AndroidTargetPlatform
[2020.06.14-14.12.39:596][  0]LogTemp: Display: Loaded TP AndroidTargetPlatform
[2020.06.14-14.12.39:596][  0]LogTemp: Display: Loaded TP AndroidTargetPlatform
[2020.06.14-14.12.39:596][  0]LogTemp: Display: Loaded TP AndroidTargetPlatform
[2020.06.14-14.12.39:596][  0]LogTemp: Display: Loaded TP AndroidTargetPlatform
[2020.06.14-14.12.39:596][  0]LogTemp: Display: Loaded TP AndroidTargetPlatform
[2020.06.14-14.12.39:596][  0]LogTemp: Display: Loaded TP AndroidTargetPlatform
[2020.06.14-14.12.39:596][  0]LogTemp: Display: Loaded TP AndroidTargetPlatform
[2020.06.14-14.12.39:596][  0]LogTemp: Display: Loaded TP AndroidTargetPlatform
[2020.06.14-14.12.39:596][  0]LogTemp: Display: Loaded TP AndroidTargetPlatform
[2020.06.14-14.12.39:596][  0]LogTemp: Display: Loaded TP AndroidTargetPlatform
[2020.06.14-14.12.39:596][  0]LogTemp: Display: Loaded TP AndroidTargetPlatform
[2020.06.14-14.12.39:596][  0]LogTemp: Display: Loaded TP AndroidTargetPlatform
[2020.06.14-14.12.39:596][  0]LogTemp: Display: Loaded TP AndroidTargetPlatform
[2020.06.14-14.12.39:596][  0]LogTemp: Display: Loaded TP AndroidTargetPlatform
[2020.06.14-14.12.39:598][  0]LogTemp: Display: Loaded TP HTML5TargetPlatform
[2020.06.14-14.12.39:659][  0]LogTemp: Display: Loaded TP IOSTargetPlatform
[2020.06.14-14.12.39:659][  0]LogTemp: Display: Loaded TP IOSTargetPlatform
[2020.06.14-14.12.39:687][  0]LogTemp: Display: Loaded TP TVOSTargetPlatform
[2020.06.14-14.12.39:687][  0]LogTemp: Display: Loaded TP TVOSTargetPlatform
[2020.06.14-14.12.39:702][  0]LogTemp: Display: Loaded TP LinuxClientTargetPlatform
[2020.06.14-14.12.39:716][  0]LogTemp: Display: Loaded TP LinuxNoEditorTargetPlatform
[2020.06.14-14.12.39:730][  0]LogTemp: Display: Loaded TP LinuxServerTargetPlatform
[2020.06.14-14.12.39:745][  0]LogTemp: Display: Loaded TP LinuxTargetPlatform
[2020.06.14-14.12.39:755][  0]LogTemp: Display: Loaded TP LuminTargetPlatform
[2020.06.14-14.12.39:756][  0]LogTargetPlatformManager: Display: Building Assets For Windows
[2020.06.14-14.12.39:832][  0]LogXGEController: Cleaning working directory: C:/Users/imfen/AppData/Local/Temp/UnrealXGEWorkingDir/
[2020.06.14-14.12.39:832][  0]LogXGEController: Cannot use XGE Controller as Incredibuild is not installed on this machine.
[2020.06.14-14.12.39:832][  0]LogShaderCompilers: Cannot use XGE Shader Compiler as Incredibuild is not installed on this machine.
[2020.06.14-14.12.39:832][  0]LogShaderCompilers: Display: Using Local Shader Compiler.
[2020.06.14-14.12.40:660][  0]LogDerivedDataCache: Display: Max Cache Size: 512 MB
[2020.06.14-14.12.40:720][  0]LogDerivedDataCache: Loaded boot cache 0.06s 71MB C:/Users/imfen/AppData/Local/UnrealEngine/4.20/DerivedDataCache/Boot.ddc.
[2020.06.14-14.12.40:720][  0]LogDerivedDataCache: Display: Loaded Boot cache: C:/Users/imfen/AppData/Local/UnrealEngine/4.20/DerivedDataCache/Boot.ddc
[2020.06.14-14.12.40:720][  0]LogDerivedDataCache: FDerivedDataBackendGraph:  Pak pak cache file C:/Users/imfen/Documents/GitHub/BallRunnerUnreal/MMakuszewska_BallRun/DerivedDataCache/DDC.ddp not found, will not use a pak cache.
[2020.06.14-14.12.40:720][  0]LogDerivedDataCache: Unable to find inner node Pak for hierarchical cache Hierarchy.
[2020.06.14-14.12.40:721][  0]LogDerivedDataCache: FDerivedDataBackendGraph:  CompressedPak pak cache file C:/Users/imfen/Documents/GitHub/BallRunnerUnreal/MMakuszewska_BallRun/DerivedDataCache/Compressed.ddp not found, will not use a pak cache.
[2020.06.14-14.12.40:721][  0]LogDerivedDataCache: Unable to find inner node CompressedPak for hierarchical cache Hierarchy.
[2020.06.14-14.12.40:738][  0]LogDerivedDataCache: Display: Pak cache opened for reading ../../../Engine/DerivedDataCache/Compressed.ddp.
[2020.06.14-14.12.40:752][  0]LogDerivedDataCache: Using Local data cache path C:/Users/imfen/AppData/Local/UnrealEngine/Common/DerivedDataCache: Writable
[2020.06.14-14.12.40:752][  0]LogDerivedDataCache: Shared data cache path not found in *engine.ini, will not use an Shared cache.
[2020.06.14-14.12.40:752][  0]LogDerivedDataCache: Unable to find inner node Shared for hierarchical cache Hierarchy.
[2020.06.14-14.12.40:775][  0]LogMaterial: Verifying Global Shaders for PCD3D_SM5
[2020.06.14-14.12.40:778][  0]LogSlate: Using FreeType 2.6.0
[2020.06.14-14.12.40:778][  0]LogSlate: SlateFontServices - WITH_FREETYPE: 1, WITH_HARFBUZZ: 1
[2020.06.14-14.12.40:862][  0]LogAssetRegistry: FAssetRegistry took 0.0270 seconds to start up
[2020.06.14-14.12.41:222][  0]LogInit: Selected Device Profile: [Windows]
[2020.06.14-14.12.41:370][  0]LogSimplygon: Simplygon DLL not present - disabling.
[2020.06.14-14.12.41:374][  0]LogMeshReduction: Using SimplygonSwarm for distributed automatic mesh merging
[2020.06.14-14.12.41:374][  0]LogMeshReduction: Using ProxyLODMeshReduction for automatic mesh merging
[2020.06.14-14.12.41:374][  0]LogMeshReduction: Using QuadricMeshReduction for automatic static mesh reduction
[2020.06.14-14.12.41:374][  0]LogMeshReduction: No automatic skeletal mesh reduction module available
[2020.06.14-14.12.41:393][  0]LogNetVersion: MMakuszewska_BallRun 1.0.0, NetCL: 4212847, EngineNetVer: 5, GameNetVer: 0 (Checksum: 2273041059)
[2020.06.14-14.12.41:981][  0]LogPackageLocalizationCache: Processed 11 localized package path(s) for 2 prioritized culture(s) in 0.119927 seconds
[2020.06.14-14.12.41:989][  0]LogUObjectArray: 38425 objects as part of root set at end of initial load.
[2020.06.14-14.12.41:989][  0]LogUObjectAllocator: 6690864 out of 0 bytes used by permanent object pool.
[2020.06.14-14.12.41:989][  0]LogUObjectArray: CloseDisregardForGC: 0/0 objects in disregard for GC pool
[2020.06.14-14.12.42:936][  0]LogTcpMessaging: Initializing TcpMessaging bridge
[2020.06.14-14.12.42:950][  0]LogUdpMessaging: Initializing bridge on interface 0.0.0.0:0 to multicast group 230.0.0.1:6666.
[2020.06.14-14.12.43:101][  0]SourceControl: Source control is disabled
[2020.06.14-14.12.43:101][  0]SourceControl: Source control is disabled
[2020.06.14-14.12.43:103][  0]SourceControl: Source control is disabled
[2020.06.14-14.12.43:104][  0]SourceControl: Source control is disabled
[2020.06.14-14.12.43:286][  0]LogAndroidPermission: UAndroidPermissionCallbackProxy::GetInstance
[2020.06.14-14.12.43:373][  0]LogOcInput: OculusInput pre-init called
[2020.06.14-14.12.43:455][  0]LogEngine: Initializing Engine...
[2020.06.14-14.12.43:456][  0]LogHMD: Failed to initialize OpenVR with code 110
[2020.06.14-14.12.43:457][  0]LogStats: UGameplayTagsManager::ConstructGameplayTagTree: ImportINI prefixes -  0.000 s
[2020.06.14-14.12.43:457][  0]LogStats: UGameplayTagsManager::ConstructGameplayTagTree: Construct from data asset -  0.000 s
[2020.06.14-14.12.43:457][  0]LogStats: UGameplayTagsManager::ConstructGameplayTagTree: ImportINI -  0.000 s
[2020.06.14-14.12.43:457][  0]LogStats: UGameplayTagsManager::ConstructGameplayTagTree: GameplayTagTreeChangedEvent.Broadcast -  0.000 s
[2020.06.14-14.12.43:694][  0]LogInit: Initializing FReadOnlyCVARCache
[2020.06.14-14.12.43:706][  0]LogAIModule: Creating AISystem for world Untitled
[2020.06.14-14.12.43:725][  0]LogInit: XAudio2 using 'Głośniki (Realtek High Definition Audio)' : 2 channels at 48 kHz using 32 bits per sample (channel mask 0x3)
[2020.06.14-14.12.43:868][  0]LogInit: FAudioDevice initialized.
[2020.06.14-14.12.43:868][  0]LogNetVersion: Set ProjectVersion to 1.0.0.0. Version Checksum will be recalculated on next use.
[2020.06.14-14.12.43:999][  0]LogDerivedDataCache: Saved boot cache 0.13s 71MB C:/Users/imfen/AppData/Local/UnrealEngine/4.20/DerivedDataCache/Boot.ddc.
[2020.06.14-14.12.44:003][  0]LogInit: Texture streaming: Enabled
[2020.06.14-14.12.44:028][  0]LogEngineSessionManager: EngineSessionManager initialized
[2020.06.14-14.12.44:043][  0]LogInit: Transaction tracking system initialized
[2020.06.14-14.12.44:059][  0]BlueprintLog: New page: Editor Load
[2020.06.14-14.12.44:116][  0]LocalizationService: Localization service is disabled
[2020.06.14-14.12.44:372][  0]LogCook: Display: Max memory allowance for cook 16384mb min free memory 0mb
[2020.06.14-14.12.44:372][  0]LogCook: Display: Mobile HDR setting 1
[2020.06.14-14.12.44:372][  0]LogGameplayTags: Display: UGameplayTagsManager::DoneAddingNativeTags. DelegateIsBound: 0
[2020.06.14-14.12.44:372][  0]LogStats: UGameplayTagsManager::ConstructGameplayTagTree: ImportINI prefixes -  0.000 s
[2020.06.14-14.12.44:372][  0]LogStats: UGameplayTagsManager::ConstructGameplayTagTree: Construct from data asset -  0.000 s
[2020.06.14-14.12.44:372][  0]LogStats: UGameplayTagsManager::ConstructGameplayTagTree: ImportINI -  0.000 s
[2020.06.14-14.12.44:372][  0]LogStats: UGameplayTagsManager::ConstructGameplayTagTree: GameplayTagTreeChangedEvent.Broadcast -  0.000 s
[2020.06.14-14.12.44:469][  0]LogFileCache: Scanning file cache for directory 'C:/Users/imfen/Documents/GitHub/BallRunnerUnreal/MMakuszewska_BallRun/Content/' took 0.01s
[2020.06.14-14.12.44:469][  0]SourceControl: Source control is disabled
[2020.06.14-14.12.44:470][  0]Cmd: MAP LOAD FILE="C:/Users/imfen/Documents/GitHub/BallRunnerUnreal/MMakuszewska_BallRun/Content/Levels/MainLevel.umap" TEMPLATE=0 SHOWPROGRESS=1 FEATURELEVEL=3
[2020.06.14-14.12.44:470][  0]LightingResults: New page: Lighting Build
[2020.06.14-14.12.44:472][  0]MapCheck: New page: Map Check
[2020.06.14-14.12.44:472][  0]LightingResults: New page: Lighting Build
[2020.06.14-14.12.44:751][  0]LogAIModule: Creating AISystem for world MainLevel
[2020.06.14-14.12.44:769][  0]LogEditorServer: Finished looking for orphan Actors (0.000 secs)
[2020.06.14-14.12.44:793][  0]Cmd: MAP CHECKDEP NOCLEARLOG
[2020.06.14-14.12.44:843][  0]MapCheck: Map check complete: 0 Error(s), 0 Warning(s), took 50,967ms to complete.
[2020.06.14-14.12.44:843][  0]LogFileHelpers: Loading map 'MainLevel' took 0.374
[2020.06.14-14.12.44:984][  0]LogSlate: Updating window title bar state: overlay mode, drag disabled, window buttons hidden, title bar hidden
[2020.06.14-14.12.44:991][  0]LogSlate: Updating window title bar state: overlay mode, drag disabled, window buttons hidden, title bar hidden
[2020.06.14-14.12.44:999][  0]LogSlate: Updating window title bar state: overlay mode, drag disabled, window buttons hidden, title bar hidden
[2020.06.14-14.12.45:013][  0]LogSlate: Updating window title bar state: overlay mode, drag disabled, window buttons hidden, title bar hidden
[2020.06.14-14.12.45:024][  0]LogCollectionManager: Loaded 0 collections in 0.002874 seconds
[2020.06.14-14.12.45:069][  0]LogFileCache: Scanning file cache for directory 'C:/Users/imfen/Documents/GitHub/BallRunnerUnreal/MMakuszewska_BallRun/Saved/Collections/' took 0.01s
[2020.06.14-14.12.45:069][  0]LogFileCache: Scanning file cache for directory 'C:/Users/imfen/Documents/GitHub/BallRunnerUnreal/MMakuszewska_BallRun/Content/Developers/imfen/Collections/' took 0.01s
[2020.06.14-14.12.45:069][  0]LogFileCache: Scanning file cache for directory 'C:/Users/imfen/Documents/GitHub/BallRunnerUnreal/MMakuszewska_BallRun/Content/Collections/' took 0.01s
[2020.06.14-14.12.45:069][  0]LogCollectionManager: Rebuilt the GUID cache for 0 collections in 0.000001 seconds
[2020.06.14-14.12.45:088][  0]LogContentBrowser: Native class hierarchy populated in 0.0198 seconds. Added 2572 classes and 603 folders.
[2020.06.14-14.12.45:095][  0]LogContentBrowser: Native class hierarchy updated for 'WidgetCarousel' in 0.0003 seconds. Added 0 classes and 0 folders.
[2020.06.14-14.12.45:136][  0]LogContentBrowser: Native class hierarchy updated for 'AddContentDialog' in 0.0002 seconds. Added 0 classes and 0 folders.
[2020.06.14-14.12.45:140][  0]LogContentBrowser: Native class hierarchy updated for 'SceneOutliner' in 0.0002 seconds. Added 1 classes and 2 folders.
[2020.06.14-14.12.45:206][  0]LogSlate: Took 0.000168 seconds to synchronously load lazily loaded font '../../../Engine/Content/Slate/Fonts/Roboto-Regular.ttf' (155K)
[2020.06.14-14.12.45:208][  0]LogSlate: Took 0.000319 seconds to synchronously load lazily loaded font '../../../Engine/Content/Slate/Fonts/Roboto-Bold.ttf' (160K)
[2020.06.14-14.12.45:213][  0]LogSlate: Took 0.000167 seconds to synchronously load lazily loaded font '../../../Engine/Content/Editor/Slate/Fonts/FontAwesome.ttf' (139K)
[2020.06.14-14.12.45:291][  0]LogRenderer: Reallocating scene render targets to support 772x436 Format 10 NumSamples 1 (Frame:1).
[2020.06.14-14.12.45:347][  0]LogSlate: Took 0.000304 seconds to synchronously load lazily loaded font '../../../Engine/Content/Slate/Fonts/Roboto-Light.ttf' (167K)
[2020.06.14-14.12.45:413][  0]LogContentBrowser: Native class hierarchy updated for 'HierarchicalLODOutliner' in 0.0002 seconds. Added 0 classes and 0 folders.
[2020.06.14-14.12.45:413][  0]LogLoad: (Engine Initialization) Total time: 8.24 seconds
[2020.06.14-14.12.45:413][  0]LogLoad: (Engine Initialization) Total Blueprint compile time: 0.00 seconds
[2020.06.14-14.12.45:460][  0]LogContentStreaming: Texture pool size now 1000 MB
[2020.06.14-14.12.45:514][  1]LogAssetRegistry: Asset discovery search completed in 4.6736 seconds
[2020.06.14-14.12.45:515][  1]LogCollectionManager: Rebuilt the object cache for 0 collections in 0.000000 seconds (found 0 objects)
[2020.06.14-14.12.45:515][  1]LogCollectionManager: Fixed up redirectors for 0 collections in 0.000067 seconds (updated 0 objects)
[2020.06.14-14.12.46:836][  5]LogSlate: Took 0.000473 seconds to synchronously load lazily loaded font '../../../Engine/Content/Slate/Fonts/Roboto-Light.ttf' (167K)
[2020.06.14-14.12.56:206][128]LogSlate: FSceneViewport::OnFocusLost() reason 0
[2020.06.14-14.12.56:256][131]LogTemp: Repeating last play command: Selected Viewport
[2020.06.14-14.12.56:268][131]LogPlayLevel: PlayLevel: No blueprints needed recompiling
[2020.06.14-14.12.56:281][131]PIE: New page: PIE session: MainLevel (14 cze 2020, 18:12:56)
[2020.06.14-14.12.56:281][131]LogPlayLevel: Creating play world package: /Game/Levels/UEDPIE_0_MainLevel
[2020.06.14-14.12.56:290][131]LogPlayLevel: PIE: StaticDuplicateObject took: (0.009017s)
[2020.06.14-14.12.56:290][131]LogAIModule: Creating AISystem for world MainLevel
[2020.06.14-14.12.56:290][131]LogPlayLevel: PIE: World Init took: (0.000576s)
[2020.06.14-14.12.56:290][131]LogPlayLevel: PIE: Created PIE world by copying editor world from /Game/Levels/MainLevel.MainLevel to /Game/Levels/UEDPIE_0_MainLevel.MainLevel (0.009729s)
[2020.06.14-14.12.56:313][131]LogInit: XAudio2 using 'Głośniki (Realtek High Definition Audio)' : 2 channels at 48 kHz using 32 bits per sample (channel mask 0x3)
[2020.06.14-14.12.56:442][131]LogInit: FAudioDevice initialized.
[2020.06.14-14.12.56:494][131]LogLoad: Game class is 'BP_GameMode_C'
[2020.06.14-14.12.56:501][131]LogWorld: Bringing World /Game/Levels/UEDPIE_0_MainLevel.MainLevel up for play (max tick rate 60) at 2020.06.14-16.12.56
[2020.06.14-14.12.56:502][131]LogWorld: Bringing up level for play took: 0.005328
[2020.06.14-14.12.56:522][131]LogContentBrowser: Native class hierarchy updated for 'MovieSceneCapture' in 0.0006 seconds. Added 10 classes and 0 folders.
[2020.06.14-14.12.56:524][131]PIE: Play in editor start time for /Game/Levels/UEDPIE_0_MainLevel -0,264
